<?xml version="1.0" encoding="UTF-8"?>
<coverage generated="1781918281095" clover="3.2.0">
  <project timestamp="1781918281095" name="All files">
    <metrics statements="737" coveredstatements="633" conditionals="470" coveredconditionals="326" methods="208" coveredmethods="165" elements="1415" coveredelements="1124" complexity="0" loc="737" ncloc="737" packages="10" files="23" classes="23"/>
    <package name="app">
      <metrics statements="6" coveredstatements="6" conditionals="6" coveredconditionals="6" methods="1" coveredmethods="1"/>
      <file name="index.tsx" path="/home/pcp/Documentos/proyectos/ims_reactnative/app/index.tsx">
        <metrics statements="6" coveredstatements="6" conditionals="6" coveredconditionals="6" methods="1" coveredmethods="1"/>
        <line num="6" count="4" type="stmt"/>
        <line num="8" count="4" type="cond" truecount="2" falsecount="0"/>
        <line num="9" count="1" type="stmt"/>
        <line num="16" count="3" type="cond" truecount="2" falsecount="0"/>
        <line num="18" count="2" type="cond" truecount="2" falsecount="0"/>
        <line num="20" count="1" type="stmt"/>
      </file>
    </package>
    <package name="app.(admin)">
      <metrics statements="9" coveredstatements="5" conditionals="4" coveredconditionals="4" methods="5" coveredmethods="1"/>
      <file name="_layout.tsx" path="/home/pcp/Documentos/proyectos/ims_reactnative/app/(admin)/_layout.tsx">
        <metrics statements="9" coveredstatements="5" conditionals="4" coveredconditionals="4" methods="5" coveredmethods="1"/>
        <line num="8" count="3" type="stmt"/>
        <line num="9" count="3" type="stmt"/>
        <line num="11" count="3" type="cond" truecount="4" falsecount="0"/>
        <line num="13" count="1" type="stmt"/>
        <line num="29" count="1" type="stmt"/>
        <line num="37" count="0" type="stmt"/>
        <line num="46" count="0" type="stmt"/>
        <line num="55" count="0" type="stmt"/>
        <line num="75" count="0" type="stmt"/>
      </file>
    </package>
    <package name="app.(user)">
      <metrics statements="10" coveredstatements="7" conditionals="8" coveredconditionals="8" methods="4" coveredmethods="1"/>
      <file name="_layout.tsx" path="/home/pcp/Documentos/proyectos/ims_reactnative/app/(user)/_layout.tsx">
        <metrics statements="10" coveredstatements="7" conditionals="8" coveredconditionals="8" methods="4" coveredmethods="1"/>
        <line num="10" count="1" type="stmt"/>
        <line num="11" count="5" type="stmt"/>
        <line num="12" count="5" type="stmt"/>
        <line num="14" count="5" type="cond" truecount="6" falsecount="0"/>
        <line num="15" count="2" type="stmt"/>
        <line num="17" count="3" type="stmt"/>
        <line num="32" count="3" type="stmt"/>
        <line num="43" count="0" type="stmt"/>
        <line num="52" count="0" type="stmt"/>
        <line num="62" count="0" type="stmt"/>
      </file>
    </package>
    <package name="components">
      <metrics statements="24" coveredstatements="24" conditionals="12" coveredconditionals="10" methods="4" coveredmethods="4"/>
      <file name="LoginForm.tsx" path="/home/pcp/Documentos/proyectos/ims_reactnative/components/LoginForm.tsx">
        <metrics statements="24" coveredstatements="24" conditionals="12" coveredconditionals="10" methods="4" coveredmethods="4"/>
        <line num="6" count="11" type="stmt"/>
        <line num="7" count="11" type="stmt"/>
        <line num="8" count="11" type="stmt"/>
        <line num="9" count="11" type="stmt"/>
        <line num="10" count="11" type="stmt"/>
        <line num="11" count="11" type="stmt"/>
        <line num="14" count="3" type="cond" truecount="4" falsecount="0"/>
        <line num="15" count="1" type="stmt"/>
        <line num="16" count="1" type="stmt"/>
        <line num="18" count="2" type="stmt"/>
        <line num="19" count="2" type="stmt"/>
        <line num="21" count="2" type="stmt"/>
        <line num="22" count="2" type="stmt"/>
        <line num="23" count="2" type="stmt"/>
        <line num="24" count="2" type="cond" truecount="2" falsecount="0"/>
        <line num="25" count="1" type="stmt"/>
        <line num="26" count="1" type="stmt"/>
        <line num="29" count="1" type="stmt"/>
        <line num="30" count="1" type="stmt"/>
        <line num="32" count="2" type="stmt"/>
        <line num="35" count="11" type="stmt"/>
        <line num="51" count="2" type="stmt"/>
        <line num="64" count="1" type="stmt"/>
        <line num="79" count="1" type="stmt"/>
      </file>
    </package>
    <package name="components.user">
      <metrics statements="101" coveredstatements="92" conditionals="121" coveredconditionals="85" methods="57" coveredmethods="48"/>
      <file name="ControlVitales.tsx" path="/home/pcp/Documentos/proyectos/ims_reactnative/components/user/ControlVitales.tsx">
        <metrics statements="40" coveredstatements="32" conditionals="48" coveredconditionals="32" methods="28" coveredmethods="20"/>
        <line num="27" count="8" type="cond" truecount="1" falsecount="1"/>
        <line num="28" count="8" type="cond" truecount="1" falsecount="1"/>
        <line num="29" count="8" type="cond" truecount="1" falsecount="1"/>
        <line num="30" count="8" type="stmt"/>
        <line num="31" count="8" type="stmt"/>
        <line num="33" count="8" type="stmt"/>
        <line num="34" count="5" type="stmt"/>
        <line num="37" count="8" type="stmt"/>
        <line num="49" count="8" type="stmt"/>
        <line num="52" count="1" type="stmt"/>
        <line num="69" count="8" type="stmt"/>
        <line num="72" count="1" type="stmt"/>
        <line num="93" count="8" type="stmt"/>
        <line num="96" count="0" type="stmt"/>
        <line num="110" count="8" type="stmt"/>
        <line num="113" count="0" type="stmt"/>
        <line num="127" count="8" type="stmt"/>
        <line num="130" count="0" type="stmt"/>
        <line num="143" count="8" type="stmt"/>
        <line num="146" count="0" type="stmt"/>
        <line num="160" count="8" type="stmt"/>
        <line num="163" count="0" type="stmt"/>
        <line num="176" count="8" type="stmt"/>
        <line num="179" count="0" type="stmt"/>
        <line num="193" count="8" type="stmt"/>
        <line num="196" count="0" type="stmt"/>
        <line num="213" count="8" type="stmt"/>
        <line num="216" count="0" type="stmt"/>
        <line num="231" count="14" type="stmt"/>
        <line num="232" count="14" type="stmt"/>
        <line num="237" count="14" type="stmt"/>
        <line num="238" count="4" type="stmt"/>
        <line num="239" count="4" type="stmt"/>
        <line num="240" count="4" type="stmt"/>
        <line num="241" count="4" type="stmt"/>
        <line num="255" count="4" type="stmt"/>
        <line num="258" count="14" type="stmt"/>
        <line num="279" count="1" type="stmt"/>
        <line num="290" count="1" type="stmt"/>
        <line num="307" count="1" type="stmt"/>
      </file>
      <file name="FormPaciente.tsx" path="/home/pcp/Documentos/proyectos/ims_reactnative/components/user/FormPaciente.tsx">
        <metrics statements="26" coveredstatements="26" conditionals="41" coveredconditionals="31" methods="13" coveredmethods="13"/>
        <line num="14" count="1" type="stmt"/>
        <line num="23" count="64" type="stmt"/>
        <line num="30" count="1" type="stmt"/>
        <line num="31" count="8" type="stmt"/>
        <line num="32" count="8" type="cond" truecount="2" falsecount="0"/>
        <line num="33" count="8" type="stmt"/>
        <line num="36" count="8" type="stmt"/>
        <line num="37" count="4" type="cond" truecount="1" falsecount="1"/>
        <line num="42" count="8" type="stmt"/>
        <line num="43" count="4" type="cond" truecount="2" falsecount="0"/>
        <line num="44" count="1" type="stmt"/>
        <line num="45" count="1" type="cond" truecount="1" falsecount="1"/>
        <line num="46" count="1" type="cond" truecount="1" falsecount="1"/>
        <line num="47" count="1" type="stmt"/>
        <line num="48" count="1" type="cond" truecount="1" falsecount="1"/>
        <line num="51" count="8" type="stmt"/>
        <line num="67" count="8" type="stmt"/>
        <line num="85" count="8" type="stmt"/>
        <line num="108" count="9" type="stmt"/>
        <line num="111" count="1" type="stmt"/>
        <line num="129" count="8" type="stmt"/>
        <line num="148" count="8" type="stmt"/>
        <line num="166" count="8" type="stmt"/>
        <line num="192" count="8" type="stmt"/>
        <line num="213" count="8" type="stmt"/>
        <line num="228" count="1" type="stmt"/>
      </file>
      <file name="InsumosForm.tsx" path="/home/pcp/Documentos/proyectos/ims_reactnative/components/user/InsumosForm.tsx">
        <metrics statements="35" coveredstatements="34" conditionals="32" coveredconditionals="22" methods="16" coveredmethods="15"/>
        <line num="21" count="1" type="stmt"/>
        <line num="22" count="8" type="stmt"/>
        <line num="24" count="8" type="stmt"/>
        <line num="25" count="4" type="stmt"/>
        <line num="28" count="8" type="stmt"/>
        <line num="29" count="2" type="stmt"/>
        <line num="30" count="2" type="stmt"/>
        <line num="31" count="2" type="cond" truecount="2" falsecount="0"/>
        <line num="34" count="8" type="stmt"/>
        <line num="35" count="1" type="cond" truecount="2" falsecount="2"/>
        <line num="36" count="1" type="stmt"/>
        <line num="37" count="1" type="stmt"/>
        <line num="41" count="8" type="stmt"/>
        <line num="55" count="1" type="stmt"/>
        <line num="56" count="19" type="stmt"/>
        <line num="57" count="19" type="stmt"/>
        <line num="58" count="19" type="stmt"/>
        <line num="59" count="19" type="stmt"/>
        <line num="62" count="19" type="cond" truecount="1" falsecount="1"/>
        <line num="63" count="57" type="stmt"/>
        <line num="65" count="19" type="cond" truecount="2" falsecount="0"/>
        <line num="66" count="12" type="stmt"/>
        <line num="69" count="19" type="stmt"/>
        <line num="70" count="4" type="cond" truecount="2" falsecount="0"/>
        <line num="71" count="3" type="stmt"/>
        <line num="76" count="3" type="stmt"/>
        <line num="79" count="19" type="stmt"/>
        <line num="102" count="5" type="stmt"/>
        <line num="105" count="4" type="stmt"/>
        <line num="128" count="4" type="stmt"/>
        <line num="129" count="4" type="stmt"/>
        <line num="146" count="5" type="stmt"/>
        <line num="153" count="0" type="stmt"/>
        <line num="161" count="4" type="stmt"/>
        <line num="180" count="1" type="stmt"/>
      </file>
    </package>
    <package name="context">
      <metrics statements="505" coveredstatements="417" conditionals="259" coveredconditionals="157" methods="125" coveredmethods="98"/>
      <file name="AmbulanciaContext.tsx" path="/home/pcp/Documentos/proyectos/ims_reactnative/context/AmbulanciaContext.tsx">
        <metrics statements="33" coveredstatements="29" conditionals="12" coveredconditionals="6" methods="7" coveredmethods="6"/>
        <line num="21" count="1" type="stmt"/>
        <line num="23" count="1" type="stmt"/>
        <line num="24" count="9" type="stmt"/>
        <line num="25" count="9" type="stmt"/>
        <line num="26" count="9" type="stmt"/>
        <line num="27" count="9" type="stmt"/>
        <line num="29" count="9" type="stmt"/>
        <line num="30" count="3" type="cond" truecount="1" falsecount="1"/>
        <line num="33" count="9" type="stmt"/>
        <line num="34" count="3" type="stmt"/>
        <line num="35" count="3" type="stmt"/>
        <line num="36" count="3" type="stmt"/>
        <line num="37" count="3" type="stmt"/>
        <line num="39" count="2" type="cond" truecount="2" falsecount="0"/>
        <line num="40" count="1" type="stmt"/>
        <line num="41" count="1" type="stmt"/>
        <line num="42" count="1" type="stmt"/>
        <line num="49" count="2" type="stmt"/>
        <line num="50" count="2" type="cond" truecount="1" falsecount="1"/>
        <line num="51" count="2" type="stmt"/>
        <line num="53" count="3" type="stmt"/>
        <line num="57" count="9" type="stmt"/>
        <line num="59" count="0" type="stmt"/>
        <line num="64" count="0" type="stmt"/>
        <line num="67" count="0" type="cond" truecount="0" falsecount="2"/>
        <line num="68" count="0" type="stmt"/>
        <line num="73" count="9" type="stmt"/>
        <line num="74" count="9" type="stmt"/>
        <line num="78" count="9" type="stmt"/>
        <line num="81" count="1" type="stmt"/>
        <line num="82" count="11" type="stmt"/>
        <line num="83" count="11" type="cond" truecount="2" falsecount="0"/>
        <line num="84" count="9" type="stmt"/>
      </file>
      <file name="AtencionContext.tsx" path="/home/pcp/Documentos/proyectos/ims_reactnative/context/AtencionContext.tsx">
        <metrics statements="75" coveredstatements="73" conditionals="30" coveredconditionals="23" methods="16" coveredmethods="13"/>
        <line num="25" count="1" type="stmt"/>
        <line num="27" count="1" type="stmt"/>
        <line num="28" count="12" type="stmt"/>
        <line num="29" count="12" type="stmt"/>
        <line num="30" count="12" type="stmt"/>
        <line num="31" count="12" type="stmt"/>
        <line num="33" count="12" type="stmt"/>
        <line num="34" count="3" type="cond" truecount="1" falsecount="1"/>
        <line num="35" count="0" type="stmt"/>
        <line num="36" count="0" type="stmt"/>
        <line num="38" count="3" type="stmt"/>
        <line num="39" count="3" type="stmt"/>
        <line num="40" count="3" type="stmt"/>
        <line num="41" count="3" type="stmt"/>
        <line num="42" count="24" type="stmt"/>
        <line num="43" count="24" type="stmt"/>
        <line num="46" count="3" type="stmt"/>
        <line num="47" count="3" type="stmt"/>
        <line num="48" count="3" type="stmt"/>
        <line num="49" count="3" type="stmt"/>
        <line num="52" count="3" type="stmt"/>
        <line num="59" count="3" type="stmt"/>
        <line num="86" count="3" type="stmt"/>
        <line num="94" count="3" type="stmt"/>
        <line num="98" count="3" type="cond" truecount="2" falsecount="0"/>
        <line num="99" count="2" type="stmt"/>
        <line num="100" count="2" type="stmt"/>
        <line num="101" count="2" type="cond" truecount="2" falsecount="0"/>
        <line num="102" count="1" type="stmt"/>
        <line num="106" count="1" type="stmt"/>
        <line num="108" count="1" type="stmt"/>
        <line num="109" count="1" type="stmt"/>
        <line num="111" count="1" type="stmt"/>
        <line num="112" count="1" type="stmt"/>
        <line num="114" count="2" type="cond" truecount="1" falsecount="1"/>
        <line num="115" count="2" type="stmt"/>
        <line num="117" count="3" type="stmt"/>
        <line num="121" count="12" type="stmt"/>
        <line num="122" count="3" type="stmt"/>
        <line num="123" count="3" type="stmt"/>
        <line num="124" count="3" type="stmt"/>
        <line num="125" count="3" type="stmt"/>
        <line num="126" count="3" type="cond" truecount="2" falsecount="0"/>
        <line num="127" count="2" type="stmt"/>
        <line num="128" count="3" type="stmt"/>
        <line num="136" count="2" type="stmt"/>
        <line num="138" count="1" type="cond" truecount="1" falsecount="1"/>
        <line num="140" count="3" type="stmt"/>
        <line num="144" count="12" type="stmt"/>
        <line num="146" count="2" type="stmt"/>
        <line num="147" count="2" type="stmt"/>
        <line num="148" count="2" type="cond" truecount="1" falsecount="1"/>
        <line num="149" count="2" type="stmt"/>
        <line num="150" count="2" type="stmt"/>
        <line num="152" count="2" type="stmt"/>
        <line num="153" count="2" type="cond" truecount="2" falsecount="0"/>
        <line num="154" count="1" type="stmt"/>
        <line num="155" count="1" type="stmt"/>
        <line num="157" count="1" type="stmt"/>
        <line num="158" count="1" type="stmt"/>
        <line num="160" count="1" type="stmt"/>
        <line num="161" count="1" type="cond" truecount="3" falsecount="1"/>
        <line num="162" count="1" type="stmt"/>
        <line num="163" count="1" type="stmt"/>
        <line num="166" count="1" type="stmt"/>
        <line num="168" count="1" type="stmt"/>
        <line num="169" count="1" type="cond" truecount="1" falsecount="1"/>
        <line num="170" count="1" type="stmt"/>
        <line num="176" count="12" type="stmt"/>
        <line num="177" count="12" type="stmt"/>
        <line num="197" count="12" type="stmt"/>
        <line num="200" count="1" type="stmt"/>
        <line num="201" count="14" type="stmt"/>
        <line num="202" count="14" type="cond" truecount="2" falsecount="0"/>
        <line num="203" count="12" type="stmt"/>
      </file>
      <file name="AuthContext.tsx" path="/home/pcp/Documentos/proyectos/ims_reactnative/context/AuthContext.tsx">
        <metrics statements="103" coveredstatements="88" conditionals="53" coveredconditionals="27" methods="16" coveredmethods="10"/>
        <line num="33" count="1" type="stmt"/>
        <line num="35" count="1" type="stmt"/>
        <line num="36" count="5" type="stmt"/>
        <line num="40" count="5" type="stmt"/>
        <line num="41" count="5" type="cond" truecount="1" falsecount="1"/>
        <line num="42" count="5" type="stmt"/>
        <line num="43" count="5" type="cond" truecount="2" falsecount="0"/>
        <line num="47" count="20" type="stmt"/>
        <line num="48" count="20" type="stmt"/>
        <line num="49" count="20" type="stmt"/>
        <line num="54" count="20" type="stmt"/>
        <line num="55" count="9" type="stmt"/>
        <line num="57" count="9" type="stmt"/>
        <line num="58" count="9" type="stmt"/>
        <line num="59" count="9" type="stmt"/>
        <line num="60" count="9" type="stmt"/>
        <line num="62" count="9" type="cond" truecount="4" falsecount="0"/>
        <line num="63" count="8" type="stmt"/>
        <line num="64" count="8" type="stmt"/>
        <line num="67" count="1" type="stmt"/>
        <line num="69" count="1" type="cond" truecount="1" falsecount="1"/>
        <line num="70" count="1" type="stmt"/>
        <line num="79" count="1" type="stmt"/>
        <line num="81" count="0" type="stmt"/>
        <line num="83" count="9" type="stmt"/>
        <line num="87" count="9" type="stmt"/>
        <line num="89" count="9" type="stmt"/>
        <line num="90" count="9" type="stmt"/>
        <line num="91" count="0" type="cond" truecount="0" falsecount="2"/>
        <line num="93" count="0" type="stmt"/>
        <line num="98" count="0" type="cond" truecount="0" falsecount="2"/>
        <line num="100" count="0" type="stmt"/>
        <line num="102" count="0" type="cond" truecount="0" falsecount="2"/>
        <line num="103" count="0" type="stmt"/>
        <line num="112" count="0" type="cond" truecount="0" falsecount="4"/>
        <line num="113" count="0" type="stmt"/>
        <line num="123" count="9" type="stmt"/>
        <line num="124" count="9" type="stmt"/>
        <line num="125" count="9" type="stmt"/>
        <line num="126" count="9" type="stmt"/>
        <line num="131" count="3" type="stmt"/>
        <line num="132" count="3" type="stmt"/>
        <line num="134" count="3" type="stmt"/>
        <line num="145" count="2" type="cond" truecount="2" falsecount="0"/>
        <line num="146" count="1" type="stmt"/>
        <line num="147" count="1" type="stmt"/>
        <line num="148" count="1" type="stmt"/>
        <line num="151" count="1" type="stmt"/>
        <line num="152" count="1" type="cond" truecount="1" falsecount="1"/>
        <line num="154" count="1" type="stmt"/>
        <line num="156" count="1" type="stmt"/>
        <line num="157" count="1" type="stmt"/>
        <line num="162" count="3" type="cond" truecount="2" falsecount="0"/>
        <line num="164" count="2" type="stmt"/>
        <line num="165" count="2" type="stmt"/>
        <line num="168" count="2" type="stmt"/>
        <line num="179" count="2" type="cond" truecount="2" falsecount="0"/>
        <line num="180" count="1" type="stmt"/>
        <line num="181" count="1" type="stmt"/>
        <line num="182" count="1" type="stmt"/>
        <line num="185" count="1" type="stmt"/>
        <line num="187" count="1" type="stmt"/>
        <line num="188" count="1" type="cond" truecount="1" falsecount="1"/>
        <line num="190" count="1" type="stmt"/>
        <line num="192" count="1" type="cond" truecount="1" falsecount="1"/>
        <line num="193" count="0" type="stmt"/>
        <line num="194" count="0" type="stmt"/>
        <line num="197" count="1" type="stmt"/>
        <line num="198" count="1" type="stmt"/>
        <line num="200" count="1" type="stmt"/>
        <line num="201" count="1" type="cond" truecount="1" falsecount="1"/>
        <line num="203" count="1" type="stmt"/>
        <line num="204" count="1" type="stmt"/>
        <line num="205" count="1" type="stmt"/>
        <line num="206" count="1" type="stmt"/>
        <line num="208" count="1" type="stmt"/>
        <line num="209" count="1" type="stmt"/>
        <line num="210" count="1" type="cond" truecount="1" falsecount="1"/>
        <line num="211" count="1" type="stmt"/>
        <line num="212" count="1" type="stmt"/>
        <line num="213" count="1" type="cond" truecount="1" falsecount="1"/>
        <line num="214" count="1" type="cond" truecount="1" falsecount="1"/>
        <line num="215" count="1" type="cond" truecount="1" falsecount="1"/>
        <line num="216" count="1" type="cond" truecount="1" falsecount="1"/>
        <line num="220" count="0" type="stmt"/>
        <line num="223" count="1" type="stmt"/>
        <line num="229" count="1" type="cond" truecount="1" falsecount="1"/>
        <line num="230" count="1" type="cond" truecount="1" falsecount="2"/>
        <line num="232" count="1" type="stmt"/>
        <line num="240" count="1" type="stmt"/>
        <line num="241" count="1" type="stmt"/>
        <line num="242" count="1" type="stmt"/>
        <line num="243" count="1" type="stmt"/>
        <line num="245" count="0" type="stmt"/>
        <line num="246" count="0" type="stmt"/>
        <line num="251" count="1" type="stmt"/>
        <line num="252" count="1" type="stmt"/>
        <line num="253" count="1" type="stmt"/>
        <line num="255" count="0" type="stmt"/>
        <line num="259" count="20" type="stmt"/>
        <line num="277" count="20" type="stmt"/>
        <line num="278" count="20" type="cond" truecount="1" falsecount="1"/>
        <line num="279" count="20" type="stmt"/>
      </file>
      <file name="DespachosContext.tsx" path="/home/pcp/Documentos/proyectos/ims_reactnative/context/DespachosContext.tsx">
        <metrics statements="119" coveredstatements="61" conditionals="86" coveredconditionals="36" methods="29" coveredmethods="18"/>
        <line num="18" count="1" type="stmt"/>
        <line num="28" count="0" type="cond" truecount="0" falsecount="2"/>
        <line num="38" count="24" type="stmt"/>
        <line num="76" count="1" type="stmt"/>
        <line num="78" count="1" type="stmt"/>
        <line num="79" count="47" type="stmt"/>
        <line num="80" count="47" type="cond" truecount="2" falsecount="0"/>
        <line num="81" count="45" type="stmt"/>
        <line num="84" count="1" type="stmt"/>
        <line num="85" count="47" type="stmt"/>
        <line num="86" count="47" type="stmt"/>
        <line num="87" count="47" type="stmt"/>
        <line num="88" count="47" type="stmt"/>
        <line num="89" count="47" type="stmt"/>
        <line num="90" count="47" type="stmt"/>
        <line num="91" count="47" type="stmt"/>
        <line num="92" count="47" type="stmt"/>
        <line num="93" count="47" type="stmt"/>
        <line num="94" count="47" type="stmt"/>
        <line num="95" count="47" type="stmt"/>
        <line num="97" count="47" type="stmt"/>
        <line num="98" count="12" type="cond" truecount="1" falsecount="1"/>
        <line num="103" count="47" type="stmt"/>
        <line num="104" count="13" type="cond" truecount="2" falsecount="0"/>
        <line num="105" count="12" type="stmt"/>
        <line num="106" count="12" type="stmt"/>
        <line num="108" count="1" type="cond" truecount="3" falsecount="1"/>
        <line num="111" count="47" type="stmt"/>
        <line num="112" count="13" type="cond" truecount="1" falsecount="1"/>
        <line num="113" count="0" type="stmt"/>
        <line num="114" count="0" type="cond" truecount="0" falsecount="2"/>
        <line num="115" count="0" type="stmt"/>
        <line num="117" count="13" type="stmt"/>
        <line num="118" count="13" type="stmt"/>
        <line num="119" count="13" type="stmt"/>
        <line num="120" count="13" type="stmt"/>
        <line num="121" count="13" type="cond" truecount="1" falsecount="1"/>
        <line num="123" count="13" type="stmt"/>
        <line num="124" count="13" type="cond" truecount="1" falsecount="1"/>
        <line num="126" count="0" type="stmt"/>
        <line num="127" count="0" type="stmt"/>
        <line num="128" count="0" type="stmt"/>
        <line num="130" count="13" type="cond" truecount="2" falsecount="0"/>
        <line num="131" count="12" type="stmt"/>
        <line num="133" count="12" type="cond" truecount="1" falsecount="1"/>
        <line num="134" count="0" type="stmt"/>
        <line num="135" count="0" type="stmt"/>
        <line num="137" count="12" type="stmt"/>
        <line num="138" count="12" type="stmt"/>
        <line num="141" count="1" type="stmt"/>
        <line num="142" count="1" type="cond" truecount="1" falsecount="1"/>
        <line num="143" count="1" type="stmt"/>
        <line num="144" count="1" type="stmt"/>
        <line num="146" count="13" type="stmt"/>
        <line num="150" count="47" type="stmt"/>
        <line num="151" count="0" type="cond" truecount="0" falsecount="4"/>
        <line num="152" count="0" type="stmt"/>
        <line num="153" count="0" type="stmt"/>
        <line num="156" count="0" type="stmt"/>
        <line num="157" count="0" type="stmt"/>
        <line num="158" count="0" type="cond" truecount="0" falsecount="2"/>
        <line num="159" count="0" type="stmt"/>
        <line num="160" count="0" type="stmt"/>
        <line num="161" count="0" type="stmt"/>
        <line num="163" count="0" type="stmt"/>
        <line num="165" count="0" type="stmt"/>
        <line num="169" count="47" type="stmt"/>
        <line num="171" count="0" type="stmt"/>
        <line num="172" count="0" type="stmt"/>
        <line num="173" count="0" type="stmt"/>
        <line num="174" count="0" type="stmt"/>
        <line num="176" count="0" type="stmt"/>
        <line num="177" count="0" type="stmt"/>
        <line num="178" count="0" type="stmt"/>
        <line num="179" count="0" type="stmt"/>
        <line num="183" count="0" type="cond" truecount="0" falsecount="2"/>
        <line num="184" count="0" type="stmt"/>
        <line num="200" count="0" type="stmt"/>
        <line num="201" count="0" type="stmt"/>
        <line num="205" count="0" type="cond" truecount="0" falsecount="2"/>
        <line num="206" count="0" type="stmt"/>
        <line num="207" count="0" type="stmt"/>
        <line num="208" count="0" type="stmt"/>
        <line num="210" count="0" type="stmt"/>
        <line num="212" count="0" type="stmt"/>
        <line num="214" count="0" type="stmt"/>
        <line num="223" count="0" type="cond" truecount="0" falsecount="2"/>
        <line num="224" count="0" type="stmt"/>
        <line num="225" count="0" type="stmt"/>
        <line num="226" count="0" type="stmt"/>
        <line num="228" count="0" type="stmt"/>
        <line num="229" count="0" type="stmt"/>
        <line num="232" count="0" type="stmt"/>
        <line num="241" count="0" type="cond" truecount="0" falsecount="2"/>
        <line num="242" count="0" type="stmt"/>
        <line num="243" count="0" type="stmt"/>
        <line num="244" count="0" type="stmt"/>
        <line num="246" count="0" type="stmt"/>
        <line num="248" count="0" type="stmt"/>
        <line num="249" count="0" type="stmt"/>
        <line num="251" count="0" type="stmt"/>
        <line num="254" count="0" type="stmt"/>
        <line num="255" count="0" type="cond" truecount="0" falsecount="2"/>
        <line num="256" count="0" type="stmt"/>
        <line num="258" count="0" type="stmt"/>
        <line num="264" count="47" type="stmt"/>
        <line num="265" count="2" type="cond" truecount="2" falsecount="0"/>
        <line num="268" count="47" type="stmt"/>
        <line num="270" count="4" type="cond" truecount="2" falsecount="0"/>
        <line num="275" count="47" type="cond" truecount="2" falsecount="0"/>
        <line num="277" count="47" type="stmt"/>
        <line num="279" count="4" type="cond" truecount="2" falsecount="0"/>
        <line num="283" count="47" type="stmt"/>
        <line num="285" count="2" type="stmt"/>
        <line num="286" count="3" type="cond" truecount="4" falsecount="0"/>
        <line num="292" count="47" type="stmt"/>
        <line num="294" count="47" type="stmt"/>
        <line num="295" count="43" type="stmt"/>
        <line num="331" count="47" type="stmt"/>
      </file>
      <file name="GrupoContext.tsx" path="/home/pcp/Documentos/proyectos/ims_reactnative/context/GrupoContext.tsx">
        <metrics statements="37" coveredstatements="37" conditionals="18" coveredconditionals="16" methods="10" coveredmethods="7"/>
        <line num="14" count="1" type="stmt"/>
        <line num="16" count="1" type="stmt"/>
        <line num="17" count="25" type="stmt"/>
        <line num="18" count="25" type="stmt"/>
        <line num="20" count="25" type="stmt"/>
        <line num="21" count="9" type="stmt"/>
        <line num="22" count="9" type="stmt"/>
        <line num="23" count="9" type="stmt"/>
        <line num="24" count="9" type="cond" truecount="2" falsecount="0"/>
        <line num="25" count="8" type="stmt"/>
        <line num="26" count="8" type="stmt"/>
        <line num="28" count="1" type="cond" truecount="1" falsecount="1"/>
        <line num="30" count="9" type="stmt"/>
        <line num="34" count="25" type="stmt"/>
        <line num="35" count="2" type="stmt"/>
        <line num="39" count="2" type="cond" truecount="2" falsecount="0"/>
        <line num="40" count="1" type="stmt"/>
        <line num="41" count="1" type="cond" truecount="1" falsecount="1"/>
        <line num="43" count="1" type="stmt"/>
        <line num="46" count="25" type="stmt"/>
        <line num="47" count="2" type="stmt"/>
        <line num="51" count="2" type="cond" truecount="2" falsecount="0"/>
        <line num="52" count="1" type="stmt"/>
        <line num="53" count="1" type="cond" truecount="2" falsecount="0"/>
        <line num="54" count="1" type="stmt"/>
        <line num="55" count="1" type="stmt"/>
        <line num="59" count="25" type="stmt"/>
        <line num="60" count="2" type="stmt"/>
        <line num="64" count="2" type="cond" truecount="2" falsecount="0"/>
        <line num="65" count="1" type="stmt"/>
        <line num="66" count="1" type="cond" truecount="2" falsecount="0"/>
        <line num="70" count="25" type="stmt"/>
        <line num="71" count="8" type="stmt"/>
        <line num="74" count="25" type="stmt"/>
        <line num="86" count="26" type="stmt"/>
        <line num="87" count="26" type="cond" truecount="2" falsecount="0"/>
        <line num="88" count="24" type="stmt"/>
      </file>
      <file name="InventoryContext.tsx" path="/home/pcp/Documentos/proyectos/ims_reactnative/context/InventoryContext.tsx">
        <metrics statements="61" coveredstatements="52" conditionals="30" coveredconditionals="21" methods="16" coveredmethods="14"/>
        <line num="33" count="1" type="stmt"/>
        <line num="35" count="1" type="stmt"/>
        <line num="36" count="42" type="stmt"/>
        <line num="37" count="42" type="stmt"/>
        <line num="38" count="42" type="stmt"/>
        <line num="39" count="42" type="stmt"/>
        <line num="40" count="42" type="stmt"/>
        <line num="42" count="42" type="stmt"/>
        <line num="43" count="14" type="cond" truecount="3" falsecount="1"/>
        <line num="46" count="42" type="stmt"/>
        <line num="47" count="14" type="stmt"/>
        <line num="48" count="14" type="stmt"/>
        <line num="49" count="14" type="stmt"/>
        <line num="51" count="14" type="cond" truecount="1" falsecount="1"/>
        <line num="52" count="0" type="stmt"/>
        <line num="53" count="0" type="stmt"/>
        <line num="57" count="14" type="cond" truecount="1" falsecount="1"/>
        <line num="58" count="0" type="stmt"/>
        <line num="59" count="0" type="cond" truecount="0" falsecount="2"/>
        <line num="60" count="0" type="stmt"/>
        <line num="62" count="0" type="stmt"/>
        <line num="64" count="0" type="cond" truecount="0" falsecount="2"/>
        <line num="65" count="0" type="stmt"/>
        <line num="78" count="0" type="stmt"/>
        <line num="81" count="14" type="stmt"/>
        <line num="85" count="14" type="cond" truecount="2" falsecount="0"/>
        <line num="86" count="13" type="cond" truecount="1" falsecount="1"/>
        <line num="88" count="13" type="stmt"/>
        <line num="89" count="13" type="stmt"/>
        <line num="91" count="13" type="stmt"/>
        <line num="92" count="26" type="stmt"/>
        <line num="95" count="13" type="stmt"/>
        <line num="97" count="26" type="stmt"/>
        <line num="110" count="1" type="stmt"/>
        <line num="111" count="1" type="cond" truecount="1" falsecount="1"/>
        <line num="112" count="1" type="stmt"/>
        <line num="114" count="14" type="stmt"/>
        <line num="118" count="42" type="stmt"/>
        <line num="120" count="42" type="stmt"/>
        <line num="122" count="4" type="stmt"/>
        <line num="126" count="42" type="stmt"/>
        <line num="128" count="2" type="stmt"/>
        <line num="132" count="2" type="cond" truecount="2" falsecount="0"/>
        <line num="133" count="1" type="stmt"/>
        <line num="139" count="42" type="stmt"/>
        <line num="141" count="2" type="stmt"/>
        <line num="149" count="2" type="cond" truecount="2" falsecount="0"/>
        <line num="150" count="1" type="stmt"/>
        <line num="155" count="42" type="stmt"/>
        <line num="162" count="3" type="stmt"/>
        <line num="171" count="3" type="cond" truecount="2" falsecount="0"/>
        <line num="172" count="2" type="cond" truecount="2" falsecount="0"/>
        <line num="173" count="1" type="stmt"/>
        <line num="175" count="1" type="stmt"/>
        <line num="177" count="1" type="stmt"/>
        <line num="182" count="42" type="stmt"/>
        <line num="183" count="39" type="stmt"/>
        <line num="196" count="42" type="stmt"/>
        <line num="202" count="41" type="stmt"/>
        <line num="203" count="41" type="cond" truecount="2" falsecount="0"/>
        <line num="204" count="39" type="stmt"/>
      </file>
      <file name="NotificationContext.tsx" path="/home/pcp/Documentos/proyectos/ims_reactnative/context/NotificationContext.tsx">
        <metrics statements="21" coveredstatements="21" conditionals="12" coveredconditionals="12" methods="12" coveredmethods="12"/>
        <line num="28" count="1" type="stmt"/>
        <line num="31" count="11" type="stmt"/>
        <line num="32" count="11" type="stmt"/>
        <line num="33" count="11" type="stmt"/>
        <line num="35" count="11" type="stmt"/>
        <line num="36" count="2" type="stmt"/>
        <line num="40" count="11" type="stmt"/>
        <line num="41" count="2" type="stmt"/>
        <line num="42" count="1" type="stmt"/>
        <line num="45" count="11" type="stmt"/>
        <line num="46" count="5" type="stmt"/>
        <line num="49" count="6" type="cond" truecount="2" falsecount="0"/>
        <line num="50" count="6" type="stmt"/>
        <line num="60" count="6" type="stmt"/>
        <line num="61" count="6" type="stmt"/>
        <line num="62" count="6" type="cond" truecount="4" falsecount="0"/>
        <line num="65" count="5" type="stmt"/>
        <line num="68" count="11" type="stmt"/>
        <line num="78" count="13" type="stmt"/>
        <line num="79" count="13" type="cond" truecount="2" falsecount="0"/>
        <line num="80" count="11" type="stmt"/>
      </file>
      <file name="PacienteContext.tsx" path="/home/pcp/Documentos/proyectos/ims_reactnative/context/PacienteContext.tsx">
        <metrics statements="30" coveredstatements="30" conditionals="8" coveredconditionals="7" methods="9" coveredmethods="9"/>
        <line num="21" count="1" type="stmt"/>
        <line num="23" count="1" type="stmt"/>
        <line num="24" count="17" type="stmt"/>
        <line num="25" count="17" type="stmt"/>
        <line num="26" count="17" type="stmt"/>
        <line num="27" count="17" type="stmt"/>
        <line num="29" count="17" type="stmt"/>
        <line num="30" count="6" type="cond" truecount="2" falsecount="0"/>
        <line num="31" count="5" type="stmt"/>
        <line num="32" count="5" type="stmt"/>
        <line num="33" count="5" type="stmt"/>
        <line num="34" count="5" type="stmt"/>
        <line num="35" count="5" type="stmt"/>
        <line num="36" count="5" type="cond" truecount="2" falsecount="0"/>
        <line num="37" count="4" type="stmt"/>
        <line num="38" count="4" type="stmt"/>
        <line num="40" count="1" type="stmt"/>
        <line num="41" count="1" type="cond" truecount="1" falsecount="1"/>
        <line num="43" count="5" type="stmt"/>
        <line num="46" count="5" type="stmt"/>
        <line num="49" count="17" type="stmt"/>
        <line num="50" count="1" type="stmt"/>
        <line num="53" count="17" type="stmt"/>
        <line num="54" count="2" type="stmt"/>
        <line num="58" count="17" type="stmt"/>
        <line num="59" count="17" type="stmt"/>
        <line num="63" count="17" type="stmt"/>
        <line num="69" count="19" type="stmt"/>
        <line num="70" count="19" type="cond" truecount="2" falsecount="0"/>
        <line num="72" count="17" type="stmt"/>
      </file>
      <file name="PersonalContext.tsx" path="/home/pcp/Documentos/proyectos/ims_reactnative/context/PersonalContext.tsx">
        <metrics statements="26" coveredstatements="26" conditionals="10" coveredconditionals="9" methods="10" coveredmethods="9"/>
        <line num="20" count="1" type="stmt"/>
        <line num="22" count="1" type="stmt"/>
        <line num="23" count="10" type="stmt"/>
        <line num="25" count="10" type="stmt"/>
        <line num="26" count="2" type="stmt"/>
        <line num="30" count="2" type="cond" truecount="2" falsecount="0"/>
        <line num="31" count="1" type="stmt"/>
        <line num="32" count="1" type="cond" truecount="1" falsecount="1"/>
        <line num="34" count="1" type="stmt"/>
        <line num="37" count="10" type="stmt"/>
        <line num="38" count="5" type="stmt"/>
        <line num="39" count="5" type="stmt"/>
        <line num="40" count="5" type="stmt"/>
        <line num="41" count="5" type="cond" truecount="2" falsecount="0"/>
        <line num="42" count="4" type="stmt"/>
        <line num="43" count="4" type="stmt"/>
        <line num="45" count="1" type="stmt"/>
        <line num="48" count="5" type="stmt"/>
        <line num="51" count="10" type="stmt"/>
        <line num="52" count="2" type="cond" truecount="2" falsecount="0"/>
        <line num="55" count="10" type="stmt"/>
        <line num="56" count="10" type="stmt"/>
        <line num="60" count="10" type="stmt"/>
        <line num="66" count="12" type="stmt"/>
        <line num="67" count="12" type="cond" truecount="2" falsecount="0"/>
        <line num="68" count="10" type="stmt"/>
      </file>
    </package>
    <package name="data.constants">
      <metrics statements="5" coveredstatements="5" conditionals="0" coveredconditionals="0" methods="0" coveredmethods="0"/>
      <file name="ambulanciaEstados.ts" path="/home/pcp/Documentos/proyectos/ims_reactnative/data/constants/ambulanciaEstados.ts">
        <metrics statements="2" coveredstatements="2" conditionals="0" coveredconditionals="0" methods="0" coveredmethods="0"/>
        <line num="2" count="1" type="stmt"/>
        <line num="12" count="1" type="stmt"/>
      </file>
      <file name="defaultValues.ts" path="/home/pcp/Documentos/proyectos/ims_reactnative/data/constants/defaultValues.ts">
        <metrics statements="3" coveredstatements="3" conditionals="0" coveredconditionals="0" methods="0" coveredmethods="0"/>
        <line num="3" count="2" type="stmt"/>
        <line num="5" count="2" type="stmt"/>
        <line num="22" count="2" type="stmt"/>
      </file>
    </package>
    <package name="data.mock">
      <metrics statements="1" coveredstatements="1" conditionals="0" coveredconditionals="0" methods="0" coveredmethods="0"/>
      <file name="mockDespachos.ts" path="/home/pcp/Documentos/proyectos/ims_reactnative/data/mock/mockDespachos.ts">
        <metrics statements="1" coveredstatements="1" conditionals="0" coveredconditionals="0" methods="0" coveredmethods="0"/>
        <line num="28" count="1" type="stmt"/>
      </file>
    </package>
    <package name="styles">
      <metrics statements="1" coveredstatements="1" conditionals="0" coveredconditionals="0" methods="0" coveredmethods="0"/>
      <file name="globalStyles.ts" path="/home/pcp/Documentos/proyectos/ims_reactnative/styles/globalStyles.ts">
        <metrics statements="1" coveredstatements="1" conditionals="0" coveredconditionals="0" methods="0" coveredmethods="0"/>
        <line num="3" count="1" type="stmt"/>
      </file>
    </package>
    <package name="utils">
      <metrics statements="75" coveredstatements="75" conditionals="60" coveredconditionals="56" methods="12" coveredmethods="12"/>
      <file name="api.ts" path="/home/pcp/Documentos/proyectos/ims_reactnative/utils/api.ts">
        <metrics statements="19" coveredstatements="19" conditionals="13" coveredconditionals="12" methods="3" coveredmethods="3"/>
        <line num="4" count="1" type="cond" truecount="2" falsecount="0"/>
        <line num="6" count="1" type="stmt"/>
        <line num="8" count="1" type="stmt"/>
        <line num="9" count="19" type="stmt"/>
        <line num="12" count="1" type="stmt"/>
        <line num="13" count="2" type="stmt"/>
        <line num="14" count="2" type="stmt"/>
        <line num="17" count="1" type="cond" truecount="1" falsecount="0"/>
        <line num="18" count="5" type="stmt"/>
        <line num="19" count="5" type="stmt"/>
        <line num="20" count="5" type="stmt"/>
        <line num="22" count="5" type="stmt"/>
        <line num="30" count="5" type="stmt"/>
        <line num="36" count="5" type="stmt"/>
        <line num="37" count="5" type="cond" truecount="2" falsecount="0"/>
        <line num="39" count="5" type="cond" truecount="2" falsecount="0"/>
        <line num="40" count="1" type="stmt"/>
        <line num="41" count="1" type="stmt"/>
        <line num="44" count="5" type="stmt"/>
      </file>
      <file name="format.ts" path="/home/pcp/Documentos/proyectos/ims_reactnative/utils/format.ts">
        <metrics statements="53" coveredstatements="53" conditionals="45" coveredconditionals="42" methods="8" coveredmethods="8"/>
        <line num="1" count="2" type="stmt"/>
        <line num="2" count="5" type="stmt"/>
        <line num="3" count="5" type="cond" truecount="2" falsecount="0"/>
        <line num="4" count="4" type="stmt"/>
        <line num="5" count="4" type="stmt"/>
        <line num="6" count="4" type="stmt"/>
        <line num="9" count="2" type="stmt"/>
        <line num="10" count="4" type="stmt"/>
        <line num="11" count="4" type="cond" truecount="2" falsecount="0"/>
        <line num="12" count="3" type="stmt"/>
        <line num="13" count="3" type="stmt"/>
        <line num="15" count="3" type="stmt"/>
        <line num="16" count="3" type="stmt"/>
        <line num="18" count="3" type="stmt"/>
        <line num="19" count="23" type="stmt"/>
        <line num="20" count="23" type="cond" truecount="2" falsecount="0"/>
        <line num="23" count="3" type="stmt"/>
        <line num="24" count="3" type="cond" truecount="3" falsecount="1"/>
        <line num="26" count="3" type="stmt"/>
        <line num="29" count="2" type="stmt"/>
        <line num="30" count="5" type="stmt"/>
        <line num="31" count="5" type="cond" truecount="2" falsecount="0"/>
        <line num="32" count="4" type="stmt"/>
        <line num="33" count="4" type="stmt"/>
        <line num="34" count="4" type="stmt"/>
        <line num="35" count="4" type="cond" truecount="4" falsecount="0"/>
        <line num="36" count="3" type="cond" truecount="4" falsecount="0"/>
        <line num="37" count="2" type="cond" truecount="4" falsecount="0"/>
        <line num="38" count="1" type="stmt"/>
        <line num="39" count="1" type="cond" truecount="3" falsecount="0"/>
        <line num="42" count="2" type="stmt"/>
        <line num="43" count="3" type="stmt"/>
        <line num="44" count="3" type="cond" truecount="1" falsecount="1"/>
        <line num="45" count="3" type="stmt"/>
        <line num="46" count="3" type="stmt"/>
        <line num="47" count="3" type="stmt"/>
        <line num="48" count="3" type="cond" truecount="2" falsecount="0"/>
        <line num="55" count="2" type="stmt"/>
        <line num="56" count="3" type="stmt"/>
        <line num="60" count="3" type="cond" truecount="2" falsecount="0"/>
        <line num="61" count="2" type="stmt"/>
        <line num="64" count="2" type="stmt"/>
        <line num="65" count="3" type="stmt"/>
        <line num="67" count="3" type="cond" truecount="2" falsecount="0"/>
        <line num="70" count="2" type="stmt"/>
        <line num="71" count="3" type="cond" truecount="2" falsecount="0"/>
        <line num="72" count="2" type="cond" truecount="2" falsecount="0"/>
        <line num="73" count="1" type="cond" truecount="1" falsecount="1"/>
        <line num="74" count="1" type="stmt"/>
        <line num="77" count="2" type="stmt"/>
        <line num="78" count="2" type="cond" truecount="2" falsecount="0"/>
        <line num="79" count="1" type="stmt"/>
        <line num="80" count="1" type="stmt"/>
      </file>
      <file name="labels.ts" path="/home/pcp/Documentos/proyectos/ims_reactnative/utils/labels.ts">
        <metrics statements="3" coveredstatements="3" conditionals="2" coveredconditionals="2" methods="1" coveredmethods="1"/>
        <line num="1" count="1" type="stmt"/>
        <line num="2" count="6" type="stmt"/>
        <line num="8" count="6" type="cond" truecount="2" falsecount="0"/>
      </file>
    </package>
  </project>
</coverage>
