{"/home/pcp/Documentos/proyectos/ims_reactnative/app/index.tsx": {"path":"/home/pcp/Documentos/proyectos/ims_reactnative/app/index.tsx","statementMap":{"0":{"start":{"line":6,"column":28},"end":{"line":6,"column":37}},"1":{"start":{"line":8,"column":2},"end":{"line":14,"column":3}},"2":{"start":{"line":9,"column":4},"end":{"line":13,"column":6}},"3":{"start":{"line":16,"column":2},"end":{"line":16,"column":54}},"4":{"start":{"line":16,"column":13},"end":{"line":16,"column":54}},"5":{"start":{"line":18,"column":2},"end":{"line":18,"column":77}},"6":{"start":{"line":18,"column":31},"end":{"line":18,"column":77}},"7":{"start":{"line":20,"column":2},"end":{"line":20,"column":47}}},"fnMap":{"0":{"name":"Index","decl":{"start":{"line":5,"column":24},"end":{"line":5,"column":29}},"loc":{"start":{"line":5,"column":32},"end":{"line":21,"column":1}},"line":5}},"branchMap":{"0":{"loc":{"start":{"line":8,"column":2},"end":{"line":14,"column":3}},"type":"if","locations":[{"start":{"line":8,"column":2},"end":{"line":14,"column":3}},{"start":{},"end":{}}],"line":8},"1":{"loc":{"start":{"line":16,"column":2},"end":{"line":16,"column":54}},"type":"if","locations":[{"start":{"line":16,"column":2},"end":{"line":16,"column":54}},{"start":{},"end":{}}],"line":16},"2":{"loc":{"start":{"line":18,"column":2},"end":{"line":18,"column":77}},"type":"if","locations":[{"start":{"line":18,"column":2},"end":{"line":18,"column":77}},{"start":{},"end":{}}],"line":18}},"s":{"0":4,"1":4,"2":1,"3":3,"4":1,"5":2,"6":1,"7":1},"f":{"0":4},"b":{"0":[1,3],"1":[1,2],"2":[1,1]},"_coverageSchema":"1a1c01bbd47fc00a2c39e90264f33305004495a9","hash":"fc59c0444f3cbfffd289ae704a517dda7af2b1fd"}
,"/home/pcp/Documentos/proyectos/ims_reactnative/app/(admin)/_layout.tsx": {"path":"/home/pcp/Documentos/proyectos/ims_reactnative/app/(admin)/_layout.tsx","statementMap":{"0":{"start":{"line":8,"column":19},"end":{"line":8,"column":28}},"1":{"start":{"line":9,"column":17},"end":{"line":9,"column":36}},"2":{"start":{"line":11,"column":2},"end":{"line":11,"column":83}},"3":{"start":{"line":11,"column":40},"end":{"line":11,"column":83}},"4":{"start":{"line":13,"column":24},"end":{"line":27,"column":3}},"5":{"start":{"line":29,"column":2},"end":{"line":83,"column":4}},"6":{"start":{"line":37,"column":14},"end":{"line":37,"column":69}},"7":{"start":{"line":46,"column":14},"end":{"line":46,"column":80}},"8":{"start":{"line":55,"column":14},"end":{"line":55,"column":85}},"9":{"start":{"line":75,"column":14},"end":{"line":75,"column":70}}},"fnMap":{"0":{"name":"AdminLayout","decl":{"start":{"line":7,"column":24},"end":{"line":7,"column":35}},"loc":{"start":{"line":7,"column":38},"end":{"line":84,"column":1}},"line":7},"1":{"name":"(anonymous_1)","decl":{"start":{"line":36,"column":24},"end":{"line":36,"column":25}},"loc":{"start":{"line":37,"column":14},"end":{"line":37,"column":69}},"line":37},"2":{"name":"(anonymous_2)","decl":{"start":{"line":45,"column":24},"end":{"line":45,"column":25}},"loc":{"start":{"line":46,"column":14},"end":{"line":46,"column":80}},"line":46},"3":{"name":"(anonymous_3)","decl":{"start":{"line":54,"column":24},"end":{"line":54,"column":25}},"loc":{"start":{"line":55,"column":14},"end":{"line":55,"column":85}},"line":55},"4":{"name":"(anonymous_4)","decl":{"start":{"line":74,"column":24},"end":{"line":74,"column":25}},"loc":{"start":{"line":75,"column":14},"end":{"line":75,"column":70}},"line":75}},"branchMap":{"0":{"loc":{"start":{"line":11,"column":2},"end":{"line":11,"column":83}},"type":"if","locations":[{"start":{"line":11,"column":2},"end":{"line":11,"column":83}},{"start":{},"end":{}}],"line":11},"1":{"loc":{"start":{"line":11,"column":6},"end":{"line":11,"column":38}},"type":"binary-expr","locations":[{"start":{"line":11,"column":6},"end":{"line":11,"column":11}},{"start":{"line":11,"column":15},"end":{"line":11,"column":38}}],"line":11}},"s":{"0":3,"1":3,"2":3,"3":2,"4":1,"5":1,"6":0,"7":0,"8":0,"9":0},"f":{"0":3,"1":0,"2":0,"3":0,"4":0},"b":{"0":[2,1],"1":[3,2]},"_coverageSchema":"1a1c01bbd47fc00a2c39e90264f33305004495a9","hash":"2aaf256576244d5b79214c19290952e07eba63bd"}
,"/home/pcp/Documentos/proyectos/ims_reactnative/app/(user)/_layout.tsx": {"path":"/home/pcp/Documentos/proyectos/ims_reactnative/app/(user)/_layout.tsx","statementMap":{"0":{"start":{"line":10,"column":19},"end":{"line":72,"column":1}},"1":{"start":{"line":11,"column":19},"end":{"line":11,"column":28}},"2":{"start":{"line":12,"column":17},"end":{"line":12,"column":36}},"3":{"start":{"line":14,"column":2},"end":{"line":15,"column":47}},"4":{"start":{"line":15,"column":4},"end":{"line":15,"column":47}},"5":{"start":{"line":17,"column":24},"end":{"line":31,"column":3}},"6":{"start":{"line":32,"column":2},"end":{"line":71,"column":4}},"7":{"start":{"line":43,"column":20},"end":{"line":43,"column":75}},"8":{"start":{"line":52,"column":20},"end":{"line":52,"column":86}},"9":{"start":{"line":62,"column":20},"end":{"line":62,"column":80}}},"fnMap":{"0":{"name":"(anonymous_0)","decl":{"start":{"line":10,"column":19},"end":{"line":10,"column":20}},"loc":{"start":{"line":10,"column":25},"end":{"line":72,"column":1}},"line":10},"1":{"name":"(anonymous_1)","decl":{"start":{"line":42,"column":30},"end":{"line":42,"column":31}},"loc":{"start":{"line":43,"column":20},"end":{"line":43,"column":75}},"line":43},"2":{"name":"(anonymous_2)","decl":{"start":{"line":51,"column":30},"end":{"line":51,"column":31}},"loc":{"start":{"line":52,"column":20},"end":{"line":52,"column":86}},"line":52},"3":{"name":"(anonymous_3)","decl":{"start":{"line":61,"column":30},"end":{"line":61,"column":31}},"loc":{"start":{"line":62,"column":20},"end":{"line":62,"column":80}},"line":62}},"branchMap":{"0":{"loc":{"start":{"line":14,"column":2},"end":{"line":15,"column":47}},"type":"if","locations":[{"start":{"line":14,"column":2},"end":{"line":15,"column":47}},{"start":{},"end":{}}],"line":14},"1":{"loc":{"start":{"line":14,"column":6},"end":{"line":14,"column":89}},"type":"binary-expr","locations":[{"start":{"line":14,"column":6},"end":{"line":14,"column":11}},{"start":{"line":14,"column":16},"end":{"line":14,"column":37}},{"start":{"line":14,"column":41},"end":{"line":14,"column":62}},{"start":{"line":14,"column":66},"end":{"line":14,"column":88}}],"line":14},"2":{"loc":{"start":{"line":60,"column":24},"end":{"line":60,"column":65}},"type":"cond-expr","locations":[{"start":{"line":60,"column":49},"end":{"line":60,"column":53}},{"start":{"line":60,"column":56},"end":{"line":60,"column":65}}],"line":60}},"s":{"0":1,"1":5,"2":5,"3":5,"4":2,"5":3,"6":3,"7":0,"8":0,"9":0},"f":{"0":5,"1":0,"2":0,"3":0},"b":{"0":[2,3],"1":[5,4,3,2],"2":[1,2]},"_coverageSchema":"1a1c01bbd47fc00a2c39e90264f33305004495a9","hash":"a2fed9be8496cb9e5f13ee5d6d7d03523cc2b409"}
,"/home/pcp/Documentos/proyectos/ims_reactnative/components/LoginForm.tsx": {"path":"/home/pcp/Documentos/proyectos/ims_reactnative/components/LoginForm.tsx","statementMap":{"0":{"start":{"line":6,"column":17},"end":{"line":6,"column":28}},"1":{"start":{"line":7,"column":43},"end":{"line":7,"column":52}},"2":{"start":{"line":8,"column":34},"end":{"line":8,"column":46}},"3":{"start":{"line":9,"column":28},"end":{"line":9,"column":40}},"4":{"start":{"line":10,"column":34},"end":{"line":10,"column":49}},"5":{"start":{"line":11,"column":28},"end":{"line":11,"column":57}},"6":{"start":{"line":14,"column":4},"end":{"line":17,"column":5}},"7":{"start":{"line":15,"column":6},"end":{"line":15,"column":43}},"8":{"start":{"line":16,"column":6},"end":{"line":16,"column":13}},"9":{"start":{"line":18,"column":4},"end":{"line":18,"column":22}},"10":{"start":{"line":19,"column":4},"end":{"line":19,"column":19}},"11":{"start":{"line":21,"column":4},"end":{"line":33,"column":5}},"12":{"start":{"line":22,"column":28},"end":{"line":22,"column":55}},"13":{"start":{"line":23,"column":17},"end":{"line":23,"column":50}},"14":{"start":{"line":24,"column":6},"end":{"line":27,"column":7}},"15":{"start":{"line":25,"column":8},"end":{"line":25,"column":45}},"16":{"start":{"line":26,"column":8},"end":{"line":26,"column":15}},"17":{"start":{"line":29,"column":6},"end":{"line":29,"column":74}},"18":{"start":{"line":30,"column":6},"end":{"line":30,"column":34}},"19":{"start":{"line":32,"column":6},"end":{"line":32,"column":25}},"20":{"start":{"line":35,"column":2},"end":{"line":76,"column":4}},"21":{"start":{"line":51,"column":32},"end":{"line":51,"column":49}},"22":{"start":{"line":64,"column":39},"end":{"line":64,"column":78}},"23":{"start":{"line":79,"column":15},"end":{"line":133,"column":2}}},"fnMap":{"0":{"name":"LoginForm","decl":{"start":{"line":5,"column":24},"end":{"line":5,"column":33}},"loc":{"start":{"line":5,"column":36},"end":{"line":77,"column":1}},"line":5},"1":{"name":"handleLogin","decl":{"start":{"line":13,"column":17},"end":{"line":13,"column":28}},"loc":{"start":{"line":13,"column":31},"end":{"line":34,"column":3}},"line":13},"2":{"name":"(anonymous_2)","decl":{"start":{"line":51,"column":22},"end":{"line":51,"column":23}},"loc":{"start":{"line":51,"column":32},"end":{"line":51,"column":49}},"line":51},"3":{"name":"(anonymous_3)","decl":{"start":{"line":64,"column":33},"end":{"line":64,"column":34}},"loc":{"start":{"line":64,"column":39},"end":{"line":64,"column":78}},"line":64}},"branchMap":{"0":{"loc":{"start":{"line":14,"column":4},"end":{"line":17,"column":5}},"type":"if","locations":[{"start":{"line":14,"column":4},"end":{"line":17,"column":5}},{"start":{},"end":{}}],"line":14},"1":{"loc":{"start":{"line":14,"column":8},"end":{"line":14,"column":27}},"type":"binary-expr","locations":[{"start":{"line":14,"column":8},"end":{"line":14,"column":17}},{"start":{"line":14,"column":21},"end":{"line":14,"column":27}}],"line":14},"2":{"loc":{"start":{"line":24,"column":6},"end":{"line":27,"column":7}},"type":"if","locations":[{"start":{"line":24,"column":6},"end":{"line":27,"column":7}},{"start":{},"end":{}}],"line":24},"3":{"loc":{"start":{"line":40,"column":7},"end":{"line":44,"column":7}},"type":"binary-expr","locations":[{"start":{"line":40,"column":7},"end":{"line":40,"column":12}},{"start":{"line":41,"column":8},"end":{"line":43,"column":15}}],"line":40},"4":{"loc":{"start":{"line":69,"column":31},"end":{"line":69,"column":64}},"type":"binary-expr","locations":[{"start":{"line":69,"column":31},"end":{"line":69,"column":39}},{"start":{"line":69,"column":43},"end":{"line":69,"column":64}}],"line":69},"5":{"loc":{"start":{"line":73,"column":41},"end":{"line":73,"column":86}},"type":"cond-expr","locations":[{"start":{"line":73,"column":52},"end":{"line":73,"column":67}},{"start":{"line":73,"column":70},"end":{"line":73,"column":86}}],"line":73}},"s":{"0":11,"1":11,"2":11,"3":11,"4":11,"5":11,"6":3,"7":1,"8":1,"9":2,"10":2,"11":2,"12":2,"13":2,"14":2,"15":1,"16":1,"17":1,"18":1,"19":2,"20":11,"21":2,"22":1,"23":1},"f":{"0":11,"1":3,"2":2,"3":1},"b":{"0":[1,2],"1":[3,2],"2":[1,1],"3":[11,2],"4":[11,0],"5":[0,11]},"_coverageSchema":"1a1c01bbd47fc00a2c39e90264f33305004495a9","hash":"ecb81004c3c8b774d8bd72d0f6c924595b534878"}
,"/home/pcp/Documentos/proyectos/ims_reactnative/components/user/ControlVitales.tsx": {"path":"/home/pcp/Documentos/proyectos/ims_reactnative/components/user/ControlVitales.tsx","statementMap":{"0":{"start":{"line":27,"column":14},"end":{"line":27,"column":76}},"1":{"start":{"line":28,"column":14},"end":{"line":28,"column":76}},"2":{"start":{"line":29,"column":15},"end":{"line":29,"column":79}},"3":{"start":{"line":30,"column":14},"end":{"line":30,"column":45}},"4":{"start":{"line":31,"column":23},"end":{"line":31,"column":52}},"5":{"start":{"line":33,"column":2},"end":{"line":35,"column":12}},"6":{"start":{"line":34,"column":4},"end":{"line":34,"column":48}},"7":{"start":{"line":37,"column":2},"end":{"line":227,"column":4}},"8":{"start":{"line":49,"column":10},"end":{"line":56,"column":12}},"9":{"start":{"line":52,"column":33},"end":{"line":52,"column":52}},"10":{"start":{"line":69,"column":10},"end":{"line":76,"column":12}},"11":{"start":{"line":72,"column":33},"end":{"line":72,"column":52}},"12":{"start":{"line":93,"column":10},"end":{"line":100,"column":12}},"13":{"start":{"line":96,"column":33},"end":{"line":96,"column":52}},"14":{"start":{"line":110,"column":10},"end":{"line":117,"column":12}},"15":{"start":{"line":113,"column":33},"end":{"line":113,"column":52}},"16":{"start":{"line":127,"column":10},"end":{"line":134,"column":12}},"17":{"start":{"line":130,"column":33},"end":{"line":130,"column":52}},"18":{"start":{"line":143,"column":10},"end":{"line":150,"column":12}},"19":{"start":{"line":146,"column":33},"end":{"line":146,"column":52}},"20":{"start":{"line":160,"column":10},"end":{"line":167,"column":12}},"21":{"start":{"line":163,"column":33},"end":{"line":163,"column":52}},"22":{"start":{"line":176,"column":10},"end":{"line":183,"column":12}},"23":{"start":{"line":179,"column":33},"end":{"line":179,"column":52}},"24":{"start":{"line":193,"column":10},"end":{"line":200,"column":12}},"25":{"start":{"line":196,"column":33},"end":{"line":196,"column":52}},"26":{"start":{"line":213,"column":10},"end":{"line":220,"column":12}},"27":{"start":{"line":216,"column":33},"end":{"line":216,"column":52}},"28":{"start":{"line":231,"column":42},"end":{"line":231,"column":53}},"29":{"start":{"line":232,"column":29},"end":{"line":235,"column":4}},"30":{"start":{"line":237,"column":23},"end":{"line":256,"column":3}},"31":{"start":{"line":238,"column":16},"end":{"line":238,"column":26}},"32":{"start":{"line":239,"column":15},"end":{"line":239,"column":57}},"33":{"start":{"line":240,"column":15},"end":{"line":240,"column":59}},"34":{"start":{"line":241,"column":4},"end":{"line":254,"column":7}},"35":{"start":{"line":255,"column":4},"end":{"line":255,"column":35}},"36":{"start":{"line":258,"column":2},"end":{"line":304,"column":4}},"37":{"start":{"line":279,"column":31},"end":{"line":279,"column":60}},"38":{"start":{"line":279,"column":54},"end":{"line":279,"column":59}},"39":{"start":{"line":290,"column":31},"end":{"line":290,"column":60}},"40":{"start":{"line":290,"column":54},"end":{"line":290,"column":59}},"41":{"start":{"line":307,"column":14},"end":{"line":407,"column":2}}},"fnMap":{"0":{"name":"PaginaControl","decl":{"start":{"line":18,"column":9},"end":{"line":18,"column":22}},"loc":{"start":{"line":26,"column":3},"end":{"line":228,"column":1}},"line":26},"1":{"name":"(anonymous_1)","decl":{"start":{"line":33,"column":12},"end":{"line":33,"column":13}},"loc":{"start":{"line":33,"column":18},"end":{"line":35,"column":3}},"line":33},"2":{"name":"(anonymous_2)","decl":{"start":{"line":48,"column":16},"end":{"line":48,"column":17}},"loc":{"start":{"line":49,"column":10},"end":{"line":56,"column":12}},"line":49},"3":{"name":"(anonymous_3)","decl":{"start":{"line":52,"column":26},"end":{"line":52,"column":27}},"loc":{"start":{"line":52,"column":33},"end":{"line":52,"column":52}},"line":52},"4":{"name":"(anonymous_4)","decl":{"start":{"line":68,"column":16},"end":{"line":68,"column":17}},"loc":{"start":{"line":69,"column":10},"end":{"line":76,"column":12}},"line":69},"5":{"name":"(anonymous_5)","decl":{"start":{"line":72,"column":26},"end":{"line":72,"column":27}},"loc":{"start":{"line":72,"column":33},"end":{"line":72,"column":52}},"line":72},"6":{"name":"(anonymous_6)","decl":{"start":{"line":92,"column":16},"end":{"line":92,"column":17}},"loc":{"start":{"line":93,"column":10},"end":{"line":100,"column":12}},"line":93},"7":{"name":"(anonymous_7)","decl":{"start":{"line":96,"column":26},"end":{"line":96,"column":27}},"loc":{"start":{"line":96,"column":33},"end":{"line":96,"column":52}},"line":96},"8":{"name":"(anonymous_8)","decl":{"start":{"line":109,"column":16},"end":{"line":109,"column":17}},"loc":{"start":{"line":110,"column":10},"end":{"line":117,"column":12}},"line":110},"9":{"name":"(anonymous_9)","decl":{"start":{"line":113,"column":26},"end":{"line":113,"column":27}},"loc":{"start":{"line":113,"column":33},"end":{"line":113,"column":52}},"line":113},"10":{"name":"(anonymous_10)","decl":{"start":{"line":126,"column":16},"end":{"line":126,"column":17}},"loc":{"start":{"line":127,"column":10},"end":{"line":134,"column":12}},"line":127},"11":{"name":"(anonymous_11)","decl":{"start":{"line":130,"column":26},"end":{"line":130,"column":27}},"loc":{"start":{"line":130,"column":33},"end":{"line":130,"column":52}},"line":130},"12":{"name":"(anonymous_12)","decl":{"start":{"line":142,"column":16},"end":{"line":142,"column":17}},"loc":{"start":{"line":143,"column":10},"end":{"line":150,"column":12}},"line":143},"13":{"name":"(anonymous_13)","decl":{"start":{"line":146,"column":26},"end":{"line":146,"column":27}},"loc":{"start":{"line":146,"column":33},"end":{"line":146,"column":52}},"line":146},"14":{"name":"(anonymous_14)","decl":{"start":{"line":159,"column":16},"end":{"line":159,"column":17}},"loc":{"start":{"line":160,"column":10},"end":{"line":167,"column":12}},"line":160},"15":{"name":"(anonymous_15)","decl":{"start":{"line":163,"column":26},"end":{"line":163,"column":27}},"loc":{"start":{"line":163,"column":33},"end":{"line":163,"column":52}},"line":163},"16":{"name":"(anonymous_16)","decl":{"start":{"line":175,"column":16},"end":{"line":175,"column":17}},"loc":{"start":{"line":176,"column":10},"end":{"line":183,"column":12}},"line":176},"17":{"name":"(anonymous_17)","decl":{"start":{"line":179,"column":26},"end":{"line":179,"column":27}},"loc":{"start":{"line":179,"column":33},"end":{"line":179,"column":52}},"line":179},"18":{"name":"(anonymous_18)","decl":{"start":{"line":192,"column":16},"end":{"line":192,"column":17}},"loc":{"start":{"line":193,"column":10},"end":{"line":200,"column":12}},"line":193},"19":{"name":"(anonymous_19)","decl":{"start":{"line":196,"column":26},"end":{"line":196,"column":27}},"loc":{"start":{"line":196,"column":33},"end":{"line":196,"column":52}},"line":196},"20":{"name":"(anonymous_20)","decl":{"start":{"line":212,"column":16},"end":{"line":212,"column":17}},"loc":{"start":{"line":213,"column":10},"end":{"line":220,"column":12}},"line":213},"21":{"name":"(anonymous_21)","decl":{"start":{"line":216,"column":26},"end":{"line":216,"column":27}},"loc":{"start":{"line":216,"column":33},"end":{"line":216,"column":52}},"line":216},"22":{"name":"ControlVitales","decl":{"start":{"line":230,"column":9},"end":{"line":230,"column":23}},"loc":{"start":{"line":230,"column":66},"end":{"line":305,"column":1}},"line":230},"23":{"name":"(anonymous_23)","decl":{"start":{"line":237,"column":23},"end":{"line":237,"column":24}},"loc":{"start":{"line":237,"column":29},"end":{"line":256,"column":3}},"line":237},"24":{"name":"(anonymous_24)","decl":{"start":{"line":279,"column":25},"end":{"line":279,"column":26}},"loc":{"start":{"line":279,"column":31},"end":{"line":279,"column":60}},"line":279},"25":{"name":"(anonymous_25)","decl":{"start":{"line":279,"column":47},"end":{"line":279,"column":48}},"loc":{"start":{"line":279,"column":54},"end":{"line":279,"column":59}},"line":279},"26":{"name":"(anonymous_26)","decl":{"start":{"line":290,"column":25},"end":{"line":290,"column":26}},"loc":{"start":{"line":290,"column":31},"end":{"line":290,"column":60}},"line":290},"27":{"name":"(anonymous_27)","decl":{"start":{"line":290,"column":47},"end":{"line":290,"column":48}},"loc":{"start":{"line":290,"column":54},"end":{"line":290,"column":59}},"line":290}},"branchMap":{"0":{"loc":{"start":{"line":27,"column":14},"end":{"line":27,"column":76}},"type":"binary-expr","locations":[{"start":{"line":27,"column":14},"end":{"line":27,"column":71}},{"start":{"line":27,"column":75},"end":{"line":27,"column":76}}],"line":27},"1":{"loc":{"start":{"line":28,"column":14},"end":{"line":28,"column":76}},"type":"binary-expr","locations":[{"start":{"line":28,"column":14},"end":{"line":28,"column":71}},{"start":{"line":28,"column":75},"end":{"line":28,"column":76}}],"line":28},"2":{"loc":{"start":{"line":29,"column":15},"end":{"line":29,"column":79}},"type":"binary-expr","locations":[{"start":{"line":29,"column":15},"end":{"line":29,"column":73}},{"start":{"line":29,"column":77},"end":{"line":29,"column":79}}],"line":29},"3":{"loc":{"start":{"line":40,"column":31},"end":{"line":40,"column":46}},"type":"binary-expr","locations":[{"start":{"line":40,"column":31},"end":{"line":40,"column":35}},{"start":{"line":40,"column":39},"end":{"line":40,"column":46}}],"line":40},"4":{"loc":{"start":{"line":53,"column":19},"end":{"line":53,"column":52}},"type":"cond-expr","locations":[{"start":{"line":53,"column":31},"end":{"line":53,"column":47}},{"start":{"line":53,"column":50},"end":{"line":53,"column":52}}],"line":53},"5":{"loc":{"start":{"line":59,"column":7},"end":{"line":61,"column":7}},"type":"binary-expr","locations":[{"start":{"line":59,"column":7},"end":{"line":59,"column":41}},{"start":{"line":60,"column":8},"end":{"line":60,"column":65}}],"line":59},"6":{"loc":{"start":{"line":73,"column":19},"end":{"line":73,"column":52}},"type":"cond-expr","locations":[{"start":{"line":73,"column":31},"end":{"line":73,"column":47}},{"start":{"line":73,"column":50},"end":{"line":73,"column":52}}],"line":73},"7":{"loc":{"start":{"line":79,"column":7},"end":{"line":81,"column":7}},"type":"binary-expr","locations":[{"start":{"line":79,"column":7},"end":{"line":79,"column":41}},{"start":{"line":80,"column":8},"end":{"line":80,"column":65}}],"line":79},"8":{"loc":{"start":{"line":85,"column":49},"end":{"line":85,"column":60}},"type":"binary-expr","locations":[{"start":{"line":85,"column":49},"end":{"line":85,"column":52}},{"start":{"line":85,"column":56},"end":{"line":85,"column":60}}],"line":85},"9":{"loc":{"start":{"line":97,"column":19},"end":{"line":97,"column":52}},"type":"cond-expr","locations":[{"start":{"line":97,"column":31},"end":{"line":97,"column":47}},{"start":{"line":97,"column":50},"end":{"line":97,"column":52}}],"line":97},"10":{"loc":{"start":{"line":114,"column":19},"end":{"line":114,"column":52}},"type":"cond-expr","locations":[{"start":{"line":114,"column":31},"end":{"line":114,"column":47}},{"start":{"line":114,"column":50},"end":{"line":114,"column":52}}],"line":114},"11":{"loc":{"start":{"line":131,"column":19},"end":{"line":131,"column":52}},"type":"cond-expr","locations":[{"start":{"line":131,"column":31},"end":{"line":131,"column":47}},{"start":{"line":131,"column":50},"end":{"line":131,"column":52}}],"line":131},"12":{"loc":{"start":{"line":147,"column":19},"end":{"line":147,"column":52}},"type":"cond-expr","locations":[{"start":{"line":147,"column":31},"end":{"line":147,"column":47}},{"start":{"line":147,"column":50},"end":{"line":147,"column":52}}],"line":147},"13":{"loc":{"start":{"line":164,"column":19},"end":{"line":164,"column":52}},"type":"cond-expr","locations":[{"start":{"line":164,"column":31},"end":{"line":164,"column":47}},{"start":{"line":164,"column":50},"end":{"line":164,"column":52}}],"line":164},"14":{"loc":{"start":{"line":180,"column":19},"end":{"line":180,"column":52}},"type":"cond-expr","locations":[{"start":{"line":180,"column":31},"end":{"line":180,"column":47}},{"start":{"line":180,"column":50},"end":{"line":180,"column":52}}],"line":180},"15":{"loc":{"start":{"line":197,"column":19},"end":{"line":197,"column":52}},"type":"cond-expr","locations":[{"start":{"line":197,"column":31},"end":{"line":197,"column":47}},{"start":{"line":197,"column":50},"end":{"line":197,"column":52}}],"line":197},"16":{"loc":{"start":{"line":203,"column":7},"end":{"line":205,"column":7}},"type":"binary-expr","locations":[{"start":{"line":203,"column":7},"end":{"line":203,"column":41}},{"start":{"line":204,"column":8},"end":{"line":204,"column":92}}],"line":203},"17":{"loc":{"start":{"line":217,"column":19},"end":{"line":217,"column":53}},"type":"cond-expr","locations":[{"start":{"line":217,"column":32},"end":{"line":217,"column":48}},{"start":{"line":217,"column":51},"end":{"line":217,"column":53}}],"line":217},"18":{"loc":{"start":{"line":223,"column":7},"end":{"line":225,"column":7}},"type":"binary-expr","locations":[{"start":{"line":223,"column":7},"end":{"line":223,"column":41}},{"start":{"line":224,"column":8},"end":{"line":224,"column":92}}],"line":223},"19":{"loc":{"start":{"line":262,"column":9},"end":{"line":266,"column":9}},"type":"binary-expr","locations":[{"start":{"line":262,"column":9},"end":{"line":262,"column":26}},{"start":{"line":263,"column":10},"end":{"line":265,"column":17}}],"line":262},"20":{"loc":{"start":{"line":269,"column":7},"end":{"line":298,"column":7}},"type":"cond-expr","locations":[{"start":{"line":270,"column":8},"end":{"line":270,"column":73}},{"start":{"line":272,"column":8},"end":{"line":297,"column":11}}],"line":269},"21":{"loc":{"start":{"line":275,"column":11},"end":{"line":296,"column":11}},"type":"binary-expr","locations":[{"start":{"line":275,"column":11},"end":{"line":275,"column":28}},{"start":{"line":276,"column":12},"end":{"line":295,"column":19}}],"line":275},"22":{"loc":{"start":{"line":278,"column":40},"end":{"line":278,"column":84}},"type":"binary-expr","locations":[{"start":{"line":278,"column":40},"end":{"line":278,"column":58}},{"start":{"line":278,"column":62},"end":{"line":278,"column":84}}],"line":278},"23":{"loc":{"start":{"line":288,"column":18},"end":{"line":288,"column":78}},"type":"binary-expr","locations":[{"start":{"line":288,"column":18},"end":{"line":288,"column":52}},{"start":{"line":288,"column":56},"end":{"line":288,"column":78}}],"line":288}},"s":{"0":8,"1":8,"2":8,"3":8,"4":8,"5":8,"6":5,"7":8,"8":8,"9":1,"10":8,"11":1,"12":8,"13":0,"14":8,"15":0,"16":8,"17":0,"18":8,"19":0,"20":8,"21":0,"22":8,"23":0,"24":8,"25":0,"26":8,"27":0,"28":14,"29":14,"30":14,"31":4,"32":4,"33":4,"34":4,"35":4,"36":14,"37":1,"38":1,"39":1,"40":1,"41":1},"f":{"0":8,"1":5,"2":8,"3":1,"4":8,"5":1,"6":8,"7":0,"8":8,"9":0,"10":8,"11":0,"12":8,"13":0,"14":8,"15":0,"16":8,"17":0,"18":8,"19":0,"20":8,"21":0,"22":14,"23":4,"24":1,"25":1,"26":1,"27":1},"b":{"0":[8,0],"1":[8,0],"2":[8,0],"3":[8,0],"4":[2,6],"5":[8,0],"6":[1,7],"7":[8,0],"8":[8,6],"9":[0,8],"10":[0,8],"11":[0,8],"12":[0,8],"13":[0,8],"14":[0,8],"15":[0,8],"16":[8,0],"17":[8,0],"18":[8,0],"19":[14,6],"20":[8,6],"21":[6,3],"22":[3,1],"23":[3,2]},"_coverageSchema":"1a1c01bbd47fc00a2c39e90264f33305004495a9","hash":"fdf4fc71575c0f30bd6a2f721b9933c6c2cfffee"}
,"/home/pcp/Documentos/proyectos/ims_reactnative/components/user/FormPaciente.tsx": {"path":"/home/pcp/Documentos/proyectos/ims_reactnative/components/user/FormPaciente.tsx","statementMap":{"0":{"start":{"line":14,"column":22},"end":{"line":28,"column":1}},"1":{"start":{"line":23,"column":2},"end":{"line":27,"column":9}},"2":{"start":{"line":30,"column":21},"end":{"line":226,"column":1}},"3":{"start":{"line":31,"column":29},"end":{"line":31,"column":43}},"4":{"start":{"line":32,"column":19},"end":{"line":32,"column":51}},"5":{"start":{"line":33,"column":23},"end":{"line":33,"column":52}},"6":{"start":{"line":36,"column":2},"end":{"line":38,"column":51}},"7":{"start":{"line":37,"column":4},"end":{"line":37,"column":73}},"8":{"start":{"line":42,"column":2},"end":{"line":49,"column":92}},"9":{"start":{"line":43,"column":4},"end":{"line":43,"column":26}},"10":{"start":{"line":43,"column":19},"end":{"line":43,"column":26}},"11":{"start":{"line":44,"column":44},"end":{"line":44,"column":79}},"12":{"start":{"line":45,"column":4},"end":{"line":45,"column":49}},"13":{"start":{"line":46,"column":4},"end":{"line":46,"column":55}},"14":{"start":{"line":47,"column":4},"end":{"line":47,"column":34}},"15":{"start":{"line":48,"column":4},"end":{"line":48,"column":71}},"16":{"start":{"line":51,"column":2},"end":{"line":225,"column":4}},"17":{"start":{"line":67,"column":12},"end":{"line":74,"column":14}},"18":{"start":{"line":85,"column":12},"end":{"line":92,"column":14}},"19":{"start":{"line":108,"column":16},"end":{"line":116,"column":18}},"20":{"start":{"line":111,"column":42},"end":{"line":111,"column":70}},"21":{"start":{"line":129,"column":16},"end":{"line":136,"column":18}},"22":{"start":{"line":148,"column":12},"end":{"line":156,"column":14}},"23":{"start":{"line":166,"column":12},"end":{"line":178,"column":14}},"24":{"start":{"line":192,"column":12},"end":{"line":199,"column":14}},"25":{"start":{"line":213,"column":12},"end":{"line":220,"column":14}},"26":{"start":{"line":228,"column":14},"end":{"line":266,"column":2}}},"fnMap":{"0":{"name":"(anonymous_0)","decl":{"start":{"line":14,"column":22},"end":{"line":14,"column":23}},"loc":{"start":{"line":23,"column":2},"end":{"line":27,"column":9}},"line":23},"1":{"name":"(anonymous_1)","decl":{"start":{"line":30,"column":21},"end":{"line":30,"column":22}},"loc":{"start":{"line":30,"column":65},"end":{"line":226,"column":1}},"line":30},"2":{"name":"(anonymous_2)","decl":{"start":{"line":36,"column":12},"end":{"line":36,"column":13}},"loc":{"start":{"line":36,"column":18},"end":{"line":38,"column":3}},"line":36},"3":{"name":"(anonymous_3)","decl":{"start":{"line":42,"column":12},"end":{"line":42,"column":13}},"loc":{"start":{"line":42,"column":18},"end":{"line":49,"column":3}},"line":42},"4":{"name":"(anonymous_4)","decl":{"start":{"line":66,"column":18},"end":{"line":66,"column":19}},"loc":{"start":{"line":67,"column":12},"end":{"line":74,"column":14}},"line":67},"5":{"name":"(anonymous_5)","decl":{"start":{"line":84,"column":18},"end":{"line":84,"column":19}},"loc":{"start":{"line":85,"column":12},"end":{"line":92,"column":14}},"line":85},"6":{"name":"(anonymous_6)","decl":{"start":{"line":107,"column":22},"end":{"line":107,"column":23}},"loc":{"start":{"line":108,"column":16},"end":{"line":116,"column":18}},"line":108},"7":{"name":"(anonymous_7)","decl":{"start":{"line":111,"column":32},"end":{"line":111,"column":33}},"loc":{"start":{"line":111,"column":42},"end":{"line":111,"column":70}},"line":111},"8":{"name":"(anonymous_8)","decl":{"start":{"line":128,"column":22},"end":{"line":128,"column":23}},"loc":{"start":{"line":129,"column":16},"end":{"line":136,"column":18}},"line":129},"9":{"name":"(anonymous_9)","decl":{"start":{"line":147,"column":18},"end":{"line":147,"column":19}},"loc":{"start":{"line":148,"column":12},"end":{"line":156,"column":14}},"line":148},"10":{"name":"(anonymous_10)","decl":{"start":{"line":165,"column":18},"end":{"line":165,"column":19}},"loc":{"start":{"line":166,"column":12},"end":{"line":178,"column":14}},"line":166},"11":{"name":"(anonymous_11)","decl":{"start":{"line":191,"column":18},"end":{"line":191,"column":19}},"loc":{"start":{"line":192,"column":12},"end":{"line":199,"column":14}},"line":192},"12":{"name":"(anonymous_12)","decl":{"start":{"line":212,"column":18},"end":{"line":212,"column":19}},"loc":{"start":{"line":213,"column":12},"end":{"line":220,"column":14}},"line":213}},"branchMap":{"0":{"loc":{"start":{"line":26,"column":5},"end":{"line":26,"column":63}},"type":"binary-expr","locations":[{"start":{"line":26,"column":5},"end":{"line":26,"column":10}},{"start":{"line":26,"column":14},"end":{"line":26,"column":63}}],"line":26},"1":{"loc":{"start":{"line":32,"column":19},"end":{"line":32,"column":51}},"type":"binary-expr","locations":[{"start":{"line":32,"column":19},"end":{"line":32,"column":43}},{"start":{"line":32,"column":47},"end":{"line":32,"column":51}}],"line":32},"2":{"loc":{"start":{"line":37,"column":33},"end":{"line":37,"column":71}},"type":"binary-expr","locations":[{"start":{"line":37,"column":33},"end":{"line":37,"column":65}},{"start":{"line":37,"column":69},"end":{"line":37,"column":71}}],"line":37},"3":{"loc":{"start":{"line":43,"column":4},"end":{"line":43,"column":26}},"type":"if","locations":[{"start":{"line":43,"column":4},"end":{"line":43,"column":26}},{"start":{},"end":{}}],"line":43},"4":{"loc":{"start":{"line":45,"column":29},"end":{"line":45,"column":47}},"type":"binary-expr","locations":[{"start":{"line":45,"column":29},"end":{"line":45,"column":41}},{"start":{"line":45,"column":45},"end":{"line":45,"column":47}}],"line":45},"5":{"loc":{"start":{"line":46,"column":32},"end":{"line":46,"column":53}},"type":"binary-expr","locations":[{"start":{"line":46,"column":32},"end":{"line":46,"column":47}},{"start":{"line":46,"column":51},"end":{"line":46,"column":53}}],"line":46},"6":{"loc":{"start":{"line":48,"column":32},"end":{"line":48,"column":69}},"type":"binary-expr","locations":[{"start":{"line":48,"column":32},"end":{"line":48,"column":63}},{"start":{"line":48,"column":67},"end":{"line":48,"column":69}}],"line":48},"7":{"loc":{"start":{"line":54,"column":7},"end":{"line":59,"column":7}},"type":"binary-expr","locations":[{"start":{"line":54,"column":7},"end":{"line":54,"column":15}},{"start":{"line":55,"column":8},"end":{"line":58,"column":15}}],"line":54},"8":{"loc":{"start":{"line":61,"column":50},"end":{"line":61,"column":90}},"type":"binary-expr","locations":[{"start":{"line":61,"column":50},"end":{"line":61,"column":69}},{"start":{"line":61,"column":73},"end":{"line":61,"column":90}}],"line":61},"9":{"loc":{"start":{"line":72,"column":35},"end":{"line":72,"column":77}},"type":"binary-expr","locations":[{"start":{"line":72,"column":35},"end":{"line":72,"column":43}},{"start":{"line":72,"column":47},"end":{"line":72,"column":77}}],"line":72},"10":{"loc":{"start":{"line":79,"column":53},"end":{"line":79,"column":96}},"type":"binary-expr","locations":[{"start":{"line":79,"column":53},"end":{"line":79,"column":75}},{"start":{"line":79,"column":79},"end":{"line":79,"column":96}}],"line":79},"11":{"loc":{"start":{"line":90,"column":35},"end":{"line":90,"column":77}},"type":"binary-expr","locations":[{"start":{"line":90,"column":35},"end":{"line":90,"column":43}},{"start":{"line":90,"column":47},"end":{"line":90,"column":77}}],"line":90},"12":{"loc":{"start":{"line":101,"column":19},"end":{"line":101,"column":75}},"type":"binary-expr","locations":[{"start":{"line":101,"column":19},"end":{"line":101,"column":38}},{"start":{"line":101,"column":43},"end":{"line":101,"column":53}},{"start":{"line":101,"column":57},"end":{"line":101,"column":74}}],"line":101},"13":{"loc":{"start":{"line":113,"column":39},"end":{"line":113,"column":81}},"type":"binary-expr","locations":[{"start":{"line":113,"column":39},"end":{"line":113,"column":47}},{"start":{"line":113,"column":51},"end":{"line":113,"column":81}}],"line":113},"14":{"loc":{"start":{"line":133,"column":39},"end":{"line":133,"column":81}},"type":"binary-expr","locations":[{"start":{"line":133,"column":39},"end":{"line":133,"column":47}},{"start":{"line":133,"column":51},"end":{"line":133,"column":81}}],"line":133},"15":{"loc":{"start":{"line":153,"column":35},"end":{"line":153,"column":77}},"type":"binary-expr","locations":[{"start":{"line":153,"column":35},"end":{"line":153,"column":43}},{"start":{"line":153,"column":47},"end":{"line":153,"column":77}}],"line":153},"16":{"loc":{"start":{"line":174,"column":16},"end":{"line":174,"column":58}},"type":"binary-expr","locations":[{"start":{"line":174,"column":16},"end":{"line":174,"column":24}},{"start":{"line":174,"column":28},"end":{"line":174,"column":58}}],"line":174},"17":{"loc":{"start":{"line":185,"column":15},"end":{"line":185,"column":58}},"type":"binary-expr","locations":[{"start":{"line":185,"column":15},"end":{"line":185,"column":37}},{"start":{"line":185,"column":41},"end":{"line":185,"column":58}}],"line":185},"18":{"loc":{"start":{"line":197,"column":35},"end":{"line":197,"column":77}},"type":"binary-expr","locations":[{"start":{"line":197,"column":35},"end":{"line":197,"column":43}},{"start":{"line":197,"column":47},"end":{"line":197,"column":77}}],"line":197},"19":{"loc":{"start":{"line":206,"column":15},"end":{"line":206,"column":59}},"type":"binary-expr","locations":[{"start":{"line":206,"column":15},"end":{"line":206,"column":38}},{"start":{"line":206,"column":42},"end":{"line":206,"column":59}}],"line":206}},"s":{"0":1,"1":64,"2":1,"3":8,"4":8,"5":8,"6":8,"7":4,"8":8,"9":4,"10":3,"11":1,"12":1,"13":1,"14":1,"15":1,"16":8,"17":8,"18":8,"19":9,"20":1,"21":8,"22":8,"23":8,"24":8,"25":8,"26":1},"f":{"0":64,"1":8,"2":4,"3":4,"4":8,"5":8,"6":9,"7":1,"8":8,"9":8,"10":8,"11":8,"12":8},"b":{"0":[64,0],"1":[8,6],"2":[4,0],"3":[3,1],"4":[1,0],"5":[1,0],"6":[1,0],"7":[8,2],"8":[8,0],"9":[8,2],"10":[8,0],"11":[8,2],"12":[8,8,0],"13":[9,2],"14":[8,2],"15":[8,2],"16":[8,2],"17":[8,0],"18":[8,2],"19":[8,0]},"_coverageSchema":"1a1c01bbd47fc00a2c39e90264f33305004495a9","hash":"d5176b8ccc3208e3817b144d4f0f5b3f1132588e"}
,"/home/pcp/Documentos/proyectos/ims_reactnative/components/user/InsumosForm.tsx": {"path":"/home/pcp/Documentos/proyectos/ims_reactnative/components/user/InsumosForm.tsx","statementMap":{"0":{"start":{"line":21,"column":19},"end":{"line":53,"column":1}},"1":{"start":{"line":22,"column":28},"end":{"line":22,"column":51}},"2":{"start":{"line":24,"column":2},"end":{"line":26,"column":14}},"3":{"start":{"line":25,"column":4},"end":{"line":25,"column":28}},"4":{"start":{"line":28,"column":27},"end":{"line":32,"column":3}},"5":{"start":{"line":29,"column":19},"end":{"line":29,"column":46}},"6":{"start":{"line":30,"column":4},"end":{"line":30,"column":21}},"7":{"start":{"line":31,"column":4},"end":{"line":31,"column":48}},"8":{"start":{"line":31,"column":23},"end":{"line":31,"column":48}},"9":{"start":{"line":34,"column":21},"end":{"line":39,"column":3}},"10":{"start":{"line":35,"column":4},"end":{"line":38,"column":5}},"11":{"start":{"line":36,"column":6},"end":{"line":36,"column":20}},"12":{"start":{"line":37,"column":6},"end":{"line":37,"column":18}},"13":{"start":{"line":41,"column":2},"end":{"line":52,"column":4}},"14":{"start":{"line":55,"column":20},"end":{"line":178,"column":1}},"15":{"start":{"line":56,"column":34},"end":{"line":56,"column":46}},"16":{"start":{"line":57,"column":41},"end":{"line":57,"column":56}},"17":{"start":{"line":58,"column":29},"end":{"line":58,"column":43}},"18":{"start":{"line":59,"column":37},"end":{"line":59,"column":90}},"19":{"start":{"line":62,"column":23},"end":{"line":62,"column":99}},"20":{"start":{"line":63,"column":28},"end":{"line":63,"column":82}},"21":{"start":{"line":63,"column":50},"end":{"line":63,"column":81}},"22":{"start":{"line":65,"column":27},"end":{"line":67,"column":8}},"23":{"start":{"line":66,"column":38},"end":{"line":66,"column":93}},"24":{"start":{"line":69,"column":24},"end":{"line":77,"column":3}},"25":{"start":{"line":70,"column":4},"end":{"line":70,"column":61}},"26":{"start":{"line":70,"column":27},"end":{"line":70,"column":51}},"27":{"start":{"line":70,"column":54},"end":{"line":70,"column":61}},"28":{"start":{"line":71,"column":4},"end":{"line":75,"column":7}},"29":{"start":{"line":76,"column":4},"end":{"line":76,"column":20}},"30":{"start":{"line":79,"column":2},"end":{"line":177,"column":4}},"31":{"start":{"line":102,"column":14},"end":{"line":115,"column":33}},"32":{"start":{"line":105,"column":31},"end":{"line":105,"column":52}},"33":{"start":{"line":128,"column":27},"end":{"line":128,"column":81}},"34":{"start":{"line":128,"column":57},"end":{"line":128,"column":80}},"35":{"start":{"line":129,"column":12},"end":{"line":172,"column":14}},"36":{"start":{"line":146,"column":22},"end":{"line":150,"column":24}},"37":{"start":{"line":153,"column":51},"end":{"line":153,"column":64}},"38":{"start":{"line":161,"column":20},"end":{"line":168,"column":22}},"39":{"start":{"line":180,"column":14},"end":{"line":267,"column":2}}},"fnMap":{"0":{"name":"(anonymous_0)","decl":{"start":{"line":21,"column":19},"end":{"line":21,"column":20}},"loc":{"start":{"line":21,"column":71},"end":{"line":53,"column":1}},"line":21},"1":{"name":"(anonymous_1)","decl":{"start":{"line":24,"column":12},"end":{"line":24,"column":13}},"loc":{"start":{"line":24,"column":18},"end":{"line":26,"column":3}},"line":24},"2":{"name":"(anonymous_2)","decl":{"start":{"line":28,"column":27},"end":{"line":28,"column":28}},"loc":{"start":{"line":28,"column":45},"end":{"line":32,"column":3}},"line":28},"3":{"name":"(anonymous_3)","decl":{"start":{"line":34,"column":21},"end":{"line":34,"column":22}},"loc":{"start":{"line":34,"column":27},"end":{"line":39,"column":3}},"line":34},"4":{"name":"(anonymous_4)","decl":{"start":{"line":55,"column":20},"end":{"line":55,"column":21}},"loc":{"start":{"line":55,"column":59},"end":{"line":178,"column":1}},"line":55},"5":{"name":"(anonymous_5)","decl":{"start":{"line":63,"column":43},"end":{"line":63,"column":44}},"loc":{"start":{"line":63,"column":50},"end":{"line":63,"column":81}},"line":63},"6":{"name":"(anonymous_6)","decl":{"start":{"line":66,"column":31},"end":{"line":66,"column":32}},"loc":{"start":{"line":66,"column":38},"end":{"line":66,"column":93}},"line":66},"7":{"name":"(anonymous_7)","decl":{"start":{"line":69,"column":24},"end":{"line":69,"column":25}},"loc":{"start":{"line":69,"column":57},"end":{"line":77,"column":3}},"line":69},"8":{"name":"(anonymous_8)","decl":{"start":{"line":70,"column":20},"end":{"line":70,"column":21}},"loc":{"start":{"line":70,"column":27},"end":{"line":70,"column":51}},"line":70},"9":{"name":"(anonymous_9)","decl":{"start":{"line":101,"column":33},"end":{"line":101,"column":34}},"loc":{"start":{"line":102,"column":14},"end":{"line":115,"column":33}},"line":102},"10":{"name":"(anonymous_10)","decl":{"start":{"line":105,"column":25},"end":{"line":105,"column":26}},"loc":{"start":{"line":105,"column":31},"end":{"line":105,"column":52}},"line":105},"11":{"name":"(anonymous_11)","decl":{"start":{"line":127,"column":22},"end":{"line":127,"column":23}},"loc":{"start":{"line":127,"column":40},"end":{"line":173,"column":11}},"line":127},"12":{"name":"(anonymous_12)","decl":{"start":{"line":128,"column":50},"end":{"line":128,"column":51}},"loc":{"start":{"line":128,"column":57},"end":{"line":128,"column":80}},"line":128},"13":{"name":"(anonymous_13)","decl":{"start":{"line":145,"column":28},"end":{"line":145,"column":29}},"loc":{"start":{"line":146,"column":22},"end":{"line":150,"column":24}},"line":146},"14":{"name":"(anonymous_14)","decl":{"start":{"line":153,"column":45},"end":{"line":153,"column":46}},"loc":{"start":{"line":153,"column":51},"end":{"line":153,"column":64}},"line":153},"15":{"name":"(anonymous_15)","decl":{"start":{"line":160,"column":26},"end":{"line":160,"column":27}},"loc":{"start":{"line":161,"column":20},"end":{"line":168,"column":22}},"line":161}},"branchMap":{"0":{"loc":{"start":{"line":31,"column":4},"end":{"line":31,"column":48}},"type":"if","locations":[{"start":{"line":31,"column":4},"end":{"line":31,"column":48}},{"start":{},"end":{}}],"line":31},"1":{"loc":{"start":{"line":35,"column":4},"end":{"line":38,"column":5}},"type":"if","locations":[{"start":{"line":35,"column":4},"end":{"line":38,"column":5}},{"start":{},"end":{}}],"line":35},"2":{"loc":{"start":{"line":35,"column":8},"end":{"line":35,"column":41}},"type":"binary-expr","locations":[{"start":{"line":35,"column":8},"end":{"line":35,"column":20}},{"start":{"line":35,"column":24},"end":{"line":35,"column":41}}],"line":35},"3":{"loc":{"start":{"line":44,"column":37},"end":{"line":44,"column":73}},"type":"binary-expr","locations":[{"start":{"line":44,"column":37},"end":{"line":44,"column":45}},{"start":{"line":44,"column":49},"end":{"line":44,"column":73}}],"line":44},"4":{"loc":{"start":{"line":50,"column":7},"end":{"line":50,"column":59}},"type":"binary-expr","locations":[{"start":{"line":50,"column":7},"end":{"line":50,"column":15}},{"start":{"line":50,"column":19},"end":{"line":50,"column":59}}],"line":50},"5":{"loc":{"start":{"line":62,"column":23},"end":{"line":62,"column":99}},"type":"cond-expr","locations":[{"start":{"line":62,"column":56},"end":{"line":62,"column":92}},{"start":{"line":62,"column":95},"end":{"line":62,"column":99}}],"line":62},"6":{"loc":{"start":{"line":65,"column":27},"end":{"line":67,"column":8}},"type":"cond-expr","locations":[{"start":{"line":66,"column":6},"end":{"line":66,"column":94}},{"start":{"line":67,"column":6},"end":{"line":67,"column":8}}],"line":65},"7":{"loc":{"start":{"line":70,"column":4},"end":{"line":70,"column":61}},"type":"if","locations":[{"start":{"line":70,"column":4},"end":{"line":70,"column":61}},{"start":{},"end":{}}],"line":70},"8":{"loc":{"start":{"line":84,"column":57},"end":{"line":84,"column":85}},"type":"cond-expr","locations":[{"start":{"line":84,"column":67},"end":{"line":84,"column":73}},{"start":{"line":84,"column":76},"end":{"line":84,"column":85}}],"line":84},"9":{"loc":{"start":{"line":96,"column":7},"end":{"line":119,"column":7}},"type":"binary-expr","locations":[{"start":{"line":96,"column":7},"end":{"line":96,"column":33}},{"start":{"line":97,"column":8},"end":{"line":118,"column":15}}],"line":96},"10":{"loc":{"start":{"line":98,"column":11},"end":{"line":117,"column":11}},"type":"cond-expr","locations":[{"start":{"line":99,"column":12},"end":{"line":99,"column":99}},{"start":{"line":101,"column":12},"end":{"line":116,"column":14}}],"line":98},"11":{"loc":{"start":{"line":104,"column":45},"end":{"line":104,"column":86}},"type":"binary-expr","locations":[{"start":{"line":104,"column":45},"end":{"line":104,"column":56}},{"start":{"line":104,"column":60},"end":{"line":104,"column":86}}],"line":104},"12":{"loc":{"start":{"line":111,"column":21},"end":{"line":111,"column":69}},"type":"cond-expr","locations":[{"start":{"line":111,"column":40},"end":{"line":111,"column":64}},{"start":{"line":111,"column":67},"end":{"line":111,"column":69}}],"line":111},"13":{"loc":{"start":{"line":121,"column":7},"end":{"line":123,"column":7}},"type":"binary-expr","locations":[{"start":{"line":121,"column":7},"end":{"line":121,"column":37}},{"start":{"line":122,"column":8},"end":{"line":122,"column":84}}],"line":121},"14":{"loc":{"start":{"line":125,"column":7},"end":{"line":175,"column":7}},"type":"binary-expr","locations":[{"start":{"line":125,"column":7},"end":{"line":125,"column":24}},{"start":{"line":126,"column":8},"end":{"line":174,"column":15}}],"line":125},"15":{"loc":{"start":{"line":132,"column":42},"end":{"line":132,"column":84}},"type":"binary-expr","locations":[{"start":{"line":132,"column":42},"end":{"line":132,"column":57}},{"start":{"line":132,"column":61},"end":{"line":132,"column":84}}],"line":132}},"s":{"0":1,"1":8,"2":8,"3":4,"4":8,"5":2,"6":2,"7":2,"8":1,"9":8,"10":1,"11":1,"12":1,"13":8,"14":1,"15":19,"16":19,"17":19,"18":19,"19":19,"20":19,"21":57,"22":19,"23":12,"24":19,"25":4,"26":1,"27":1,"28":3,"29":3,"30":19,"31":5,"32":4,"33":4,"34":4,"35":4,"36":5,"37":0,"38":4,"39":1},"f":{"0":8,"1":4,"2":2,"3":1,"4":19,"5":57,"6":12,"7":4,"8":1,"9":5,"10":4,"11":4,"12":4,"13":5,"14":0,"15":4},"b":{"0":[1,1],"1":[1,0],"2":[1,0],"3":[8,0],"4":[8,0],"5":[19,0],"6":[6,13],"7":[1,3],"8":[0,19],"9":[19,6],"10":[1,5],"11":[5,0],"12":[5,0],"13":[19,0],"14":[19,4],"15":[4,0]},"_coverageSchema":"1a1c01bbd47fc00a2c39e90264f33305004495a9","hash":"c37707a897739f842a8a32e763eeed0bef74c681"}
,"/home/pcp/Documentos/proyectos/ims_reactnative/context/AmbulanciaContext.tsx": {"path":"/home/pcp/Documentos/proyectos/ims_reactnative/context/AmbulanciaContext.tsx","statementMap":{"0":{"start":{"line":21,"column":26},"end":{"line":21,"column":75}},"1":{"start":{"line":23,"column":34},"end":{"line":79,"column":1}},"2":{"start":{"line":24,"column":19},"end":{"line":24,"column":28}},"3":{"start":{"line":25,"column":40},"end":{"line":25,"column":66}},"4":{"start":{"line":26,"column":32},"end":{"line":26,"column":47}},"5":{"start":{"line":27,"column":28},"end":{"line":27,"column":57}},"6":{"start":{"line":29,"column":2},"end":{"line":31,"column":19}},"7":{"start":{"line":30,"column":4},"end":{"line":30,"column":33}},"8":{"start":{"line":30,"column":14},"end":{"line":30,"column":33}},"9":{"start":{"line":33,"column":27},"end":{"line":55,"column":18}},"10":{"start":{"line":34,"column":4},"end":{"line":34,"column":21}},"11":{"start":{"line":35,"column":4},"end":{"line":35,"column":19}},"12":{"start":{"line":36,"column":4},"end":{"line":54,"column":5}},"13":{"start":{"line":37,"column":23},"end":{"line":37,"column":68}},"14":{"start":{"line":39,"column":6},"end":{"line":39,"column":68}},"15":{"start":{"line":39,"column":24},"end":{"line":39,"column":68}},"16":{"start":{"line":40,"column":19},"end":{"line":40,"column":40}},"17":{"start":{"line":41,"column":6},"end":{"line":47,"column":8}},"18":{"start":{"line":42,"column":30},"end":{"line":46,"column":9}},"19":{"start":{"line":49,"column":6},"end":{"line":49,"column":54}},"20":{"start":{"line":50,"column":6},"end":{"line":50,"column":49}},"21":{"start":{"line":51,"column":6},"end":{"line":51,"column":25}},"22":{"start":{"line":53,"column":6},"end":{"line":53,"column":24}},"23":{"start":{"line":57,"column":24},"end":{"line":71,"column":3}},"24":{"start":{"line":59,"column":21},"end":{"line":63,"column":8}},"25":{"start":{"line":64,"column":23},"end":{"line":66,"column":8}},"26":{"start":{"line":67,"column":6},"end":{"line":67,"column":68}},"27":{"start":{"line":67,"column":24},"end":{"line":67,"column":68}},"28":{"start":{"line":68,"column":6},"end":{"line":68,"column":31}},"29":{"start":{"line":73,"column":16},"end":{"line":76,"column":3}},"30":{"start":{"line":74,"column":11},"end":{"line":74,"column":57}},"31":{"start":{"line":78,"column":2},"end":{"line":78,"column":91}},"32":{"start":{"line":81,"column":30},"end":{"line":85,"column":1}},"33":{"start":{"line":82,"column":14},"end":{"line":82,"column":43}},"34":{"start":{"line":83,"column":2},"end":{"line":83,"column":87}},"35":{"start":{"line":83,"column":12},"end":{"line":83,"column":87}},"36":{"start":{"line":84,"column":2},"end":{"line":84,"column":13}}},"fnMap":{"0":{"name":"(anonymous_0)","decl":{"start":{"line":23,"column":34},"end":{"line":23,"column":35}},"loc":{"start":{"line":23,"column":77},"end":{"line":79,"column":1}},"line":23},"1":{"name":"(anonymous_1)","decl":{"start":{"line":29,"column":12},"end":{"line":29,"column":13}},"loc":{"start":{"line":29,"column":18},"end":{"line":31,"column":3}},"line":29},"2":{"name":"(anonymous_2)","decl":{"start":{"line":33,"column":39},"end":{"line":33,"column":40}},"loc":{"start":{"line":33,"column":51},"end":{"line":55,"column":3}},"line":33},"3":{"name":"(anonymous_3)","decl":{"start":{"line":42,"column":17},"end":{"line":42,"column":18}},"loc":{"start":{"line":42,"column":30},"end":{"line":46,"column":9}},"line":42},"4":{"name":"(anonymous_4)","decl":{"start":{"line":58,"column":4},"end":{"line":58,"column":5}},"loc":{"start":{"line":58,"column":62},"end":{"line":69,"column":5}},"line":58},"5":{"name":"(anonymous_5)","decl":{"start":{"line":74,"column":4},"end":{"line":74,"column":5}},"loc":{"start":{"line":74,"column":11},"end":{"line":74,"column":57}},"line":74},"6":{"name":"(anonymous_6)","decl":{"start":{"line":81,"column":30},"end":{"line":81,"column":31}},"loc":{"start":{"line":81,"column":36},"end":{"line":85,"column":1}},"line":81}},"branchMap":{"0":{"loc":{"start":{"line":30,"column":4},"end":{"line":30,"column":33}},"type":"if","locations":[{"start":{"line":30,"column":4},"end":{"line":30,"column":33}},{"start":{},"end":{}}],"line":30},"1":{"loc":{"start":{"line":39,"column":6},"end":{"line":39,"column":68}},"type":"if","locations":[{"start":{"line":39,"column":6},"end":{"line":39,"column":68}},{"start":{},"end":{}}],"line":39},"2":{"loc":{"start":{"line":50,"column":15},"end":{"line":50,"column":47}},"type":"binary-expr","locations":[{"start":{"line":50,"column":15},"end":{"line":50,"column":24}},{"start":{"line":50,"column":28},"end":{"line":50,"column":47}}],"line":50},"3":{"loc":{"start":{"line":61,"column":15},"end":{"line":61,"column":37}},"type":"binary-expr","locations":[{"start":{"line":61,"column":15},"end":{"line":61,"column":31}},{"start":{"line":61,"column":35},"end":{"line":61,"column":37}}],"line":61},"4":{"loc":{"start":{"line":67,"column":6},"end":{"line":67,"column":68}},"type":"if","locations":[{"start":{"line":67,"column":6},"end":{"line":67,"column":68}},{"start":{},"end":{}}],"line":67},"5":{"loc":{"start":{"line":83,"column":2},"end":{"line":83,"column":87}},"type":"if","locations":[{"start":{"line":83,"column":2},"end":{"line":83,"column":87}},{"start":{},"end":{}}],"line":83}},"s":{"0":1,"1":1,"2":9,"3":9,"4":9,"5":9,"6":9,"7":3,"8":3,"9":9,"10":3,"11":3,"12":3,"13":3,"14":2,"15":1,"16":1,"17":1,"18":1,"19":2,"20":2,"21":2,"22":3,"23":9,"24":0,"25":0,"26":0,"27":0,"28":0,"29":9,"30":9,"31":9,"32":1,"33":11,"34":11,"35":2,"36":9},"f":{"0":9,"1":3,"2":3,"3":1,"4":0,"5":9,"6":11},"b":{"0":[3,0],"1":[1,1],"2":[2,0],"3":[0,0],"4":[0,0],"5":[2,9]},"_coverageSchema":"1a1c01bbd47fc00a2c39e90264f33305004495a9","hash":"4aa585163e59f8aea37fa6bed4ddce1d8fe33216"}
,"/home/pcp/Documentos/proyectos/ims_reactnative/context/AtencionContext.tsx": {"path":"/home/pcp/Documentos/proyectos/ims_reactnative/context/AtencionContext.tsx","statementMap":{"0":{"start":{"line":25,"column":24},"end":{"line":25,"column":71}},"1":{"start":{"line":27,"column":32},"end":{"line":198,"column":1}},"2":{"start":{"line":28,"column":38},"end":{"line":28,"column":62}},"3":{"start":{"line":29,"column":52},"end":{"line":29,"column":83}},"4":{"start":{"line":30,"column":32},"end":{"line":30,"column":47}},"5":{"start":{"line":31,"column":28},"end":{"line":31,"column":57}},"6":{"start":{"line":33,"column":26},"end":{"line":119,"column":8}},"7":{"start":{"line":34,"column":4},"end":{"line":37,"column":5}},"8":{"start":{"line":35,"column":6},"end":{"line":35,"column":51}},"9":{"start":{"line":35,"column":30},"end":{"line":35,"column":49}},"10":{"start":{"line":36,"column":6},"end":{"line":36,"column":18}},"11":{"start":{"line":38,"column":4},"end":{"line":38,"column":21}},"12":{"start":{"line":39,"column":4},"end":{"line":39,"column":19}},"13":{"start":{"line":40,"column":4},"end":{"line":118,"column":5}},"14":{"start":{"line":41,"column":28},"end":{"line":44,"column":7}},"15":{"start":{"line":42,"column":21},"end":{"line":42,"column":48}},"16":{"start":{"line":43,"column":8},"end":{"line":43,"column":49}},"17":{"start":{"line":46,"column":23},"end":{"line":50,"column":7}},"18":{"start":{"line":47,"column":21},"end":{"line":47,"column":40}},"19":{"start":{"line":48,"column":22},"end":{"line":48,"column":58}},"20":{"start":{"line":49,"column":8},"end":{"line":49,"column":69}},"21":{"start":{"line":52,"column":22},"end":{"line":92,"column":7}},"22":{"start":{"line":59,"column":59},"end":{"line":71,"column":9}},"23":{"start":{"line":86,"column":67},"end":{"line":90,"column":9}},"24":{"start":{"line":94,"column":27},"end":{"line":97,"column":8}},"25":{"start":{"line":98,"column":6},"end":{"line":107,"column":7}},"26":{"start":{"line":99,"column":26},"end":{"line":99,"column":69}},"27":{"start":{"line":99,"column":65},"end":{"line":99,"column":67}},"28":{"start":{"line":100,"column":8},"end":{"line":100,"column":75}},"29":{"start":{"line":101,"column":8},"end":{"line":105,"column":9}},"30":{"start":{"line":102,"column":10},"end":{"line":104,"column":12}},"31":{"start":{"line":106,"column":8},"end":{"line":106,"column":78}},"32":{"start":{"line":108,"column":21},"end":{"line":108,"column":46}},"33":{"start":{"line":109,"column":6},"end":{"line":109,"column":59}},"34":{"start":{"line":111,"column":6},"end":{"line":111,"column":51}},"35":{"start":{"line":111,"column":30},"end":{"line":111,"column":49}},"36":{"start":{"line":112,"column":6},"end":{"line":112,"column":20}},"37":{"start":{"line":114,"column":6},"end":{"line":114,"column":49}},"38":{"start":{"line":115,"column":6},"end":{"line":115,"column":14}},"39":{"start":{"line":117,"column":6},"end":{"line":117,"column":24}},"40":{"start":{"line":121,"column":26},"end":{"line":142,"column":8}},"41":{"start":{"line":122,"column":4},"end":{"line":122,"column":21}},"42":{"start":{"line":123,"column":4},"end":{"line":123,"column":19}},"43":{"start":{"line":124,"column":4},"end":{"line":141,"column":5}},"44":{"start":{"line":125,"column":23},"end":{"line":125,"column":67}},"45":{"start":{"line":126,"column":6},"end":{"line":126,"column":68}},"46":{"start":{"line":126,"column":24},"end":{"line":126,"column":68}},"47":{"start":{"line":127,"column":19},"end":{"line":127,"column":40}},"48":{"start":{"line":128,"column":21},"end":{"line":135,"column":9}},"49":{"start":{"line":128,"column":43},"end":{"line":135,"column":7}},"50":{"start":{"line":136,"column":6},"end":{"line":136,"column":35}},"51":{"start":{"line":138,"column":6},"end":{"line":138,"column":49}},"52":{"start":{"line":140,"column":6},"end":{"line":140,"column":24}},"53":{"start":{"line":144,"column":31},"end":{"line":174,"column":3}},"54":{"start":{"line":146,"column":6},"end":{"line":171,"column":7}},"55":{"start":{"line":147,"column":25},"end":{"line":147,"column":78}},"56":{"start":{"line":148,"column":8},"end":{"line":148,"column":70}},"57":{"start":{"line":148,"column":26},"end":{"line":148,"column":70}},"58":{"start":{"line":149,"column":21},"end":{"line":149,"column":42}},"59":{"start":{"line":150,"column":22},"end":{"line":150,"column":34}},"60":{"start":{"line":152,"column":23},"end":{"line":152,"column":41}},"61":{"start":{"line":153,"column":8},"end":{"line":156,"column":9}},"62":{"start":{"line":154,"column":23},"end":{"line":154,"column":58}},"63":{"start":{"line":154,"column":55},"end":{"line":154,"column":57}},"64":{"start":{"line":155,"column":10},"end":{"line":155,"column":91}},"65":{"start":{"line":157,"column":26},"end":{"line":157,"column":45}},"66":{"start":{"line":158,"column":8},"end":{"line":158,"column":73}},"67":{"start":{"line":160,"column":24},"end":{"line":160,"column":66}},"68":{"start":{"line":160,"column":54},"end":{"line":160,"column":65}},"69":{"start":{"line":161,"column":8},"end":{"line":164,"column":9}},"70":{"start":{"line":162,"column":10},"end":{"line":162,"column":65}},"71":{"start":{"line":163,"column":10},"end":{"line":163,"column":71}},"72":{"start":{"line":166,"column":8},"end":{"line":166,"column":25}},"73":{"start":{"line":168,"column":8},"end":{"line":168,"column":59}},"74":{"start":{"line":169,"column":8},"end":{"line":169,"column":51}},"75":{"start":{"line":170,"column":8},"end":{"line":170,"column":20}},"76":{"start":{"line":176,"column":16},"end":{"line":195,"column":3}},"77":{"start":{"line":177,"column":11},"end":{"line":185,"column":5}},"78":{"start":{"line":197,"column":2},"end":{"line":197,"column":87}},"79":{"start":{"line":200,"column":29},"end":{"line":204,"column":1}},"80":{"start":{"line":201,"column":14},"end":{"line":201,"column":41}},"81":{"start":{"line":202,"column":2},"end":{"line":202,"column":84}},"82":{"start":{"line":202,"column":12},"end":{"line":202,"column":84}},"83":{"start":{"line":203,"column":2},"end":{"line":203,"column":13}}},"fnMap":{"0":{"name":"(anonymous_0)","decl":{"start":{"line":27,"column":32},"end":{"line":27,"column":33}},"loc":{"start":{"line":27,"column":75},"end":{"line":198,"column":1}},"line":27},"1":{"name":"(anonymous_1)","decl":{"start":{"line":33,"column":38},"end":{"line":33,"column":39}},"loc":{"start":{"line":33,"column":90},"end":{"line":119,"column":3}},"line":33},"2":{"name":"(anonymous_2)","decl":{"start":{"line":35,"column":20},"end":{"line":35,"column":21}},"loc":{"start":{"line":35,"column":30},"end":{"line":35,"column":49}},"line":35},"3":{"name":"(anonymous_3)","decl":{"start":{"line":41,"column":28},"end":{"line":41,"column":29}},"loc":{"start":{"line":41,"column":46},"end":{"line":44,"column":7}},"line":41},"4":{"name":"(anonymous_4)","decl":{"start":{"line":46,"column":23},"end":{"line":46,"column":24}},"loc":{"start":{"line":46,"column":41},"end":{"line":50,"column":7}},"line":46},"5":{"name":"(anonymous_5)","decl":{"start":{"line":59,"column":51},"end":{"line":59,"column":52}},"loc":{"start":{"line":59,"column":59},"end":{"line":71,"column":9}},"line":59},"6":{"name":"(anonymous_6)","decl":{"start":{"line":86,"column":59},"end":{"line":86,"column":60}},"loc":{"start":{"line":86,"column":67},"end":{"line":90,"column":9}},"line":86},"7":{"name":"(anonymous_7)","decl":{"start":{"line":99,"column":58},"end":{"line":99,"column":59}},"loc":{"start":{"line":99,"column":65},"end":{"line":99,"column":67}},"line":99},"8":{"name":"(anonymous_8)","decl":{"start":{"line":111,"column":20},"end":{"line":111,"column":21}},"loc":{"start":{"line":111,"column":30},"end":{"line":111,"column":49}},"line":111},"9":{"name":"(anonymous_9)","decl":{"start":{"line":121,"column":38},"end":{"line":121,"column":39}},"loc":{"start":{"line":121,"column":50},"end":{"line":142,"column":3}},"line":121},"10":{"name":"(anonymous_10)","decl":{"start":{"line":128,"column":30},"end":{"line":128,"column":31}},"loc":{"start":{"line":128,"column":43},"end":{"line":135,"column":7}},"line":128},"11":{"name":"(anonymous_11)","decl":{"start":{"line":145,"column":4},"end":{"line":145,"column":5}},"loc":{"start":{"line":145,"column":26},"end":{"line":172,"column":5}},"line":145},"12":{"name":"(anonymous_12)","decl":{"start":{"line":154,"column":49},"end":{"line":154,"column":50}},"loc":{"start":{"line":154,"column":55},"end":{"line":154,"column":57}},"line":154},"13":{"name":"(anonymous_13)","decl":{"start":{"line":160,"column":47},"end":{"line":160,"column":48}},"loc":{"start":{"line":160,"column":54},"end":{"line":160,"column":65}},"line":160},"14":{"name":"(anonymous_14)","decl":{"start":{"line":177,"column":4},"end":{"line":177,"column":5}},"loc":{"start":{"line":177,"column":11},"end":{"line":185,"column":5}},"line":177},"15":{"name":"(anonymous_15)","decl":{"start":{"line":200,"column":29},"end":{"line":200,"column":30}},"loc":{"start":{"line":200,"column":35},"end":{"line":204,"column":1}},"line":200}},"branchMap":{"0":{"loc":{"start":{"line":34,"column":4},"end":{"line":37,"column":5}},"type":"if","locations":[{"start":{"line":34,"column":4},"end":{"line":37,"column":5}},{"start":{},"end":{}}],"line":34},"1":{"loc":{"start":{"line":89,"column":25},"end":{"line":89,"column":46}},"type":"binary-expr","locations":[{"start":{"line":89,"column":25},"end":{"line":89,"column":40}},{"start":{"line":89,"column":44},"end":{"line":89,"column":46}}],"line":89},"2":{"loc":{"start":{"line":98,"column":6},"end":{"line":107,"column":7}},"type":"if","locations":[{"start":{"line":98,"column":6},"end":{"line":107,"column":7}},{"start":{},"end":{}}],"line":98},"3":{"loc":{"start":{"line":101,"column":8},"end":{"line":105,"column":9}},"type":"if","locations":[{"start":{"line":101,"column":8},"end":{"line":105,"column":9}},{"start":{},"end":{}}],"line":101},"4":{"loc":{"start":{"line":114,"column":15},"end":{"line":114,"column":47}},"type":"binary-expr","locations":[{"start":{"line":114,"column":15},"end":{"line":114,"column":24}},{"start":{"line":114,"column":28},"end":{"line":114,"column":47}}],"line":114},"5":{"loc":{"start":{"line":126,"column":6},"end":{"line":126,"column":68}},"type":"if","locations":[{"start":{"line":126,"column":6},"end":{"line":126,"column":68}},{"start":{},"end":{}}],"line":126},"6":{"loc":{"start":{"line":133,"column":23},"end":{"line":133,"column":44}},"type":"binary-expr","locations":[{"start":{"line":133,"column":23},"end":{"line":133,"column":38}},{"start":{"line":133,"column":42},"end":{"line":133,"column":44}}],"line":133},"7":{"loc":{"start":{"line":134,"column":35},"end":{"line":134,"column":81}},"type":"binary-expr","locations":[{"start":{"line":134,"column":35},"end":{"line":134,"column":63}},{"start":{"line":134,"column":67},"end":{"line":134,"column":81}}],"line":134},"8":{"loc":{"start":{"line":138,"column":15},"end":{"line":138,"column":47}},"type":"binary-expr","locations":[{"start":{"line":138,"column":15},"end":{"line":138,"column":24}},{"start":{"line":138,"column":28},"end":{"line":138,"column":47}}],"line":138},"9":{"loc":{"start":{"line":148,"column":8},"end":{"line":148,"column":70}},"type":"if","locations":[{"start":{"line":148,"column":8},"end":{"line":148,"column":70}},{"start":{},"end":{}}],"line":148},"10":{"loc":{"start":{"line":153,"column":8},"end":{"line":156,"column":9}},"type":"if","locations":[{"start":{"line":153,"column":8},"end":{"line":156,"column":9}},{"start":{},"end":{}}],"line":153},"11":{"loc":{"start":{"line":161,"column":8},"end":{"line":164,"column":9}},"type":"if","locations":[{"start":{"line":161,"column":8},"end":{"line":164,"column":9}},{"start":{},"end":{}}],"line":161},"12":{"loc":{"start":{"line":161,"column":12},"end":{"line":161,"column":41}},"type":"binary-expr","locations":[{"start":{"line":161,"column":12},"end":{"line":161,"column":19}},{"start":{"line":161,"column":23},"end":{"line":161,"column":41}}],"line":161},"13":{"loc":{"start":{"line":169,"column":17},"end":{"line":169,"column":49}},"type":"binary-expr","locations":[{"start":{"line":169,"column":17},"end":{"line":169,"column":26}},{"start":{"line":169,"column":30},"end":{"line":169,"column":49}}],"line":169},"14":{"loc":{"start":{"line":202,"column":2},"end":{"line":202,"column":84}},"type":"if","locations":[{"start":{"line":202,"column":2},"end":{"line":202,"column":84}},{"start":{},"end":{}}],"line":202}},"s":{"0":1,"1":1,"2":12,"3":12,"4":12,"5":12,"6":12,"7":3,"8":0,"9":0,"10":0,"11":3,"12":3,"13":3,"14":3,"15":24,"16":24,"17":3,"18":3,"19":3,"20":3,"21":3,"22":3,"23":3,"24":3,"25":3,"26":2,"27":0,"28":2,"29":2,"30":1,"31":1,"32":1,"33":1,"34":1,"35":1,"36":1,"37":2,"38":2,"39":3,"40":12,"41":3,"42":3,"43":3,"44":3,"45":3,"46":1,"47":2,"48":2,"49":3,"50":2,"51":1,"52":3,"53":12,"54":2,"55":2,"56":2,"57":0,"58":2,"59":2,"60":2,"61":2,"62":1,"63":0,"64":1,"65":1,"66":1,"67":1,"68":1,"69":1,"70":1,"71":1,"72":1,"73":1,"74":1,"75":1,"76":12,"77":12,"78":12,"79":1,"80":14,"81":14,"82":2,"83":12},"f":{"0":12,"1":3,"2":0,"3":24,"4":3,"5":3,"6":3,"7":0,"8":1,"9":3,"10":3,"11":2,"12":0,"13":1,"14":12,"15":14},"b":{"0":[0,3],"1":[3,0],"2":[2,1],"3":[1,1],"4":[2,0],"5":[1,2],"6":[3,1],"7":[3,1],"8":[1,0],"9":[0,2],"10":[1,1],"11":[1,0],"12":[1,1],"13":[1,0],"14":[2,12]},"_coverageSchema":"1a1c01bbd47fc00a2c39e90264f33305004495a9","hash":"96155c2e832b4f3262a06640ff347f6a07edd269"}
,"/home/pcp/Documentos/proyectos/ims_reactnative/context/AuthContext.tsx": {"path":"/home/pcp/Documentos/proyectos/ims_reactnative/context/AuthContext.tsx","statementMap":{"0":{"start":{"line":33,"column":20},"end":{"line":33,"column":63}},"1":{"start":{"line":35,"column":23},"end":{"line":44,"column":1}},"2":{"start":{"line":36,"column":18},"end":{"line":39,"column":4}},"3":{"start":{"line":40,"column":23},"end":{"line":40,"column":56}},"4":{"start":{"line":41,"column":2},"end":{"line":41,"column":80}},"5":{"start":{"line":41,"column":20},"end":{"line":41,"column":80}},"6":{"start":{"line":42,"column":18},"end":{"line":42,"column":51}},"7":{"start":{"line":43,"column":2},"end":{"line":43,"column":43}},"8":{"start":{"line":47,"column":26},"end":{"line":47,"column":46}},"9":{"start":{"line":48,"column":32},"end":{"line":48,"column":46}},"10":{"start":{"line":49,"column":54},"end":{"line":52,"column":17}},"11":{"start":{"line":54,"column":2},"end":{"line":128,"column":9}},"12":{"start":{"line":55,"column":4},"end":{"line":55,"column":50}},"13":{"start":{"line":55,"column":35},"end":{"line":55,"column":48}},"14":{"start":{"line":57,"column":20},"end":{"line":85,"column":5}},"15":{"start":{"line":58,"column":6},"end":{"line":84,"column":7}},"16":{"start":{"line":59,"column":22},"end":{"line":59,"column":56}},"17":{"start":{"line":60,"column":29},"end":{"line":60,"column":68}},"18":{"start":{"line":62,"column":8},"end":{"line":65,"column":9}},"19":{"start":{"line":63,"column":10},"end":{"line":63,"column":24}},"20":{"start":{"line":64,"column":10},"end":{"line":64,"column":17}},"21":{"start":{"line":67,"column":24},"end":{"line":67,"column":57}},"22":{"start":{"line":69,"column":8},"end":{"line":77,"column":9}},"23":{"start":{"line":70,"column":10},"end":{"line":76,"column":13}},"24":{"start":{"line":79,"column":8},"end":{"line":79,"column":35}},"25":{"start":{"line":81,"column":8},"end":{"line":81,"column":54}},"26":{"start":{"line":83,"column":8},"end":{"line":83,"column":26}},"27":{"start":{"line":87,"column":4},"end":{"line":87,"column":14}},"28":{"start":{"line":89,"column":30},"end":{"line":89,"column":49}},"29":{"start":{"line":90,"column":16},"end":{"line":121,"column":6}},"30":{"start":{"line":91,"column":6},"end":{"line":91,"column":37}},"31":{"start":{"line":91,"column":30},"end":{"line":91,"column":37}},"32":{"start":{"line":93,"column":40},"end":{"line":96,"column":8}},"33":{"start":{"line":98,"column":6},"end":{"line":98,"column":32}},"34":{"start":{"line":98,"column":25},"end":{"line":98,"column":32}},"35":{"start":{"line":100,"column":22},"end":{"line":100,"column":55}},"36":{"start":{"line":102,"column":6},"end":{"line":110,"column":7}},"37":{"start":{"line":103,"column":8},"end":{"line":109,"column":11}},"38":{"start":{"line":112,"column":6},"end":{"line":120,"column":7}},"39":{"start":{"line":113,"column":8},"end":{"line":119,"column":11}},"40":{"start":{"line":123,"column":4},"end":{"line":127,"column":6}},"41":{"start":{"line":124,"column":6},"end":{"line":124,"column":19}},"42":{"start":{"line":125,"column":6},"end":{"line":125,"column":26}},"43":{"start":{"line":126,"column":6},"end":{"line":126,"column":41}},"44":{"start":{"line":131,"column":4},"end":{"line":158,"column":5}},"45":{"start":{"line":132,"column":24},"end":{"line":132,"column":46}},"46":{"start":{"line":134,"column":23},"end":{"line":143,"column":8}},"47":{"start":{"line":145,"column":6},"end":{"line":149,"column":7}},"48":{"start":{"line":146,"column":26},"end":{"line":146,"column":65}},"49":{"start":{"line":146,"column":61},"end":{"line":146,"column":63}},"50":{"start":{"line":147,"column":8},"end":{"line":147,"column":80}},"51":{"start":{"line":148,"column":8},"end":{"line":148,"column":21}},"52":{"start":{"line":151,"column":28},"end":{"line":151,"column":62}},"53":{"start":{"line":152,"column":6},"end":{"line":152,"column":86}},"54":{"start":{"line":152,"column":25},"end":{"line":152,"column":86}},"55":{"start":{"line":154,"column":6},"end":{"line":154,"column":18}},"56":{"start":{"line":156,"column":6},"end":{"line":156,"column":39}},"57":{"start":{"line":157,"column":6},"end":{"line":157,"column":19}},"58":{"start":{"line":162,"column":4},"end":{"line":162,"column":41}},"59":{"start":{"line":162,"column":29},"end":{"line":162,"column":41}},"60":{"start":{"line":164,"column":4},"end":{"line":247,"column":5}},"61":{"start":{"line":165,"column":24},"end":{"line":165,"column":46}},"62":{"start":{"line":168,"column":23},"end":{"line":177,"column":8}},"63":{"start":{"line":179,"column":6},"end":{"line":183,"column":7}},"64":{"start":{"line":180,"column":26},"end":{"line":180,"column":65}},"65":{"start":{"line":180,"column":61},"end":{"line":180,"column":63}},"66":{"start":{"line":181,"column":8},"end":{"line":181,"column":68}},"67":{"start":{"line":182,"column":8},"end":{"line":182,"column":20}},"68":{"start":{"line":185,"column":19},"end":{"line":185,"column":40}},"69":{"start":{"line":187,"column":28},"end":{"line":187,"column":62}},"70":{"start":{"line":188,"column":6},"end":{"line":188,"column":86}},"71":{"start":{"line":188,"column":25},"end":{"line":188,"column":86}},"72":{"start":{"line":190,"column":26},"end":{"line":190,"column":59}},"73":{"start":{"line":192,"column":6},"end":{"line":195,"column":7}},"74":{"start":{"line":193,"column":8},"end":{"line":193,"column":67}},"75":{"start":{"line":194,"column":8},"end":{"line":194,"column":20}},"76":{"start":{"line":197,"column":24},"end":{"line":197,"column":54}},"77":{"start":{"line":198,"column":28},"end":{"line":198,"column":59}},"78":{"start":{"line":200,"column":6},"end":{"line":200,"column":57}},"79":{"start":{"line":201,"column":6},"end":{"line":201,"column":67}},"80":{"start":{"line":203,"column":27},"end":{"line":203,"column":45}},"81":{"start":{"line":204,"column":23},"end":{"line":204,"column":25}},"82":{"start":{"line":205,"column":22},"end":{"line":205,"column":24}},"83":{"start":{"line":206,"column":23},"end":{"line":206,"column":25}},"84":{"start":{"line":208,"column":6},"end":{"line":221,"column":7}},"85":{"start":{"line":209,"column":29},"end":{"line":209,"column":71}},"86":{"start":{"line":210,"column":8},"end":{"line":218,"column":9}},"87":{"start":{"line":211,"column":38},"end":{"line":211,"column":63}},"88":{"start":{"line":212,"column":24},"end":{"line":212,"column":73}},"89":{"start":{"line":212,"column":49},"end":{"line":212,"column":72}},"90":{"start":{"line":213,"column":10},"end":{"line":217,"column":11}},"91":{"start":{"line":214,"column":12},"end":{"line":214,"column":48}},"92":{"start":{"line":215,"column":12},"end":{"line":215,"column":46}},"93":{"start":{"line":216,"column":12},"end":{"line":216,"column":52}},"94":{"start":{"line":220,"column":8},"end":{"line":220,"column":65}},"95":{"start":{"line":223,"column":44},"end":{"line":228,"column":7}},"96":{"start":{"line":229,"column":30},"end":{"line":229,"column":56}},"97":{"start":{"line":230,"column":33},"end":{"line":230,"column":78}},"98":{"start":{"line":232,"column":31},"end":{"line":238,"column":7}},"99":{"start":{"line":240,"column":6},"end":{"line":240,"column":69}},"100":{"start":{"line":241,"column":6},"end":{"line":241,"column":26}},"101":{"start":{"line":242,"column":6},"end":{"line":242,"column":89}},"102":{"start":{"line":242,"column":38},"end":{"line":242,"column":87}},"103":{"start":{"line":243,"column":6},"end":{"line":243,"column":74}},"104":{"start":{"line":245,"column":6},"end":{"line":245,"column":43}},"105":{"start":{"line":246,"column":6},"end":{"line":246,"column":18}},"106":{"start":{"line":251,"column":4},"end":{"line":256,"column":5}},"107":{"start":{"line":252,"column":6},"end":{"line":252,"column":27}},"108":{"start":{"line":253,"column":6},"end":{"line":253,"column":20}},"109":{"start":{"line":255,"column":6},"end":{"line":255,"column":40}},"110":{"start":{"line":259,"column":2},"end":{"line":273,"column":4}},"111":{"start":{"line":277,"column":14},"end":{"line":277,"column":37}},"112":{"start":{"line":278,"column":2},"end":{"line":278,"column":74}},"113":{"start":{"line":278,"column":12},"end":{"line":278,"column":74}},"114":{"start":{"line":279,"column":2},"end":{"line":279,"column":13}}},"fnMap":{"0":{"name":"(anonymous_0)","decl":{"start":{"line":35,"column":23},"end":{"line":35,"column":24}},"loc":{"start":{"line":35,"column":52},"end":{"line":44,"column":1}},"line":35},"1":{"name":"AuthProvider","decl":{"start":{"line":46,"column":16},"end":{"line":46,"column":28}},"loc":{"start":{"line":46,"column":68},"end":{"line":274,"column":1}},"line":46},"2":{"name":"(anonymous_2)","decl":{"start":{"line":54,"column":12},"end":{"line":54,"column":13}},"loc":{"start":{"line":54,"column":18},"end":{"line":128,"column":3}},"line":54},"3":{"name":"(anonymous_3)","decl":{"start":{"line":55,"column":29},"end":{"line":55,"column":30}},"loc":{"start":{"line":55,"column":35},"end":{"line":55,"column":48}},"line":55},"4":{"name":"(anonymous_4)","decl":{"start":{"line":57,"column":20},"end":{"line":57,"column":21}},"loc":{"start":{"line":57,"column":32},"end":{"line":85,"column":5}},"line":57},"5":{"name":"(anonymous_5)","decl":{"start":{"line":90,"column":52},"end":{"line":90,"column":53}},"loc":{"start":{"line":90,"column":69},"end":{"line":121,"column":5}},"line":90},"6":{"name":"(anonymous_6)","decl":{"start":{"line":123,"column":11},"end":{"line":123,"column":12}},"loc":{"start":{"line":123,"column":17},"end":{"line":127,"column":5}},"line":123},"7":{"name":"(anonymous_7)","decl":{"start":{"line":126,"column":31},"end":{"line":126,"column":32}},"loc":{"start":{"line":126,"column":37},"end":{"line":126,"column":39}},"line":126},"8":{"name":"login","decl":{"start":{"line":130,"column":17},"end":{"line":130,"column":22}},"loc":{"start":{"line":130,"column":77},"end":{"line":159,"column":3}},"line":130},"9":{"name":"(anonymous_9)","decl":{"start":{"line":146,"column":54},"end":{"line":146,"column":55}},"loc":{"start":{"line":146,"column":61},"end":{"line":146,"column":63}},"line":146},"10":{"name":"totpValid","decl":{"start":{"line":161,"column":17},"end":{"line":161,"column":26}},"loc":{"start":{"line":161,"column":46},"end":{"line":248,"column":3}},"line":161},"11":{"name":"(anonymous_11)","decl":{"start":{"line":180,"column":54},"end":{"line":180,"column":55}},"loc":{"start":{"line":180,"column":61},"end":{"line":180,"column":63}},"line":180},"12":{"name":"(anonymous_12)","decl":{"start":{"line":212,"column":42},"end":{"line":212,"column":43}},"loc":{"start":{"line":212,"column":49},"end":{"line":212,"column":72}},"line":212},"13":{"name":"(anonymous_13)","decl":{"start":{"line":242,"column":31},"end":{"line":242,"column":32}},"loc":{"start":{"line":242,"column":38},"end":{"line":242,"column":87}},"line":242},"14":{"name":"logout","decl":{"start":{"line":250,"column":17},"end":{"line":250,"column":23}},"loc":{"start":{"line":250,"column":41},"end":{"line":257,"column":3}},"line":250},"15":{"name":"useAuth","decl":{"start":{"line":276,"column":16},"end":{"line":276,"column":23}},"loc":{"start":{"line":276,"column":26},"end":{"line":280,"column":1}},"line":276}},"branchMap":{"0":{"loc":{"start":{"line":41,"column":2},"end":{"line":41,"column":80}},"type":"if","locations":[{"start":{"line":41,"column":2},"end":{"line":41,"column":80}},{"start":{},"end":{}}],"line":41},"1":{"loc":{"start":{"line":43,"column":9},"end":{"line":43,"column":42}},"type":"binary-expr","locations":[{"start":{"line":43,"column":9},"end":{"line":43,"column":36}},{"start":{"line":43,"column":40},"end":{"line":43,"column":42}}],"line":43},"2":{"loc":{"start":{"line":62,"column":8},"end":{"line":65,"column":9}},"type":"if","locations":[{"start":{"line":62,"column":8},"end":{"line":65,"column":9}},{"start":{},"end":{}}],"line":62},"3":{"loc":{"start":{"line":62,"column":12},"end":{"line":62,"column":35}},"type":"binary-expr","locations":[{"start":{"line":62,"column":12},"end":{"line":62,"column":18}},{"start":{"line":62,"column":22},"end":{"line":62,"column":35}}],"line":62},"4":{"loc":{"start":{"line":69,"column":8},"end":{"line":77,"column":9}},"type":"if","locations":[{"start":{"line":69,"column":8},"end":{"line":77,"column":9}},{"start":{},"end":{}}],"line":69},"5":{"loc":{"start":{"line":91,"column":6},"end":{"line":91,"column":37}},"type":"if","locations":[{"start":{"line":91,"column":6},"end":{"line":91,"column":37}},{"start":{},"end":{}}],"line":91},"6":{"loc":{"start":{"line":98,"column":6},"end":{"line":98,"column":32}},"type":"if","locations":[{"start":{"line":98,"column":6},"end":{"line":98,"column":32}},{"start":{},"end":{}}],"line":98},"7":{"loc":{"start":{"line":102,"column":6},"end":{"line":110,"column":7}},"type":"if","locations":[{"start":{"line":102,"column":6},"end":{"line":110,"column":7}},{"start":{},"end":{}}],"line":102},"8":{"loc":{"start":{"line":112,"column":6},"end":{"line":120,"column":7}},"type":"if","locations":[{"start":{"line":112,"column":6},"end":{"line":120,"column":7}},{"start":{},"end":{}}],"line":112},"9":{"loc":{"start":{"line":112,"column":10},"end":{"line":112,"column":51}},"type":"binary-expr","locations":[{"start":{"line":112,"column":10},"end":{"line":112,"column":19}},{"start":{"line":112,"column":23},"end":{"line":112,"column":51}}],"line":112},"10":{"loc":{"start":{"line":145,"column":6},"end":{"line":149,"column":7}},"type":"if","locations":[{"start":{"line":145,"column":6},"end":{"line":149,"column":7}},{"start":{},"end":{}}],"line":145},"11":{"loc":{"start":{"line":152,"column":6},"end":{"line":152,"column":86}},"type":"if","locations":[{"start":{"line":152,"column":6},"end":{"line":152,"column":86}},{"start":{},"end":{}}],"line":152},"12":{"loc":{"start":{"line":162,"column":4},"end":{"line":162,"column":41}},"type":"if","locations":[{"start":{"line":162,"column":4},"end":{"line":162,"column":41}},{"start":{},"end":{}}],"line":162},"13":{"loc":{"start":{"line":176,"column":42},"end":{"line":176,"column":56}},"type":"binary-expr","locations":[{"start":{"line":176,"column":42},"end":{"line":176,"column":50}},{"start":{"line":176,"column":54},"end":{"line":176,"column":56}}],"line":176},"14":{"loc":{"
[...]
,"/home/pcp/Documentos/proyectos/ims_reactnative/data/constants/ambulanciaEstados.ts": {"path":"/home/pcp/Documentos/proyectos/ims_reactnative/data/constants/ambulanciaEstados.ts","statementMap":{"0":{"start":{"line":2,"column":33},"end":{"line":8,"column":10}},"1":{"start":{"line":12,"column":73},"end":{"line":18,"column":1}}},"fnMap":{},"branchMap":{},"s":{"0":1,"1":1},"f":{},"b":{},"_coverageSchema":"1a1c01bbd47fc00a2c39e90264f33305004495a9","hash":"52b166b22bfb6ffef0ccce60be97b43325906dc7"}
,"/home/pcp/Documentos/proyectos/ims_reactnative/data/constants/defaultValues.ts": {"path":"/home/pcp/Documentos/proyectos/ims_reactnative/data/constants/defaultValues.ts","statementMap":{"0":{"start":{"line":3,"column":28},"end":{"line":3,"column":33}},"1":{"start":{"line":5,"column":50},"end":{"line":20,"column":1}},"2":{"start":{"line":22,"column":51},"end":{"line":47,"column":1}}},"fnMap":{},"branchMap":{},"s":{"0":2,"1":2,"2":2},"f":{},"b":{},"_coverageSchema":"1a1c01bbd47fc00a2c39e90264f33305004495a9","hash":"2fd4ed5f6d4ee67294414e46db162a146e247f59"}
,"/home/pcp/Documentos/proyectos/ims_reactnative/data/mock/mockDespachos.ts": {"path":"/home/pcp/Documentos/proyectos/ims_reactnative/data/mock/mockDespachos.ts","statementMap":{"0":{"start":{"line":28,"column":34},"end":{"line":37,"column":1}}},"fnMap":{},"branchMap":{},"s":{"0":1},"f":{},"b":{},"_coverageSchema":"1a1c01bbd47fc00a2c39e90264f33305004495a9","hash":"d3081aacb019441bfa31587340b9a93718df8029"}
,"/home/pcp/Documentos/proyectos/ims_reactnative/styles/globalStyles.ts": {"path":"/home/pcp/Documentos/proyectos/ims_reactnative/styles/globalStyles.ts","statementMap":{"0":{"start":{"line":3,"column":15},"end":{"line":77,"column":2}}},"fnMap":{},"branchMap":{},"s":{"0":1},"f":{},"b":{},"_coverageSchema":"1a1c01bbd47fc00a2c39e90264f33305004495a9","hash":"fc2e4ef3fdd469a3e130748da1320bbe4eae48b6"}
,"/home/pcp/Documentos/proyectos/ims_reactnative/utils/api.ts": {"path":"/home/pcp/Documentos/proyectos/ims_reactnative/utils/api.ts","statementMap":{"0":{"start":{"line":4,"column":24},"end":{"line":4,"column":90}},"1":{"start":{"line":6,"column":45},"end":{"line":6,"column":49}},"2":{"start":{"line":8,"column":40},"end":{"line":10,"column":1}},"3":{"start":{"line":9,"column":2},"end":{"line":9,"column":25}},"4":{"start":{"line":12,"column":28},"end":{"line":15,"column":1}},"5":{"start":{"line":13,"column":2},"end":{"line":13,"column":69}},"6":{"start":{"line":14,"column":2},"end":{"line":14,"column":33}},"7":{"start":{"line":17,"column":30},"end":{"line":45,"column":1}},"8":{"start":{"line":18,"column":18},"end":{"line":18,"column":51}},"9":{"start":{"line":19,"column":20},"end":{"line":19,"column":47}},"10":{"start":{"line":20,"column":20},"end":{"line":20,"column":47}},"11":{"start":{"line":22,"column":42},"end":{"line":28,"column":3}},"12":{"start":{"line":30,"column":19},"end":{"line":34,"column":4}},"13":{"start":{"line":36,"column":20},"end":{"line":36,"column":54}},"14":{"start":{"line":37,"column":2},"end":{"line":37,"column":74}},"15":{"start":{"line":37,"column":17},"end":{"line":37,"column":74}},"16":{"start":{"line":39,"column":2},"end":{"line":42,"column":3}},"17":{"start":{"line":40,"column":4},"end":{"line":40,"column":25}},"18":{"start":{"line":41,"column":4},"end":{"line":41,"column":26}},"19":{"start":{"line":44,"column":2},"end":{"line":44,"column":18}}},"fnMap":{"0":{"name":"(anonymous_0)","decl":{"start":{"line":8,"column":40},"end":{"line":8,"column":41}},"loc":{"start":{"line":8,"column":60},"end":{"line":10,"column":1}},"line":8},"1":{"name":"(anonymous_1)","decl":{"start":{"line":12,"column":28},"end":{"line":12,"column":29}},"loc":{"start":{"line":12,"column":40},"end":{"line":15,"column":1}},"line":12},"2":{"name":"(anonymous_2)","decl":{"start":{"line":17,"column":30},"end":{"line":17,"column":31}},"loc":{"start":{"line":17,"column":80},"end":{"line":45,"column":1}},"line":17}},"branchMap":{"0":{"loc":{"start":{"line":4,"column":24},"end":{"line":4,"column":90}},"type":"binary-expr","locations":[{"start":{"line":4,"column":24},"end":{"line":4,"column":55}},{"start":{"line":4,"column":59},"end":{"line":4,"column":90}}],"line":4},"1":{"loc":{"start":{"line":17,"column":50},"end":{"line":17,"column":75}},"type":"default-arg","locations":[{"start":{"line":17,"column":73},"end":{"line":17,"column":75}}],"line":17},"2":{"loc":{"start":{"line":25,"column":8},"end":{"line":25,"column":91}},"type":"cond-expr","locations":[{"start":{"line":25,"column":20},"end":{"line":25,"column":86}},{"start":{"line":25,"column":89},"end":{"line":25,"column":91}}],"line":25},"3":{"loc":{"start":{"line":25,"column":67},"end":{"line":25,"column":82}},"type":"binary-expr","locations":[{"start":{"line":25,"column":67},"end":{"line":25,"column":76}},{"start":{"line":25,"column":80},"end":{"line":25,"column":82}}],"line":25},"4":{"loc":{"start":{"line":26,"column":8},"end":{"line":26,"column":53}},"type":"cond-expr","locations":[{"start":{"line":26,"column":20},"end":{"line":26,"column":48}},{"start":{"line":26,"column":51},"end":{"line":26,"column":53}}],"line":26},"5":{"loc":{"start":{"line":37,"column":2},"end":{"line":37,"column":74}},"type":"if","locations":[{"start":{"line":37,"column":2},"end":{"line":37,"column":74}},{"start":{},"end":{}}],"line":37},"6":{"loc":{"start":{"line":39,"column":2},"end":{"line":42,"column":3}},"type":"if","locations":[{"start":{"line":39,"column":2},"end":{"line":42,"column":3}},{"start":{},"end":{}}],"line":39}},"s":{"0":1,"1":1,"2":1,"3":19,"4":1,"5":2,"6":2,"7":1,"8":5,"9":5,"10":5,"11":5,"12":5,"13":5,"14":5,"15":1,"16":5,"17":1,"18":1,"19":5},"f":{"0":19,"1":2,"2":5},"b":{"0":[1,1],"1":[5],"2":[3,2],"3":[3,0],"4":[3,2],"5":[1,4],"6":[1,4]},"_coverageSchema":"1a1c01bbd47fc00a2c39e90264f33305004495a9","hash":"4cbda6032ae44ea90f075a42ad7aaa07b3ffe0f0"}
,"/home/pcp/Documentos/proyectos/ims_reactnative/utils/format.ts": {"path":"/home/pcp/Documentos/proyectos/ims_reactnative/utils/format.ts","statementMap":{"0":{"start":{"line":1,"column":28},"end":{"line":7,"column":1}},"1":{"start":{"line":2,"column":16},"end":{"line":2,"column":56}},"2":{"start":{"line":3,"column":2},"end":{"line":3,"column":38}},"3":{"start":{"line":3,"column":25},"end":{"line":3,"column":38}},"4":{"start":{"line":4,"column":17},"end":{"line":4,"column":35}},"5":{"start":{"line":5,"column":13},"end":{"line":5,"column":28}},"6":{"start":{"line":6,"column":2},"end":{"line":6,"column":65}},"7":{"start":{"line":9,"column":26},"end":{"line":27,"column":1}},"8":{"start":{"line":10,"column":16},"end":{"line":10,"column":44}},"9":{"start":{"line":11,"column":2},"end":{"line":11,"column":37}},"10":{"start":{"line":11,"column":24},"end":{"line":11,"column":37}},"11":{"start":{"line":12,"column":17},"end":{"line":12,"column":35}},"12":{"start":{"line":13,"column":13},"end":{"line":13,"column":42}},"13":{"start":{"line":15,"column":13},"end":{"line":15,"column":14}},"14":{"start":{"line":16,"column":17},"end":{"line":16,"column":18}},"15":{"start":{"line":18,"column":2},"end":{"line":21,"column":3}},"16":{"start":{"line":18,"column":15},"end":{"line":18,"column":32}},"17":{"start":{"line":19,"column":4},"end":{"line":19,"column":43}},"18":{"start":{"line":20,"column":4},"end":{"line":20,"column":49}},"19":{"start":{"line":23,"column":21},"end":{"line":23,"column":37}},"20":{"start":{"line":24,"column":22},"end":{"line":24,"column":92}},"21":{"start":{"line":26,"column":2},"end":{"line":26,"column":28}},"22":{"start":{"line":29,"column":28},"end":{"line":40,"column":1}},"23":{"start":{"line":30,"column":16},"end":{"line":30,"column":44}},"24":{"start":{"line":31,"column":2},"end":{"line":31,"column":37}},"25":{"start":{"line":31,"column":24},"end":{"line":31,"column":37}},"26":{"start":{"line":32,"column":14},"end":{"line":32,"column":41}},"27":{"start":{"line":33,"column":14},"end":{"line":33,"column":41}},"28":{"start":{"line":34,"column":15},"end":{"line":34,"column":42}},"29":{"start":{"line":35,"column":2},"end":{"line":35,"column":40}},"30":{"start":{"line":35,"column":27},"end":{"line":35,"column":40}},"31":{"start":{"line":36,"column":2},"end":{"line":36,"column":40}},"32":{"start":{"line":36,"column":27},"end":{"line":36,"column":40}},"33":{"start":{"line":37,"column":2},"end":{"line":37,"column":67}},"34":{"start":{"line":37,"column":54},"end":{"line":37,"column":67}},"35":{"start":{"line":38,"column":15},"end":{"line":38,"column":43}},"36":{"start":{"line":39,"column":2},"end":{"line":39,"column":94}},"37":{"start":{"line":42,"column":30},"end":{"line":53,"column":1}},"38":{"start":{"line":43,"column":18},"end":{"line":43,"column":56}},"39":{"start":{"line":44,"column":2},"end":{"line":44,"column":42}},"40":{"start":{"line":44,"column":27},"end":{"line":44,"column":42}},"41":{"start":{"line":45,"column":14},"end":{"line":45,"column":33}},"42":{"start":{"line":46,"column":14},"end":{"line":46,"column":33}},"43":{"start":{"line":47,"column":15},"end":{"line":47,"column":34}},"44":{"start":{"line":48,"column":2},"end":{"line":52,"column":37}},"45":{"start":{"line":55,"column":33},"end":{"line":62,"column":1}},"46":{"start":{"line":56,"column":17},"end":{"line":59,"column":16}},"47":{"start":{"line":60,"column":2},"end":{"line":60,"column":25}},"48":{"start":{"line":60,"column":15},"end":{"line":60,"column":25}},"49":{"start":{"line":61,"column":2},"end":{"line":61,"column":26}},"50":{"start":{"line":64,"column":31},"end":{"line":68,"column":1}},"51":{"start":{"line":65,"column":17},"end":{"line":65,"column":48}},"52":{"start":{"line":67,"column":2},"end":{"line":67,"column":58}},"53":{"start":{"line":70,"column":29},"end":{"line":75,"column":1}},"54":{"start":{"line":71,"column":2},"end":{"line":71,"column":24}},"55":{"start":{"line":71,"column":13},"end":{"line":71,"column":24}},"56":{"start":{"line":72,"column":2},"end":{"line":72,"column":38}},"57":{"start":{"line":72,"column":26},"end":{"line":72,"column":38}},"58":{"start":{"line":73,"column":2},"end":{"line":73,"column":35}},"59":{"start":{"line":73,"column":23},"end":{"line":73,"column":35}},"60":{"start":{"line":74,"column":2},"end":{"line":74,"column":51}},"61":{"start":{"line":77,"column":34},"end":{"line":87,"column":1}},"62":{"start":{"line":78,"column":2},"end":{"line":78,"column":23}},"63":{"start":{"line":78,"column":12},"end":{"line":78,"column":23}},"64":{"start":{"line":79,"column":12},"end":{"line":79,"column":25}},"65":{"start":{"line":80,"column":2},"end":{"line":86,"column":5}}},"fnMap":{"0":{"name":"(anonymous_0)","decl":{"start":{"line":1,"column":28},"end":{"line":1,"column":29}},"loc":{"start":{"line":1,"column":53},"end":{"line":7,"column":1}},"line":1},"1":{"name":"(anonymous_1)","decl":{"start":{"line":9,"column":26},"end":{"line":9,"column":27}},"loc":{"start":{"line":9,"column":52},"end":{"line":27,"column":1}},"line":9},"2":{"name":"(anonymous_2)","decl":{"start":{"line":29,"column":28},"end":{"line":29,"column":29}},"loc":{"start":{"line":29,"column":56},"end":{"line":40,"column":1}},"line":29},"3":{"name":"(anonymous_3)","decl":{"start":{"line":42,"column":30},"end":{"line":42,"column":31}},"loc":{"start":{"line":42,"column":67},"end":{"line":53,"column":1}},"line":42},"4":{"name":"(anonymous_4)","decl":{"start":{"line":55,"column":33},"end":{"line":55,"column":34}},"loc":{"start":{"line":55,"column":63},"end":{"line":62,"column":1}},"line":55},"5":{"name":"(anonymous_5)","decl":{"start":{"line":64,"column":31},"end":{"line":64,"column":32}},"loc":{"start":{"line":64,"column":62},"end":{"line":68,"column":1}},"line":64},"6":{"name":"(anonymous_6)","decl":{"start":{"line":70,"column":29},"end":{"line":70,"column":30}},"loc":{"start":{"line":70,"column":67},"end":{"line":75,"column":1}},"line":70},"7":{"name":"(anonymous_7)","decl":{"start":{"line":77,"column":34},"end":{"line":77,"column":35}},"loc":{"start":{"line":77,"column":59},"end":{"line":87,"column":1}},"line":77}},"branchMap":{"0":{"loc":{"start":{"line":3,"column":2},"end":{"line":3,"column":38}},"type":"if","locations":[{"start":{"line":3,"column":2},"end":{"line":3,"column":38}},{"start":{},"end":{}}],"line":3},"1":{"loc":{"start":{"line":11,"column":2},"end":{"line":11,"column":37}},"type":"if","locations":[{"start":{"line":11,"column":2},"end":{"line":11,"column":37}},{"start":{},"end":{}}],"line":11},"2":{"loc":{"start":{"line":20,"column":15},"end":{"line":20,"column":48}},"type":"cond-expr","locations":[{"start":{"line":20,"column":32},"end":{"line":20,"column":33}},{"start":{"line":20,"column":36},"end":{"line":20,"column":48}}],"line":20},"3":{"loc":{"start":{"line":24,"column":22},"end":{"line":24,"column":92}},"type":"cond-expr","locations":[{"start":{"line":24,"column":42},"end":{"line":24,"column":45}},{"start":{"line":24,"column":48},"end":{"line":24,"column":92}}],"line":24},"4":{"loc":{"start":{"line":24,"column":48},"end":{"line":24,"column":92}},"type":"cond-expr","locations":[{"start":{"line":24,"column":68},"end":{"line":24,"column":71}},{"start":{"line":24,"column":74},"end":{"line":24,"column":92}}],"line":24},"5":{"loc":{"start":{"line":31,"column":2},"end":{"line":31,"column":37}},"type":"if","locations":[{"start":{"line":31,"column":2},"end":{"line":31,"column":37}},{"start":{},"end":{}}],"line":31},"6":{"loc":{"start":{"line":35,"column":2},"end":{"line":35,"column":40}},"type":"if","locations":[{"start":{"line":35,"column":2},"end":{"line":35,"column":40}},{"start":{},"end":{}}],"line":35},"7":{"loc":{"start":{"line":35,"column":6},"end":{"line":35,"column":25}},"type":"binary-expr","locations":[{"start":{"line":35,"column":6},"end":{"line":35,"column":13}},{"start":{"line":35,"column":17},"end":{"line":35,"column":25}}],"line":35},"8":{"loc":{"start":{"line":36,"column":2},"end":{"line":36,"column":40}},"type":"if","locations":[{"start":{"line":36,"column":2},"end":{"line":36,"column":40}},{"start":{},"end":{}}],"line":36},"9":{"loc":{"start":{"line":36,"column":6},"end":{"line":36,"column":25}},"type":"binary-expr","locations":[{"start":{"line":36,"column":6},"end":{"line":36,"column":13}},{"start":{"line":36,"column":17},"end":{"line":36,"column":25}}],"line":36},"10":{"loc":{"start":{"line":37,"column":2},"end":{"line":37,"column":67}},"type":"if","locations":[{"start":{"line":37,"column":2},"end":{"line":37,"column":67}},{"start":{},"end":{}}],"line":37},"11":{"loc":{"start":{"line":37,"column":6},"end":{"line":37,"column":52}},"type":"binary-expr","locations":[{"start":{"line":37,"column":6},"end":{"line":37,"column":17}},{"start":{"line":37,"column":21},"end":{"line":37,"column":52}}],"line":37},"12":{"loc":{"start":{"line":39,"column":9},"end":{"line":39,"column":93}},"type":"binary-expr","locations":[{"start":{"line":39,"column":9},"end":{"line":39,"column":36}},{"start":{"line":39,"column":40},"end":{"line":39,"column":67}},{"start":{"line":39,"column":71},"end":{"line":39,"column":93}}],"line":39},"13":{"loc":{"start":{"line":44,"column":2},"end":{"line":44,"column":42}},"type":"if","locations":[{"start":{"line":44,"column":2},"end":{"line":44,"column":42}},{"start":{},"end":{}}],"line":44},"14":{"loc":{"start":{"line":48,"column":9},"end":{"line":52,"column":36}},"type":"cond-expr","locations":[{"start":{"line":49,"column":6},"end":{"line":49,"column":9}},{"start":{"line":50,"column":6},"end":{"line":52,"column":36}}],"line":48},"15":{"loc":{"start":{"line":50,"column":6},"end":{"line":52,"column":36}},"type":"cond-expr","locations":[{"start":{"line":51,"column":8},"end":{"line":51,"column":23}},{"start":{"line":52,"column":8},"end":{"line":52,"column":36}}],"line":50},"16":{"loc":{"start":{"line":60,"column":2},"end":{"line":60,"column":25}},"type":"if","locations":[{"start":{"line":60,"column":2},"end":{"line":60,"column":25}},{"start":{},"end":{}}],"line":60},"17":{"loc":{"start":{"line":67,"column":9},"end":{"line":67,"column":57}},"type":"binary-expr","locations":[{"start":{"line":67,"column":9},"end":{"line":67,"column":29}},{"start":{"line":67,"column":33},"end":{"line":67,"column":57}}],"line":67},"18":{"loc":{"start":{"line":71,"column":2},"end":{"line":71,"column":24}},"type":"if","locations":[{"start":{"line":71,"column":2},"end":{"line":71,"column":24}},{"start":{},"end":{}}],"line":71},"19":{"loc":{"start":{"line":72,"column":2},"end":{"line":72,"column":38}},"type":"if","locations":[{"start":{"line":72,"column":2},"end":{"line":72,"column":38}},{"start":{},"end":{}}],"line":72},"20":{"loc":{"start":{"line":73,"column":2},"end":{"line":73,"column":35}},"type":"if","locations":[{"start":{"line":73,"column":2},"end":{"line":73,"column":35}},{"start":{},"end":{}}],"line":73},"21":{"loc":{"start":{"line":78,"column":2},"end":{"line":78,"column":23}},"type":"if","locations":[{"start":{"line":78,"column":2},"end":{"line":78,"column":23}},{"start":{},"end":{}}],"line":78}},"s":{"0":2,"1":5,"2":5,"3":1,"4":4,"5":4,"6":4,"7":2,"8":4,"9":4,"10":1,"11":3,"12":3,"13":3,"14":3,"15":3,"16":3,"17":23,"18":23,"19":3,"20":3,"21":3,"22":2,"23":5,"24":5,"25":1,"26":4,"27":4,"28":4,"29":4,"30":1,"31":3,"32":1,"33":2,"34":1,"35":1,"36":1,"37":2,"38":3,"39":3,"40":0,"41":3,"42":3,"43":3,"44":3,"45":2,"46":3,"47":3,"48":1,"49":2,"50":2,"51":3,"52":3,"53":2,"54":3,"55":1,"56":2,"57":1,"58":1,"59":0,"60":1,"61":2,"62":2,"63":1,"64":1,"65":1},"f":{"0":5,"1":4,"2":5,"3":3,"4":3,"5":3,"6":3,"7":2},"b":{"0":[1,4],"1":[1,3],"2":[3,20],"3":[0,3],"4":[1,2],"5":[1,4],"6":[1,3],"7":[4,4],"8":[1,2],"9":[3,3],"10":[1,1],"11":[2,2],"12":[1,1,1],"13":[0,3],"14":[1,2],"15":[1,1],"16":[1,2],"17":[3,2],"18":[1,2],"19":[1,1],"20":[0,1],"21":[1,1]},"_coverageSchema":"1a1c01bbd47fc00a2c39e90264f33305004495a9","hash":"0f362c233cd28f152379aa3585bbef00b79c1bde"}
,"/home/pcp/Documentos/proyectos/ims_reactnative/utils/labels.ts": {"path":"/home/pcp/Documentos/proyectos/ims_reactnative/utils/labels.ts","statementMap":{"0":{"start":{"line":1,"column":27},"end":{"line":9,"column":1}},"1":{"start":{"line":2,"column":40},"end":{"line":7,"column":3}},"2":{"start":{"line":8,"column":2},"end":{"line":8,"column":33}}},"fnMap":{"0":{"name":"(anonymous_0)","decl":{"start":{"line":1,"column":27},"end":{"line":1,"column":28}},"loc":{"start":{"line":1,"column":52},"end":{"line":9,"column":1}},"line":1}},"branchMap":{"0":{"loc":{"start":{"line":8,"column":9},"end":{"line":8,"column":32}},"type":"binary-expr","locations":[{"start":{"line":8,"column":9},"end":{"line":8,"column":19}},{"start":{"line":8,"column":23},"end":{"line":8,"column":32}}],"line":8}},"s":{"0":1,"1":6,"2":6},"f":{"0":6},"b":{"0":[6,2]},"_coverageSchema":"1a1c01bbd47fc00a2c39e90264f33305004495a9","hash":"01e24f540c1e641a3573d210e917cd86fabd0c68"}
}
