TN:
SF:app/index.tsx
FN:5,Index
FNF:1
FNH:1
FNDA:4,Index
DA:6,4
DA:8,4
DA:9,1
DA:16,3
DA:18,2
DA:20,1
LF:6
LH:6
BRDA:8,0,0,1
BRDA:8,0,1,3
BRDA:16,1,0,1
BRDA:16,1,1,2
BRDA:18,2,0,1
BRDA:18,2,1,1
BRF:6
BRH:6
end_of_record
TN:
SF:app/(admin)/_layout.tsx
FN:7,AdminLayout
FN:36,(anonymous_1)
FN:45,(anonymous_2)
FN:54,(anonymous_3)
FN:74,(anonymous_4)
FNF:5
FNH:1
FNDA:3,AdminLayout
FNDA:0,(anonymous_1)
FNDA:0,(anonymous_2)
FNDA:0,(anonymous_3)
FNDA:0,(anonymous_4)
DA:8,3
DA:9,3
DA:11,3
DA:13,1
DA:29,1
DA:37,0
DA:46,0
DA:55,0
DA:75,0
LF:9
LH:5
BRDA:11,0,0,2
BRDA:11,0,1,1
BRDA:11,1,0,3
BRDA:11,1,1,2
BRF:4
BRH:4
end_of_record
TN:
SF:app/(user)/_layout.tsx
FN:10,(anonymous_0)
FN:42,(anonymous_1)
FN:51,(anonymous_2)
FN:61,(anonymous_3)
FNF:4
FNH:1
FNDA:5,(anonymous_0)
FNDA:0,(anonymous_1)
FNDA:0,(anonymous_2)
FNDA:0,(anonymous_3)
DA:10,1
DA:11,5
DA:12,5
DA:14,5
DA:15,2
DA:17,3
DA:32,3
DA:43,0
DA:52,0
DA:62,0
LF:10
LH:7
BRDA:14,0,0,2
BRDA:14,0,1,3
BRDA:14,1,0,5
BRDA:14,1,1,4
BRDA:14,1,2,3
BRDA:14,1,3,2
BRDA:60,2,0,1
BRDA:60,2,1,2
BRF:8
BRH:8
end_of_record
TN:
SF:components/LoginForm.tsx
FN:5,LoginForm
FN:13,handleLogin
FN:51,(anonymous_2)
FN:64,(anonymous_3)
FNF:4
FNH:4
FNDA:11,LoginForm
FNDA:3,handleLogin
FNDA:2,(anonymous_2)
FNDA:1,(anonymous_3)
DA:6,11
DA:7,11
DA:8,11
DA:9,11
DA:10,11
DA:11,11
DA:14,3
DA:15,1
DA:16,1
DA:18,2
DA:19,2
DA:21,2
DA:22,2
DA:23,2
DA:24,2
DA:25,1
DA:26,1
DA:29,1
DA:30,1
DA:32,2
DA:35,11
DA:51,2
DA:64,1
DA:79,1
LF:24
LH:24
BRDA:14,0,0,1
BRDA:14,0,1,2
BRDA:14,1,0,3
BRDA:14,1,1,2
BRDA:24,2,0,1
BRDA:24,2,1,1
BRDA:40,3,0,11
BRDA:40,3,1,2
BRDA:69,4,0,11
BRDA:69,4,1,0
BRDA:73,5,0,0
BRDA:73,5,1,11
BRF:12
BRH:10
end_of_record
TN:
SF:components/user/ControlVitales.tsx
FN:18,PaginaControl
FN:33,(anonymous_1)
FN:48,(anonymous_2)
FN:52,(anonymous_3)
FN:68,(anonymous_4)
FN:72,(anonymous_5)
FN:92,(anonymous_6)
FN:96,(anonymous_7)
FN:109,(anonymous_8)
FN:113,(anonymous_9)
FN:126,(anonymous_10)
FN:130,(anonymous_11)
FN:142,(anonymous_12)
FN:146,(anonymous_13)
FN:159,(anonymous_14)
FN:163,(anonymous_15)
FN:175,(anonymous_16)
FN:179,(anonymous_17)
FN:192,(anonymous_18)
FN:196,(anonymous_19)
FN:212,(anonymous_20)
FN:216,(anonymous_21)
FN:230,ControlVitales
FN:237,(anonymous_23)
FN:279,(anonymous_24)
FN:279,(anonymous_25)
FN:290,(anonymous_26)
FN:290,(anonymous_27)
FNF:28
FNH:20
FNDA:8,PaginaControl
FNDA:5,(anonymous_1)
FNDA:8,(anonymous_2)
FNDA:1,(anonymous_3)
FNDA:8,(anonymous_4)
FNDA:1,(anonymous_5)
FNDA:8,(anonymous_6)
FNDA:0,(anonymous_7)
FNDA:8,(anonymous_8)
FNDA:0,(anonymous_9)
FNDA:8,(anonymous_10)
FNDA:0,(anonymous_11)
FNDA:8,(anonymous_12)
FNDA:0,(anonymous_13)
FNDA:8,(anonymous_14)
FNDA:0,(anonymous_15)
FNDA:8,(anonymous_16)
FNDA:0,(anonymous_17)
FNDA:8,(anonymous_18)
FNDA:0,(anonymous_19)
FNDA:8,(anonymous_20)
FNDA:0,(anonymous_21)
FNDA:14,ControlVitales
FNDA:4,(anonymous_23)
FNDA:1,(anonymous_24)
FNDA:1,(anonymous_25)
FNDA:1,(anonymous_26)
FNDA:1,(anonymous_27)
DA:27,8
DA:28,8
DA:29,8
DA:30,8
DA:31,8
DA:33,8
DA:34,5
DA:37,8
DA:49,8
DA:52,1
DA:69,8
DA:72,1
DA:93,8
DA:96,0
DA:110,8
DA:113,0
DA:127,8
DA:130,0
DA:143,8
DA:146,0
DA:160,8
DA:163,0
DA:176,8
DA:179,0
DA:193,8
DA:196,0
DA:213,8
DA:216,0
DA:231,14
DA:232,14
DA:237,14
DA:238,4
DA:239,4
DA:240,4
DA:241,4
DA:255,4
DA:258,14
DA:279,1
DA:290,1
DA:307,1
LF:40
LH:32
BRDA:27,0,0,8
BRDA:27,0,1,0
BRDA:28,1,0,8
BRDA:28,1,1,0
BRDA:29,2,0,8
BRDA:29,2,1,0
BRDA:40,3,0,8
BRDA:40,3,1,0
BRDA:53,4,0,2
BRDA:53,4,1,6
BRDA:59,5,0,8
BRDA:59,5,1,0
BRDA:73,6,0,1
BRDA:73,6,1,7
BRDA:79,7,0,8
BRDA:79,7,1,0
BRDA:85,8,0,8
BRDA:85,8,1,6
BRDA:97,9,0,0
BRDA:97,9,1,8
BRDA:114,10,0,0
BRDA:114,10,1,8
BRDA:131,11,0,0
BRDA:131,11,1,8
BRDA:147,12,0,0
BRDA:147,12,1,8
BRDA:164,13,0,0
BRDA:164,13,1,8
BRDA:180,14,0,0
BRDA:180,14,1,8
BRDA:197,15,0,0
BRDA:197,15,1,8
BRDA:203,16,0,8
BRDA:203,16,1,0
BRDA:217,17,0,8
BRDA:217,17,1,0
BRDA:223,18,0,8
BRDA:223,18,1,0
BRDA:262,19,0,14
BRDA:262,19,1,6
BRDA:269,20,0,8
BRDA:269,20,1,6
BRDA:275,21,0,6
BRDA:275,21,1,3
BRDA:278,22,0,3
BRDA:278,22,1,1
BRDA:288,23,0,3
BRDA:288,23,1,2
BRF:48
BRH:32
end_of_record
TN:
SF:components/user/FormPaciente.tsx
FN:14,(anonymous_0)
FN:30,(anonymous_1)
FN:36,(anonymous_2)
FN:42,(anonymous_3)
FN:66,(anonymous_4)
FN:84,(anonymous_5)
FN:107,(anonymous_6)
FN:111,(anonymous_7)
FN:128,(anonymous_8)
FN:147,(anonymous_9)
FN:165,(anonymous_10)
FN:191,(anonymous_11)
FN:212,(anonymous_12)
FNF:13
FNH:13
FNDA:64,(anonymous_0)
FNDA:8,(anonymous_1)
FNDA:4,(anonymous_2)
FNDA:4,(anonymous_3)
FNDA:8,(anonymous_4)
FNDA:8,(anonymous_5)
FNDA:9,(anonymous_6)
FNDA:1,(anonymous_7)
FNDA:8,(anonymous_8)
FNDA:8,(anonymous_9)
FNDA:8,(anonymous_10)
FNDA:8,(anonymous_11)
FNDA:8,(anonymous_12)
DA:14,1
DA:23,64
DA:30,1
DA:31,8
DA:32,8
DA:33,8
DA:36,8
DA:37,4
DA:42,8
DA:43,4
DA:44,1
DA:45,1
DA:46,1
DA:47,1
DA:48,1
DA:51,8
DA:67,8
DA:85,8
DA:108,9
DA:111,1
DA:129,8
DA:148,8
DA:166,8
DA:192,8
DA:213,8
DA:228,1
LF:26
LH:26
BRDA:26,0,0,64
BRDA:26,0,1,0
BRDA:32,1,0,8
BRDA:32,1,1,6
BRDA:37,2,0,4
BRDA:37,2,1,0
BRDA:43,3,0,3
BRDA:43,3,1,1
BRDA:45,4,0,1
BRDA:45,4,1,0
BRDA:46,5,0,1
BRDA:46,5,1,0
BRDA:48,6,0,1
BRDA:48,6,1,0
BRDA:54,7,0,8
BRDA:54,7,1,2
BRDA:61,8,0,8
BRDA:61,8,1,0
BRDA:72,9,0,8
BRDA:72,9,1,2
BRDA:79,10,0,8
BRDA:79,10,1,0
BRDA:90,11,0,8
BRDA:90,11,1,2
BRDA:101,12,0,8
BRDA:101,12,1,8
BRDA:101,12,2,0
BRDA:113,13,0,9
BRDA:113,13,1,2
BRDA:133,14,0,8
BRDA:133,14,1,2
BRDA:153,15,0,8
BRDA:153,15,1,2
BRDA:174,16,0,8
BRDA:174,16,1,2
BRDA:185,17,0,8
BRDA:185,17,1,0
BRDA:197,18,0,8
BRDA:197,18,1,2
BRDA:206,19,0,8
BRDA:206,19,1,0
BRF:41
BRH:31
end_of_record
TN:
SF:components/user/InsumosForm.tsx
FN:21,(anonymous_0)
FN:24,(anonymous_1)
FN:28,(anonymous_2)
FN:34,(anonymous_3)
FN:55,(anonymous_4)
FN:63,(anonymous_5)
FN:66,(anonymous_6)
FN:69,(anonymous_7)
FN:70,(anonymous_8)
FN:101,(anonymous_9)
FN:105,(anonymous_10)
FN:127,(anonymous_11)
FN:128,(anonymous_12)
FN:145,(anonymous_13)
FN:153,(anonymous_14)
FN:160,(anonymous_15)
FNF:16
FNH:15
FNDA:8,(anonymous_0)
FNDA:4,(anonymous_1)
FNDA:2,(anonymous_2)
FNDA:1,(anonymous_3)
FNDA:19,(anonymous_4)
FNDA:57,(anonymous_5)
FNDA:12,(anonymous_6)
FNDA:4,(anonymous_7)
FNDA:1,(anonymous_8)
FNDA:5,(anonymous_9)
FNDA:4,(anonymous_10)
FNDA:4,(anonymous_11)
FNDA:4,(anonymous_12)
FNDA:5,(anonymous_13)
FNDA:0,(anonymous_14)
FNDA:4,(anonymous_15)
DA:21,1
DA:22,8
DA:24,8
DA:25,4
DA:28,8
DA:29,2
DA:30,2
DA:31,2
DA:34,8
DA:35,1
DA:36,1
DA:37,1
DA:41,8
DA:55,1
DA:56,19
DA:57,19
DA:58,19
DA:59,19
DA:62,19
DA:63,57
DA:65,19
DA:66,12
DA:69,19
DA:70,4
DA:71,3
DA:76,3
DA:79,19
DA:102,5
DA:105,4
DA:128,4
DA:129,4
DA:146,5
DA:153,0
DA:161,4
DA:180,1
LF:35
LH:34
BRDA:31,0,0,1
BRDA:31,0,1,1
BRDA:35,1,0,1
BRDA:35,1,1,0
BRDA:35,2,0,1
BRDA:35,2,1,0
BRDA:44,3,0,8
BRDA:44,3,1,0
BRDA:50,4,0,8
BRDA:50,4,1,0
BRDA:62,5,0,19
BRDA:62,5,1,0
BRDA:65,6,0,6
BRDA:65,6,1,13
BRDA:70,7,0,1
BRDA:70,7,1,3
BRDA:84,8,0,0
BRDA:84,8,1,19
BRDA:96,9,0,19
BRDA:96,9,1,6
BRDA:98,10,0,1
BRDA:98,10,1,5
BRDA:104,11,0,5
BRDA:104,11,1,0
BRDA:111,12,0,5
BRDA:111,12,1,0
BRDA:121,13,0,19
BRDA:121,13,1,0
BRDA:125,14,0,19
BRDA:125,14,1,4
BRDA:132,15,0,4
BRDA:132,15,1,0
BRF:32
BRH:22
end_of_record
TN:
SF:context/AmbulanciaContext.tsx
FN:23,(anonymous_0)
FN:29,(anonymous_1)
FN:33,(anonymous_2)
FN:42,(anonymous_3)
FN:58,(anonymous_4)
FN:74,(anonymous_5)
FN:81,(anonymous_6)
FNF:7
FNH:6
FNDA:9,(anonymous_0)
FNDA:3,(anonymous_1)
FNDA:3,(anonymous_2)
FNDA:1,(anonymous_3)
FNDA:0,(anonymous_4)
FNDA:9,(anonymous_5)
FNDA:11,(anonymous_6)
DA:21,1
DA:23,1
DA:24,9
DA:25,9
DA:26,9
DA:27,9
DA:29,9
DA:30,3
DA:33,9
DA:34,3
DA:35,3
DA:36,3
DA:37,3
DA:39,2
DA:40,1
DA:41,1
DA:42,1
DA:49,2
DA:50,2
DA:51,2
DA:53,3
DA:57,9
DA:59,0
DA:64,0
DA:67,0
DA:68,0
DA:73,9
DA:74,9
DA:78,9
DA:81,1
DA:82,11
DA:83,11
DA:84,9
LF:33
LH:29
BRDA:30,0,0,3
BRDA:30,0,1,0
BRDA:39,1,0,1
BRDA:39,1,1,1
BRDA:50,2,0,2
BRDA:50,2,1,0
BRDA:61,3,0,0
BRDA:61,3,1,0
BRDA:67,4,0,0
BRDA:67,4,1,0
BRDA:83,5,0,2
BRDA:83,5,1,9
BRF:12
BRH:6
end_of_record
TN:
SF:context/AtencionContext.tsx
FN:27,(anonymous_0)
FN:33,(anonymous_1)
FN:35,(anonymous_2)
FN:41,(anonymous_3)
FN:46,(anonymous_4)
FN:59,(anonymous_5)
FN:86,(anonymous_6)
FN:99,(anonymous_7)
FN:111,(anonymous_8)
FN:121,(anonymous_9)
FN:128,(anonymous_10)
FN:145,(anonymous_11)
FN:154,(anonymous_12)
FN:160,(anonymous_13)
FN:177,(anonymous_14)
FN:200,(anonymous_15)
FNF:16
FNH:13
FNDA:12,(anonymous_0)
FNDA:3,(anonymous_1)
FNDA:0,(anonymous_2)
FNDA:24,(anonymous_3)
FNDA:3,(anonymous_4)
FNDA:3,(anonymous_5)
FNDA:3,(anonymous_6)
FNDA:0,(anonymous_7)
FNDA:1,(anonymous_8)
FNDA:3,(anonymous_9)
FNDA:3,(anonymous_10)
FNDA:2,(anonymous_11)
FNDA:0,(anonymous_12)
FNDA:1,(anonymous_13)
FNDA:12,(anonymous_14)
FNDA:14,(anonymous_15)
DA:25,1
DA:27,1
DA:28,12
DA:29,12
DA:30,12
DA:31,12
DA:33,12
DA:34,3
DA:35,0
DA:36,0
DA:38,3
DA:39,3
DA:40,3
DA:41,3
DA:42,24
DA:43,24
DA:46,3
DA:47,3
DA:48,3
DA:49,3
DA:52,3
DA:59,3
DA:86,3
DA:94,3
DA:98,3
DA:99,2
DA:100,2
DA:101,2
DA:102,1
DA:106,1
DA:108,1
DA:109,1
DA:111,1
DA:112,1
DA:114,2
DA:115,2
DA:117,3
DA:121,12
DA:122,3
DA:123,3
DA:124,3
DA:125,3
DA:126,3
DA:127,2
DA:128,3
DA:136,2
DA:138,1
DA:140,3
DA:144,12
DA:146,2
DA:147,2
DA:148,2
DA:149,2
DA:150,2
DA:152,2
DA:153,2
DA:154,1
DA:155,1
DA:157,1
DA:158,1
DA:160,1
DA:161,1
DA:162,1
DA:163,1
DA:166,1
DA:168,1
DA:169,1
DA:170,1
DA:176,12
DA:177,12
DA:197,12
DA:200,1
DA:201,14
DA:202,14
DA:203,12
LF:75
LH:73
BRDA:34,0,0,0
BRDA:34,0,1,3
BRDA:89,1,0,3
BRDA:89,1,1,0
BRDA:98,2,0,2
BRDA:98,2,1,1
BRDA:101,3,0,1
BRDA:101,3,1,1
BRDA:114,4,0,2
BRDA:114,4,1,0
BRDA:126,5,0,1
BRDA:126,5,1,2
BRDA:133,6,0,3
BRDA:133,6,1,1
BRDA:134,7,0,3
BRDA:134,7,1,1
BRDA:138,8,0,1
BRDA:138,8,1,0
BRDA:148,9,0,0
BRDA:148,9,1,2
BRDA:153,10,0,1
BRDA:153,10,1,1
BRDA:161,11,0,1
BRDA:161,11,1,0
BRDA:161,12,0,1
BRDA:161,12,1,1
BRDA:169,13,0,1
BRDA:169,13,1,0
BRDA:202,14,0,2
BRDA:202,14,1,12
BRF:30
BRH:23
end_of_record
TN:
SF:context/AuthContext.tsx
FN:35,(anonymous_0)
FN:46,AuthProvider
FN:54,(anonymous_2)
FN:55,(anonymous_3)
FN:57,(anonymous_4)
FN:90,(anonymous_5)
FN:123,(anonymous_6)
FN:126,(anonymous_7)
FN:130,login
FN:146,(anonymous_9)
FN:161,totpValid
FN:180,(anonymous_11)
FN:212,(anonymous_12)
FN:242,(anonymous_13)
FN:250,logout
FN:276,useAuth
FNF:16
FNH:10
FNDA:5,(anonymous_0)
FNDA:20,AuthProvider
FNDA:9,(anonymous_2)
FNDA:0,(anonymous_3)
FNDA:9,(anonymous_4)
FNDA:0,(anonymous_5)
FNDA:9,(anonymous_6)
FNDA:0,(anonymous_7)
FNDA:3,login
FNDA:0,(anonymous_9)
FNDA:3,totpValid
FNDA:0,(anonymous_11)
FNDA:1,(anonymous_12)
FNDA:0,(anonymous_13)
FNDA:1,logout
FNDA:20,useAuth
DA:33,1
DA:35,1
DA:36,5
DA:40,5
DA:41,5
DA:42,5
DA:43,5
DA:47,20
DA:48,20
DA:49,20
DA:54,20
DA:55,9
DA:57,9
DA:58,9
DA:59,9
DA:60,9
DA:62,9
DA:63,8
DA:64,8
DA:67,1
DA:69,1
DA:70,1
DA:79,1
DA:81,0
DA:83,9
DA:87,9
DA:89,9
DA:90,9
DA:91,0
DA:93,0
DA:98,0
DA:100,0
DA:102,0
DA:103,0
DA:112,0
DA:113,0
DA:123,9
DA:124,9
DA:125,9
DA:126,9
DA:131,3
DA:132,3
DA:134,3
DA:145,2
DA:146,1
DA:147,1
DA:148,1
DA:151,1
DA:152,1
DA:154,1
DA:156,1
DA:157,1
DA:162,3
DA:164,2
DA:165,2
DA:168,2
DA:179,2
DA:180,1
DA:181,1
DA:182,1
DA:185,1
DA:187,1
DA:188,1
DA:190,1
DA:192,1
DA:193,0
DA:194,0
DA:197,1
DA:198,1
DA:200,1
DA:201,1
DA:203,1
DA:204,1
DA:205,1
DA:206,1
DA:208,1
DA:209,1
DA:210,1
DA:211,1
DA:212,1
DA:213,1
DA:214,1
DA:215,1
DA:216,1
DA:220,0
DA:223,1
DA:229,1
DA:230,1
DA:232,1
DA:240,1
DA:241,1
DA:242,1
DA:243,1
DA:245,0
DA:246,0
DA:251,1
DA:252,1
DA:253,1
DA:255,0
DA:259,20
DA:277,20
DA:278,20
DA:279,20
LF:103
LH:88
BRDA:41,0,0,5
BRDA:41,0,1,0
BRDA:43,1,0,5
BRDA:43,1,1,3
BRDA:62,2,0,8
BRDA:62,2,1,1
BRDA:62,3,0,9
BRDA:62,3,1,1
BRDA:69,4,0,1
BRDA:69,4,1,0
BRDA:91,5,0,0
BRDA:91,5,1,0
BRDA:98,6,0,0
BRDA:98,6,1,0
BRDA:102,7,0,0
BRDA:102,7,1,0
BRDA:112,8,0,0
BRDA:112,8,1,0
BRDA:112,9,0,0
BRDA:112,9,1,0
BRDA:145,10,0,1
BRDA:145,10,1,1
BRDA:152,11,0,1
BRDA:152,11,1,0
BRDA:162,12,0,1
BRDA:162,12,1,2
BRDA:176,13,0,2
BRDA:176,13,1,0
BRDA:179,14,0,1
BRDA:179,14,1,1
BRDA:188,15,0,1
BRDA:188,15,1,0
BRDA:192,16,0,0
BRDA:192,16,1,1
BRDA:201,17,0,1
BRDA:201,17,1,0
BRDA:210,18,0,1
BRDA:210,18,1,0
BRDA:213,19,0,1
BRDA:213,19,1,0
BRDA:214,20,0,1
BRDA:214,20,1,0
BRDA:215,21,0,1
BRDA:215,21,1,0
BRDA:216,22,0,1
BRDA:216,22,1,0
BRDA:229,23,0,1
BRDA:229,23,1,0
BRDA:230,24,0,1
BRDA:230,24,1,0
BRDA:230,24,2,0
BRDA:278,25,0,0
BRDA:278,25,1,20
BRF:53
BRH:27
end_of_record
TN:
SF:context/DespachosContext.tsx
FN:18,(anonymous_0)
FN:28,(anonymous_1)
FN:38,(anonymous_2)
FN:78,(anonymous_3)
FN:84,(anonymous_4)
FN:93,(anonymous_5)
FN:93,(anonymous_6)
FN:97,(anonymous_7)
FN:103,(anonymous_8)
FN:111,(anonymous_9)
FN:114,(anonymous_10)
FN:150,(anonymous_11)
FN:160,(anonymous_12)
FN:170,(anonymous_13)
FN:206,(anonymous_14)
FN:224,(anonymous_15)
FN:242,(anonymous_16)
FN:264,(anonymous_17)
FN:265,(anonymous_18)
FN:265,(anonymous_19)
FN:269,(anonymous_20)
FN:270,(anonymous_21)
FN:275,(anonymous_22)
FN:278,(anonymous_23)
FN:279,(anonymous_24)
FN:284,(anonymous_25)
FN:286,(anonymous_26)
FN:292,(anonymous_27)
FN:295,(anonymous_28)
FNF:29
FNH:18
FNDA:0,(anonymous_0)
FNDA:0,(anonymous_1)
FNDA:24,(anonymous_2)
FNDA:47,(anonymous_3)
FNDA:47,(anonymous_4)
FNDA:0,(anonymous_5)
FNDA:0,(anonymous_6)
FNDA:12,(anonymous_7)
FNDA:13,(anonymous_8)
FNDA:13,(anonymous_9)
FNDA:0,(anonymous_10)
FNDA:0,(anonymous_11)
FNDA:0,(anonymous_12)
FNDA:0,(anonymous_13)
FNDA:0,(anonymous_14)
FNDA:0,(anonymous_15)
FNDA:0,(anonymous_16)
FNDA:1,(anonymous_17)
FNDA:1,(anonymous_18)
FNDA:2,(anonymous_19)
FNDA:3,(anonymous_20)
FNDA:4,(anonymous_21)
FNDA:3,(anonymous_22)
FNDA:2,(anonymous_23)
FNDA:4,(anonymous_24)
FNDA:2,(anonymous_25)
FNDA:3,(anonymous_26)
FNDA:1,(anonymous_27)
FNDA:43,(anonymous_28)
DA:18,1
DA:28,0
DA:38,24
DA:76,1
DA:78,1
DA:79,47
DA:80,47
DA:81,45
DA:84,1
DA:85,47
DA:86,47
DA:87,47
DA:88,47
DA:89,47
DA:90,47
DA:91,47
DA:92,47
DA:93,47
DA:94,47
DA:95,47
DA:97,47
DA:98,12
DA:103,47
DA:104,13
DA:105,12
DA:106,12
DA:108,1
DA:111,47
DA:112,13
DA:113,0
DA:114,0
DA:115,0
DA:117,13
DA:118,13
DA:119,13
DA:120,13
DA:121,13
DA:123,13
DA:124,13
DA:126,0
DA:127,0
DA:128,0
DA:130,13
DA:131,12
DA:133,12
DA:134,0
DA:135,0
DA:137,12
DA:138,12
DA:141,1
DA:142,1
DA:143,1
DA:144,1
DA:146,13
DA:150,47
DA:151,0
DA:152,0
DA:153,0
DA:156,0
DA:157,0
DA:158,0
DA:159,0
DA:160,0
DA:161,0
DA:163,0
DA:165,0
DA:169,47
DA:171,0
DA:172,0
DA:173,0
DA:174,0
DA:176,0
DA:177,0
DA:178,0
DA:179,0
DA:183,0
DA:184,0
DA:200,0
DA:201,0
DA:205,0
DA:206,0
DA:207,0
DA:208,0
DA:210,0
DA:212,0
DA:214,0
DA:223,0
DA:224,0
DA:225,0
DA:226,0
DA:228,0
DA:229,0
DA:232,0
DA:241,0
DA:242,0
DA:243,0
DA:244,0
DA:246,0
DA:248,0
DA:249,0
DA:251,0
DA:254,0
DA:255,0
DA:256,0
DA:258,0
DA:264,47
DA:265,2
DA:268,47
DA:270,4
DA:275,47
DA:277,47
DA:279,4
DA:283,47
DA:285,2
DA:286,3
DA:292,47
DA:294,47
DA:295,43
DA:331,47
LF:119
LH:61
BRDA:23,0,0,0
BRDA:23,0,1,0
BRDA:26,1,0,0
BRDA:26,1,1,0
BRDA:27,2,0,0
BRDA:27,2,1,0
BRDA:28,3,0,0
BRDA:28,3,1,0
BRDA:29,4,0,0
BRDA:29,4,1,0
BRDA:43,5,0,0
BRDA:43,5,1,24
BRDA:45,6,0,24
BRDA:45,6,1,0
BRDA:46,7,0,24
BRDA:46,7,1,24
BRDA:47,8,0,24
BRDA:47,8,1,24
BRDA:48,9,0,24
BRDA:48,9,1,24
BRDA:49,10,0,0
BRDA:49,10,1,24
BRDA:52,11,0,0
BRDA:52,11,1,0
BRDA:53,12,0,0
BRDA:53,12,1,0
BRDA:80,13,0,2
BRDA:80,13,1,45
BRDA:98,14,0,12
BRDA:98,14,1,0
BRDA:104,15,0,12
BRDA:104,15,1,1
BRDA:108,16,0,1
BRDA:108,16,1,0
BRDA:108,17,0,1
BRDA:108,17,1,1
BRDA:112,18,0,0
BRDA:112,18,1,13
BRDA:114,19,0,0
BRDA:114,19,1,0
BRDA:121,20,0,0
BRDA:121,20,1,13
BRDA:124,21,0,0
BRDA:124,21,1,13
BRDA:130,22,0,1
BRDA:130,22,1,12
BRDA:133,23,0,0
BRDA:133,23,1,12
BRDA:142,24,0,1
BRDA:142,24,1,0
BRDA:151,25,0,0
BRDA:151,25,1,0
BRDA:151,26,0,0
BRDA:151,26,1,0
BRDA:158,27,0,0
BRDA:158,27,1,0
BRDA:183,28,0,0
BRDA:183,28,1,0
BRDA:188,29,0,0
BRDA:188,29,1,0
BRDA:197,30,0,0
BRDA:197,30,1,0
BRDA:198,31,0,0
BRDA:198,31,1,0
BRDA:205,32,0,0
BRDA:205,32,1,0
BRDA:223,33,0,0
BRDA:223,33,1,0
BRDA:238,34,0,0
BRDA:238,34,1,0
BRDA:241,35,0,0
BRDA:241,35,1,0
BRDA:255,36,0,0
BRDA:255,36,1,0
BRDA:265,37,0,1
BRDA:265,37,1,1
BRDA:270,38,0,3
BRDA:270,38,1,1
BRDA:275,39,0,3
BRDA:275,39,1,1
BRDA:279,40,0,4
BRDA:279,40,1,2
BRDA:286,41,0,2
BRDA:286,41,1,1
BRDA:286,42,0,3
BRDA:286,42,1,1
BRF:86
BRH:36
end_of_record
TN:
SF:context/GrupoContext.tsx
FN:16,(anonymous_0)
FN:20,(anonymous_1)
FN:34,(anonymous_2)
FN:40,(anonymous_3)
FN:46,(anonymous_4)
FN:52,(anonymous_5)
FN:59,(anonymous_6)
FN:65,(anonymous_7)
FN:70,(anonymous_8)
FN:85,useGrupos
FNF:10
FNH:7
FNDA:25,(anonymous_0)
FNDA:9,(anonymous_1)
FNDA:2,(anonymous_2)
FNDA:0,(anonymous_3)
FNDA:2,(anonymous_4)
FNDA:0,(anonymous_5)
FNDA:2,(anonymous_6)
FNDA:0,(anonymous_7)
FNDA:8,(anonymous_8)
FNDA:26,useGrupos
DA:14,1
DA:16,1
DA:17,25
DA:18,25
DA:20,25
DA:21,9
DA:22,9
DA:23,9
DA:24,9
DA:25,8
DA:26,8
DA:28,1
DA:30,9
DA:34,25
DA:35,2
DA:39,2
DA:40,1
DA:41,1
DA:43,1
DA:46,25
DA:47,2
DA:51,2
DA:52,1
DA:53,1
DA:54,1
DA:55,1
DA:59,25
DA:60,2
DA:64,2
DA:65,1
DA:66,1
DA:70,25
DA:71,8
DA:74,25
DA:86,26
DA:87,26
DA:88,24
LF:37
LH:37
BRDA:24,0,0,1
BRDA:24,0,1,8
BRDA:28,1,0,1
BRDA:28,1,1,0
BRDA:39,2,0,1
BRDA:39,2,1,1
BRDA:41,3,0,1
BRDA:41,3,1,0
BRDA:51,4,0,1
BRDA:51,4,1,1
BRDA:53,5,0,1
BRDA:53,5,1,1
BRDA:64,6,0,1
BRDA:64,6,1,1
BRDA:66,7,0,1
BRDA:66,7,1,1
BRDA:87,8,0,2
BRDA:87,8,1,24
BRF:18
BRH:16
end_of_record
TN:
SF:context/InventoryContext.tsx
FN:35,(anonymous_0)
FN:42,(anonymous_1)
FN:46,(anonymous_2)
FN:63,(anonymous_3)
FN:65,(anonymous_4)
FN:92,(anonymous_5)
FN:97,(anonymous_6)
FN:118,(anonymous_7)
FN:118,(anonymous_8)
FN:121,(anonymous_9)
FN:122,(anonymous_10)
FN:127,(anonymous_11)
FN:140,(anonymous_12)
FN:156,(anonymous_13)
FN:183,(anonymous_14)
FN:201,useInventario
FNF:16
FNH:14
FNDA:42,(anonymous_0)
FNDA:14,(anonymous_1)
FNDA:14,(anonymous_2)
FNDA:0,(anonymous_3)
FNDA:0,(anonymous_4)
FNDA:26,(anonymous_5)
FNDA:26,(anonymous_6)
FNDA:3,(anonymous_7)
FNDA:3,(anonymous_8)
FNDA:2,(anonymous_9)
FNDA:4,(anonymous_10)
FNDA:2,(anonymous_11)
FNDA:2,(anonymous_12)
FNDA:3,(anonymous_13)
FNDA:39,(anonymous_14)
FNDA:41,useInventario
DA:33,1
DA:35,1
DA:36,42
DA:37,42
DA:38,42
DA:39,42
DA:40,42
DA:42,42
DA:43,14
DA:46,42
DA:47,14
DA:48,14
DA:49,14
DA:51,14
DA:52,0
DA:53,0
DA:57,14
DA:58,0
DA:59,0
DA:60,0
DA:62,0
DA:64,0
DA:65,0
DA:78,0
DA:81,14
DA:85,14
DA:86,13
DA:88,13
DA:89,13
DA:91,13
DA:92,26
DA:95,13
DA:97,26
DA:110,1
DA:111,1
DA:112,1
DA:114,14
DA:118,42
DA:120,42
DA:122,4
DA:126,42
DA:128,2
DA:132,2
DA:133,1
DA:139,42
DA:141,2
DA:149,2
DA:150,1
DA:155,42
DA:162,3
DA:171,3
DA:172,2
DA:173,1
DA:175,1
DA:177,1
DA:182,42
DA:183,39
DA:196,42
DA:202,41
DA:203,41
DA:204,39
LF:61
LH:52
BRDA:43,0,0,14
BRDA:43,0,1,0
BRDA:43,1,0,14
BRDA:43,1,1,14
BRDA:51,2,0,0
BRDA:51,2,1,14
BRDA:57,3,0,0
BRDA:57,3,1,14
BRDA:59,4,0,0
BRDA:59,4,1,0
BRDA:64,5,0,0
BRDA:64,5,1,0
BRDA:85,6,0,1
BRDA:85,6,1,13
BRDA:86,7,0,0
BRDA:86,7,1,13
BRDA:104,8,0,26
BRDA:104,8,1,26
BRDA:111,9,0,1
BRDA:111,9,1,0
BRDA:132,10,0,1
BRDA:132,10,1,1
BRDA:149,11,0,1
BRDA:149,11,1,1
BRDA:171,12,0,2
BRDA:171,12,1,1
BRDA:172,13,0,1
BRDA:172,13,1,1
BRDA:203,14,0,2
BRDA:203,14,1,39
BRF:30
BRH:21
end_of_record
TN:
SF:context/NotificationContext.tsx
FN:30,NotificationProvider
FN:36,(anonymous_1)
FN:36,(anonymous_2)
FN:36,(anonymous_3)
FN:40,(anonymous_4)
FN:41,(anonymous_5)
FN:41,(anonymous_6)
FN:45,(anonymous_7)
FN:48,(anonymous_8)
FN:50,(anonymous_9)
FN:60,(anonymous_10)
FN:77,useNotifications
FNF:12
FNH:12
FNDA:11,NotificationProvider
FNDA:1,(anonymous_1)
FNDA:1,(anonymous_2)
FNDA:2,(anonymous_3)
FNDA:1,(anonymous_4)
FNDA:1,(anonymous_5)
FNDA:2,(anonymous_6)
FNDA:5,(anonymous_7)
FNDA:6,(anonymous_8)
FNDA:6,(anonymous_9)
FNDA:6,(anonymous_10)
FNDA:13,useNotifications
DA:28,1
DA:31,11
DA:32,11
DA:33,11
DA:35,11
DA:36,2
DA:40,11
DA:41,2
DA:42,1
DA:45,11
DA:46,5
DA:49,6
DA:50,6
DA:60,6
DA:61,6
DA:62,6
DA:65,5
DA:68,11
DA:78,13
DA:79,13
DA:80,11
LF:21
LH:21
BRDA:49,0,0,6
BRDA:49,0,1,1
BRDA:53,1,0,6
BRDA:53,1,1,1
BRDA:54,2,0,6
BRDA:54,2,1,1
BRDA:62,3,0,6
BRDA:62,3,1,1
BRDA:62,4,0,6
BRDA:62,4,1,1
BRDA:79,5,0,2
BRDA:79,5,1,11
BRF:12
BRH:12
end_of_record
TN:
SF:context/PacienteContext.tsx
FN:23,(anonymous_0)
FN:29,(anonymous_1)
FN:31,(anonymous_2)
FN:49,(anonymous_3)
FN:50,(anonymous_4)
FN:54,(anonymous_5)
FN:54,(anonymous_6)
FN:59,(anonymous_7)
FN:68,usePacientes
FNF:9
FNH:9
FNDA:17,(anonymous_0)
FNDA:6,(anonymous_1)
FNDA:5,(anonymous_2)
FNDA:1,(anonymous_3)
FNDA:1,(anonymous_4)
FNDA:2,(anonymous_5)
FNDA:2,(anonymous_6)
FNDA:17,(anonymous_7)
FNDA:19,usePacientes
DA:21,1
DA:23,1
DA:24,17
DA:25,17
DA:26,17
DA:27,17
DA:29,17
DA:30,6
DA:31,5
DA:32,5
DA:33,5
DA:34,5
DA:35,5
DA:36,5
DA:37,4
DA:38,4
DA:40,1
DA:41,1
DA:43,5
DA:46,5
DA:49,17
DA:50,1
DA:53,17
DA:54,2
DA:58,17
DA:59,17
DA:63,17
DA:69,19
DA:70,19
DA:72,17
LF:30
LH:30
BRDA:30,0,0,1
BRDA:30,0,1,5
BRDA:36,1,0,1
BRDA:36,1,1,4
BRDA:41,2,0,1
BRDA:41,2,1,0
BRDA:70,3,0,2
BRDA:70,3,1,17
BRF:8
BRH:7
end_of_record
TN:
SF:context/PersonalContext.tsx
FN:22,(anonymous_0)
FN:25,(anonymous_1)
FN:31,(anonymous_2)
FN:37,(anonymous_3)
FN:38,(anonymous_4)
FN:51,(anonymous_5)
FN:52,(anonymous_6)
FN:52,(anonymous_7)
FN:56,(anonymous_8)
FN:65,usePersonal
FNF:10
FNH:9
FNDA:10,(anonymous_0)
FNDA:2,(anonymous_1)
FNDA:0,(anonymous_2)
FNDA:5,(anonymous_3)
FNDA:5,(anonymous_4)
FNDA:1,(anonymous_5)
FNDA:1,(anonymous_6)
FNDA:2,(anonymous_7)
FNDA:10,(anonymous_8)
FNDA:12,usePersonal
DA:20,1
DA:22,1
DA:23,10
DA:25,10
DA:26,2
DA:30,2
DA:31,1
DA:32,1
DA:34,1
DA:37,10
DA:38,5
DA:39,5
DA:40,5
DA:41,5
DA:42,4
DA:43,4
DA:45,1
DA:48,5
DA:51,10
DA:52,2
DA:55,10
DA:56,10
DA:60,10
DA:66,12
DA:67,12
DA:68,10
LF:26
LH:26
BRDA:30,0,0,1
BRDA:30,0,1,1
BRDA:32,1,0,1
BRDA:32,1,1,0
BRDA:41,2,0,1
BRDA:41,2,1,4
BRDA:52,3,0,1
BRDA:52,3,1,1
BRDA:67,4,0,2
BRDA:67,4,1,10
BRF:10
BRH:9
end_of_record
TN:
SF:data/constants/ambulanciaEstados.ts
FNF:0
FNH:0
DA:2,1
DA:12,1
LF:2
LH:2
BRF:0
BRH:0
end_of_record
TN:
SF:data/constants/defaultValues.ts
FNF:0
FNH:0
DA:3,2
DA:5,2
DA:22,2
LF:3
LH:3
BRF:0
BRH:0
end_of_record
TN:
SF:data/mock/mockDespachos.ts
FNF:0
FNH:0
DA:28,1
LF:1
LH:1
BRF:0
BRH:0
end_of_record
TN:
SF:styles/globalStyles.ts
FNF:0
FNH:0
DA:3,1
LF:1
LH:1
BRF:0
BRH:0
end_of_record
TN:
SF:utils/api.ts
FN:8,(anonymous_0)
FN:12,(anonymous_1)
FN:17,(anonymous_2)
FNF:3
FNH:3
FNDA:19,(anonymous_0)
FNDA:2,(anonymous_1)
FNDA:5,(anonymous_2)
DA:4,1
DA:6,1
DA:8,1
DA:9,19
DA:12,1
DA:13,2
DA:14,2
DA:17,1
DA:18,5
DA:19,5
DA:20,5
DA:22,5
DA:30,5
DA:36,5
DA:37,5
DA:39,5
DA:40,1
DA:41,1
DA:44,5
LF:19
LH:19
BRDA:4,0,0,1
BRDA:4,0,1,1
BRDA:17,1,0,5
BRDA:25,2,0,3
BRDA:25,2,1,2
BRDA:25,3,0,3
BRDA:25,3,1,0
BRDA:26,4,0,3
BRDA:26,4,1,2
BRDA:37,5,0,1
BRDA:37,5,1,4
BRDA:39,6,0,1
BRDA:39,6,1,4
BRF:13
BRH:12
end_of_record
TN:
SF:utils/format.ts
FN:1,(anonymous_0)
FN:9,(anonymous_1)
FN:29,(anonymous_2)
FN:42,(anonymous_3)
FN:55,(anonymous_4)
FN:64,(anonymous_5)
FN:70,(anonymous_6)
FN:77,(anonymous_7)
FNF:8
FNH:8
FNDA:5,(anonymous_0)
FNDA:4,(anonymous_1)
FNDA:5,(anonymous_2)
FNDA:3,(anonymous_3)
FNDA:3,(anonymous_4)
FNDA:3,(anonymous_5)
FNDA:3,(anonymous_6)
FNDA:2,(anonymous_7)
DA:1,2
DA:2,5
DA:3,5
DA:4,4
DA:5,4
DA:6,4
DA:9,2
DA:10,4
DA:11,4
DA:12,3
DA:13,3
DA:15,3
DA:16,3
DA:18,3
DA:19,23
DA:20,23
DA:23,3
DA:24,3
DA:26,3
DA:29,2
DA:30,5
DA:31,5
DA:32,4
DA:33,4
DA:34,4
DA:35,4
DA:36,3
DA:37,2
DA:38,1
DA:39,1
DA:42,2
DA:43,3
DA:44,3
DA:45,3
DA:46,3
DA:47,3
DA:48,3
DA:55,2
DA:56,3
DA:60,3
DA:61,2
DA:64,2
DA:65,3
DA:67,3
DA:70,2
DA:71,3
DA:72,2
DA:73,1
DA:74,1
DA:77,2
DA:78,2
DA:79,1
DA:80,1
LF:53
LH:53
BRDA:3,0,0,1
BRDA:3,0,1,4
BRDA:11,1,0,1
BRDA:11,1,1,3
BRDA:20,2,0,3
BRDA:20,2,1,20
BRDA:24,3,0,0
BRDA:24,3,1,3
BRDA:24,4,0,1
BRDA:24,4,1,2
BRDA:31,5,0,1
BRDA:31,5,1,4
BRDA:35,6,0,1
BRDA:35,6,1,3
BRDA:35,7,0,4
BRDA:35,7,1,4
BRDA:36,8,0,1
BRDA:36,8,1,2
BRDA:36,9,0,3
BRDA:36,9,1,3
BRDA:37,10,0,1
BRDA:37,10,1,1
BRDA:37,11,0,2
BRDA:37,11,1,2
BRDA:39,12,0,1
BRDA:39,12,1,1
BRDA:39,12,2,1
BRDA:44,13,0,0
BRDA:44,13,1,3
BRDA:48,14,0,1
BRDA:48,14,1,2
BRDA:50,15,0,1
BRDA:50,15,1,1
BRDA:60,16,0,1
BRDA:60,16,1,2
BRDA:67,17,0,3
BRDA:67,17,1,2
BRDA:71,18,0,1
BRDA:71,18,1,2
BRDA:72,19,0,1
BRDA:72,19,1,1
BRDA:73,20,0,0
BRDA:73,20,1,1
BRDA:78,21,0,1
BRDA:78,21,1,1
BRF:45
BRH:42
end_of_record
TN:
SF:utils/labels.ts
FN:1,(anonymous_0)
FNF:1
FNH:1
FNDA:6,(anonymous_0)
DA:1,1
DA:2,6
DA:8,6
LF:3
LH:3
BRDA:8,0,0,6
BRDA:8,0,1,2
BRF:2
BRH:2
end_of_record
